Started by an SCM change
Running as SYSTEM
Building in workspace /var/jenkins_home/workspace/myFirstJob
[WS-CLEANUP] Deleting project workspace...
[WS-CLEANUP] Deferred wipeout is used...
[WS-CLEANUP] Done
The recommended git tool is: NONE
using credential b2397f4f-3a78-49fa-9845-817128195c7a
Cloning the remote Git repository
Cloning repository https://github.com/thainguyendtu/eCommerce.git
 > git init /var/jenkins_home/workspace/myFirstJob # timeout=10
Fetching upstream changes from https://github.com/thainguyendtu/eCommerce.git
 > git --version # timeout=10
 > git --version # 'git version 2.36.2'
using GIT_SSH to set credentials
Verifying host key using known hosts file
You're using 'Known hosts file' strategy to verify ssh host keys, but your known_hosts file does not exist, please go to 'Manage Jenkins' -> 'Security' -> 'Git Host Key Verification Configuration' and configure host key verification.
 > git fetch --tags --force --progress -- https://github.com/thainguyendtu/eCommerce.git +refs/heads/*:refs/remotes/origin/* # timeout=10
 > git config remote.origin.url https://github.com/thainguyendtu/eCommerce.git # timeout=10
 > git config --add remote.origin.fetch +refs/heads/*:refs/remotes/origin/* # timeout=10
Avoid second fetch
 > git rev-parse refs/remotes/origin/main^{commit} # timeout=10
Checking out Revision cbd19aa206289608b7c0375f338b03a5a1570a89 (refs/remotes/origin/main)
 > git config core.sparsecheckout # timeout=10
 > git checkout -f cbd19aa206289608b7c0375f338b03a5a1570a89 # timeout=10
Commit message: "[ECommerce] Fix secutiry configuration."
 > git rev-list --no-walk 5fbb1121887cdff1bbc1687c9e897a6534d7c386 # timeout=10
[myFirstJob] $ /var/jenkins_home/tools/hudson.tasks.Maven_MavenInstallation/maven_3.8.5/bin/mvn -f ecommerce/pom.xml clean compile package
[INFO] Scanning for projects...
[INFO]
[INFO] -----------------< com.udacity.jdnd.course4:ecommerce >-----------------
[INFO] Building ecommerce 0.0.1-SNAPSHOT
[INFO] --------------------------------[ war ]---------------------------------
[INFO]
[INFO] --- maven-clean-plugin:3.1.0:clean (default-clean) @ ecommerce ---
[INFO]
[INFO] --- maven-resources-plugin:3.1.0:resources (default-resources) @ ecommerce ---
[INFO] Using 'UTF-8' encoding to copy filtered resources.
[INFO] Copying 1 resource
[INFO] Copying 0 resource
[INFO]
[INFO] --- maven-compiler-plugin:3.8.1:compile (default-compile) @ ecommerce ---
[INFO] Changes detected - recompiling the module!
[INFO] Compiling 24 source files to /var/jenkins_home/workspace/myFirstJob/ecommerce/target/classes
[INFO]
[INFO] --- maven-resources-plugin:3.1.0:resources (default-resources) @ ecommerce ---
[INFO] Using 'UTF-8' encoding to copy filtered resources.
[INFO] Copying 1 resource
[INFO] Copying 0 resource
[INFO]
[INFO] --- maven-compiler-plugin:3.8.1:compile (default-compile) @ ecommerce ---
[INFO] Changes detected - recompiling the module!
[INFO] Compiling 24 source files to /var/jenkins_home/workspace/myFirstJob/ecommerce/target/classes
[INFO]
[INFO] --- maven-resources-plugin:3.1.0:testResources (default-testResources) @ ecommerce ---
[INFO] Using 'UTF-8' encoding to copy filtered resources.
[INFO] skip non existing resourceDirectory /var/jenkins_home/workspace/myFirstJob/ecommerce/src/test/resources
[INFO]
[INFO] --- maven-compiler-plugin:3.8.1:testCompile (default-testCompile) @ ecommerce ---
[INFO] Changes detected - recompiling the module!
[INFO] Compiling 9 source files to /var/jenkins_home/workspace/myFirstJob/ecommerce/target/test-classes
[INFO] /var/jenkins_home/workspace/myFirstJob/ecommerce/src/test/java/com/udacity/jdnd/course4/ecommerce/InjectMockUtils.java: /var/jenkins_home/workspace/myFirstJob/ecommerce/src/test/java/com/udacity/jdnd/course4/ecommerce/InjectMockUtils.java uses or overrides a deprecated API.
[INFO] /var/jenkins_home/workspace/myFirstJob/ecommerce/src/test/java/com/udacity/jdnd/course4/ecommerce/InjectMockUtils.java: Recompile with -Xlint:deprecation for details.
[INFO]
[INFO] --- maven-surefire-plugin:2.22.2:test (default-test) @ ecommerce ---
[INFO]
[INFO] -------------------------------------------------------
[INFO]  T E S T S
[INFO] -------------------------------------------------------
[INFO] Running com.udacity.jdnd.course4.ecommerce.services.OrderServiceTest
15:30:33.051 [main] ERROR com.udacity.jdnd.course4.ecommerce.service.OrderService - User not found.
15:30:33.139 [main] ERROR com.udacity.jdnd.course4.ecommerce.service.OrderService - Create user's order success.
15:30:33.153 [main] ERROR com.udacity.jdnd.course4.ecommerce.service.OrderService - User not found.
15:30:33.154 [main] ERROR com.udacity.jdnd.course4.ecommerce.service.OrderService - User not found.
15:30:33.156 [main] ERROR com.udacity.jdnd.course4.ecommerce.service.OrderService - Create user's order success.
[INFO] Tests run: 4, Failures: 0, Errors: 0, Skipped: 0, Time elapsed: 1.776 s - in com.udacity.jdnd.course4.ecommerce.services.OrderServiceTest
[INFO] Running com.udacity.jdnd.course4.ecommerce.services.UserServiceTest
[INFO] Tests run: 3, Failures: 0, Errors: 0, Skipped: 0, Time elapsed: 0.168 s - in com.udacity.jdnd.course4.ecommerce.services.UserServiceTest
[INFO] Running com.udacity.jdnd.course4.ecommerce.services.CartServiceTest
15:30:33.546 [main] ERROR com.udacity.jdnd.course4.ecommerce.service.CartService - User not found.
[INFO] Tests run: 3, Failures: 0, Errors: 0, Skipped: 0, Time elapsed: 0.114 s - in com.udacity.jdnd.course4.ecommerce.services.CartServiceTest
[INFO] Running com.udacity.jdnd.course4.ecommerce.services.ItemServiceTest
[INFO] Tests run: 3, Failures: 0, Errors: 0, Skipped: 0, Time elapsed: 0.012 s - in com.udacity.jdnd.course4.ecommerce.services.ItemServiceTest
[INFO] Running com.udacity.jdnd.course4.ecommerce.ECommerceApplicationTests

  .   ____          _            __ _ _
 /\\ / ___'_ __ _ _(_)_ __  __ _ \ \ \ \
( ( )\___ | '_ | '_| | '_ \/ _` | \ \ \ \
 \\/  ___)| |_)| | | | | || (_| |  ) ) ) )
  '  |____| .__|_| |_|_| |_\__, | / / / /
 =========|_|==============|___/=/_/_/_/
 :: Spring Boot ::        (v2.3.2.RELEASE)

2023-12-13 15:30:34.866  INFO 4147 --- [           main] c.u.j.c.e.ECommerceApplicationTests      : Starting ECommerceApplicationTests on bbbb75e6c12b with PID 4147 (started by root in /var/jenkins_home/workspace/myFirstJob/ecommerce)
2023-12-13 15:30:34.869  INFO 4147 --- [           main] c.u.j.c.e.ECommerceApplicationTests      : No active profile set, falling back to default profiles: default
2023-12-13 15:30:36.635  INFO 4147 --- [           main] .s.d.r.c.RepositoryConfigurationDelegate : Bootstrapping Spring Data JPA repositories in DEFERRED mode.
2023-12-13 15:30:36.860  INFO 4147 --- [           main] .s.d.r.c.RepositoryConfigurationDelegate : Finished Spring Data repository scanning in 204ms. Found 4 JPA repository interfaces.
2023-12-13 15:30:38.190  INFO 4147 --- [           main] o.s.s.c.ThreadPoolTaskExecutor           : Initializing ExecutorService 'applicationTaskExecutor'
2023-12-13 15:30:38.217  INFO 4147 --- [           main] c.z.h.HikariDataSource                   : HikariPool-1 - Starting...
2023-12-13 15:30:38.724  INFO 4147 --- [           main] c.z.h.HikariDataSource                   : HikariPool-1 - Start completed.
2023-12-13 15:30:38.895  INFO 4147 --- [         task-1] o.h.j.i.u.LogHelper                      : HHH000204: Processing PersistenceUnitInfo [name: default]
2023-12-13 15:30:39.152  INFO 4147 --- [         task-1] o.h.Version                              : HHH000412: Hibernate ORM core version 5.4.18.Final
2023-12-13 15:30:39.200  WARN 4147 --- [           main] JpaBaseConfiguration$JpaWebConfiguration : spring.jpa.open-in-view is enabled by default. Therefore, database queries may be performed during view rendering. Explicitly configure spring.jpa.open-in-view to disable this warning
2023-12-13 15:30:39.356  INFO 4147 --- [         task-1] o.h.a.c.Version                          : HCANN000001: Hibernate Commons Annotations {5.1.0.Final}
2023-12-13 15:30:39.773  INFO 4147 --- [         task-1] o.h.d.Dialect                            : HHH000400: Using dialect: org.hibernate.dialect.H2Dialect
2023-12-13 15:30:41.037  INFO 4147 --- [           main] o.s.s.w.DefaultSecurityFilterChain       : Creating filter chain: any request, [org.springframework.security.web.context.request.async.WebAsyncManagerIntegrationFilter@6212ea52, org.springframework.security.web.context.SecurityContextPersistenceFilter@b76b7d8, org.springframework.security.web.header.HeaderWriterFilter@30ef32eb, org.springframework.web.filter.CorsFilter@65b5b5ed, org.springframework.security.web.authentication.logout.LogoutFilter@7d95166a, com.udacity.jdnd.course4.ecommerce.security.JWTAuthenticationFilter@6595ffce, com.udacity.jdnd.course4.ecommerce.security.JWTAuthenticationVerficationFilter@795eddda, org.springframework.security.web.savedrequest.RequestCacheAwareFilter@29bd2796, org.springframework.security.web.servletapi.SecurityContextHolderAwareRequestFilter@eebc0db, org.springframework.security.web.authentication.AnonymousAuthenticationFilter@c6bf8d9, org.springframework.security.web.session.SessionManagementFilter@391dfe7c, org.springframework.security.web.access.ExceptionTranslationFilter@2f8f40cc, org.springframework.security.web.access.intercept.FilterSecurityInterceptor@3beaa16d]
2023-12-13 15:30:41.509  INFO 4147 --- [         task-1] o.h.e.t.j.p.i.JtaPlatformInitiator       : HHH000490: Using JtaPlatform implementation: [org.hibernate.engine.transaction.jta.platform.internal.NoJtaPlatform]
2023-12-13 15:30:41.552  INFO 4147 --- [         task-1] j.LocalContainerEntityManagerFactoryBean : Initialized JPA EntityManagerFactory for persistence unit 'default'
2023-12-13 15:30:42.001  INFO 4147 --- [           main] DeferredRepositoryInitializationListener : Triggering deferred initialization of Spring Data repositoriesâ€¦
2023-12-13 15:30:42.534  INFO 4147 --- [           main] DeferredRepositoryInitializationListener : Spring Data repositories initialized!
2023-12-13 15:30:42.544  INFO 4147 --- [           main] c.u.j.c.e.ECommerceApplicationTests      : Started ECommerceApplicationTests in 8.895 seconds (JVM running for 15.237)
[INFO] Tests run: 1, Failures: 0, Errors: 0, Skipped: 0, Time elapsed: 9.011 s - in com.udacity.jdnd.course4.ecommerce.ECommerceApplicationTests
[INFO] Running com.udacity.jdnd.course4.ecommerce.persistence.ItemTest
[INFO] Tests run: 2, Failures: 0, Errors: 0, Skipped: 0, Time elapsed: 0.001 s - in com.udacity.jdnd.course4.ecommerce.persistence.ItemTest
[INFO] Running com.udacity.jdnd.course4.ecommerce.security.UserDetailsServiceImplTest
[INFO] Tests run: 1, Failures: 0, Errors: 0, Skipped: 0, Time elapsed: 0 s - in com.udacity.jdnd.course4.ecommerce.security.UserDetailsServiceImplTest
2023-12-13 15:30:42.635  INFO 4147 --- [extShutdownHook] j.LocalContainerEntityManagerFactoryBean : Closing JPA EntityManagerFactory for persistence unit 'default'
2023-12-13 15:30:42.635  INFO 4147 --- [extShutdownHook] .SchemaDropperImpl$DelayedDropActionImpl : HHH000477: Starting delayed evictData of schema as part of SessionFactory shut-down'
2023-12-13 15:30:42.657  INFO 4147 --- [extShutdownHook] o.s.s.c.ThreadPoolTaskExecutor           : Shutting down ExecutorService 'applicationTaskExecutor'
2023-12-13 15:30:42.658  INFO 4147 --- [extShutdownHook] c.z.h.HikariDataSource                   : HikariPool-1 - Shutdown initiated...
2023-12-13 15:30:42.668  INFO 4147 --- [extShutdownHook] c.z.h.HikariDataSource                   : HikariPool-1 - Shutdown completed.
[INFO]
[INFO] Results:
[INFO]
[INFO] Tests run: 17, Failures: 0, Errors: 0, Skipped: 0
[INFO]
[INFO]
[INFO] --- maven-war-plugin:3.2.3:war (default-war) @ ecommerce ---
Downloading from central: https://repo.maven.apache.org/maven2/org/apache/maven/maven-archiver/3.4.0/maven-archiver-3.4.0.pom
Progress (1): 2.8/4.6 kB
Progress (1): 4.6 kB

Downloaded from central: https://repo.maven.apache.org/maven2/org/apache/maven/maven-archiver/3.4.0/maven-archiver-3.4.0.pom (4.6 kB at 16 kB/s)
Downloading from central: https://repo.maven.apache.org/maven2/org/apache/maven/shared/maven-shared-components/33/maven-shared-components-33.pom
Progress (1): 2.8/5.1 kB
Progress (1): 5.1 kB

Downloaded from central: https://repo.maven.apache.org/maven2/org/apache/maven/shared/maven-shared-components/33/maven-shared-components-33.pom (5.1 kB at 340 kB/s)
Downloading from central: https://repo.maven.apache.org/maven2/org/codehaus/plexus/plexus-archiver/4.1.0/plexus-archiver-4.1.0.pom
Progress (1): 2.8/4.8 kB
Progress (1): 4.8 kB

Downloaded from central: https://repo.maven.apache.org/maven2/org/codehaus/plexus/plexus-archiver/4.1.0/plexus-archiver-4.1.0.pom (4.8 kB at 302 kB/s)
Downloading from central: https://repo.maven.apache.org/maven2/org/codehaus/plexus/plexus-utils/3.1.1/plexus-utils-3.1.1.pom
Progress (1): 2.8/5.1 kB
Progress (1): 5.1 kB

Downloaded from central: https://repo.maven.apache.org/maven2/org/codehaus/plexus/plexus-utils/3.1.1/plexus-utils-3.1.1.pom (5.1 kB at 461 kB/s)
Downloading from central: https://repo.maven.apache.org/maven2/org/codehaus/plexus/plexus-io/3.1.1/plexus-io-3.1.1.pom
Progress (1): 2.8/4.5 kB
Progress (1): 4.5 kB

Downloaded from central: https://repo.maven.apache.org/maven2/org/codehaus/plexus/plexus-io/3.1.1/plexus-io-3.1.1.pom (4.5 kB at 379 kB/s)
Downloading from central: https://repo.maven.apache.org/maven2/org/apache/commons/commons-compress/1.18/commons-compress-1.18.pom
Progress (1): 2.8/18 kB
Progress (1): 5.5/18 kB
Progress (1): 8.3/18 kB
Progress (1): 11/18 kB
Progress (1): 14/18 kB
Progress (1): 17/18 kB
Progress (1): 18 kB

Downloaded from central: https://repo.maven.apache.org/maven2/org/apache/commons/commons-compress/1.18/commons-compress-1.18.pom (18 kB at 911 kB/s)
Downloading from central: https://repo.maven.apache.org/maven2/org/apache/commons/commons-parent/47/commons-parent-47.pom
Progress (1): 4.1/78 kB
Progress (1): 8.2/78 kB
Progress (1): 12/78 kB
Progress (1): 16/78 kB
Progress (1): 20/78 kB
Progress (1): 25/78 kB
Progress (1): 29/78 kB
Progress (1): 33/78 kB
Progress (1): 37/78 kB
Progress (1): 41/78 kB
Progress (1): 45/78 kB
Progress (1): 49/78 kB
Progress (1): 53/78 kB
Progress (1): 57/78 kB
Progress (1): 61/78 kB
Progress (1): 66/78 kB
Progress (1): 70/78 kB
Progress (1): 74/78 kB
Progress (1): 78 kB

Downloaded from central: https://repo.maven.apache.org/maven2/org/apache/commons/commons-parent/47/commons-parent-47.pom (78 kB at 2.9 MB/s)
Downloading from central: https://repo.maven.apache.org/maven2/org/iq80/snappy/snappy/0.4/snappy-0.4.pom
Progress (1): 4.1/15 kB
Progress (1): 8.2/15 kB
Progress (1): 12/15 kB
Progress (1): 15 kB

Downloaded from central: https://repo.maven.apache.org/maven2/org/iq80/snappy/snappy/0.4/snappy-0.4.pom (15 kB at 1.8 MB/s)
Downloading from central: https://repo.maven.apache.org/maven2/org/tukaani/xz/1.8/xz-1.8.pom
Progress (1): 1.9 kB

Downloaded from central: https://repo.maven.apache.org/maven2/org/tukaani/xz/1.8/xz-1.8.pom (1.9 kB at 173 kB/s)
Downloading from central: https://repo.maven.apache.org/maven2/org/codehaus/plexus/plexus-interpolation/1.25/plexus-interpolation-1.25.pom
Progress (1): 2.6 kB

Downloaded from central: https://repo.maven.apache.org/maven2/org/codehaus/plexus/plexus-interpolation/1.25/plexus-interpolation-1.25.pom (2.6 kB at 294 kB/s)
Downloading from central: https://repo.maven.apache.org/maven2/com/thoughtworks/xstream/xstream/1.4.10/xstream-1.4.10.pom
Progress (1): 4.1/15 kB
Progress (1): 8.2/15 kB
Progress (1): 12/15 kB
Progress (1): 15 kB

Downloaded from central: https://repo.maven.apache.org/maven2/com/thoughtworks/xstream/xstream/1.4.10/xstream-1.4.10.pom (15 kB at 1.5 MB/s)
Downloading from central: https://repo.maven.apache.org/maven2/com/thoughtworks/xstream/xstream-parent/1.4.10/xstream-parent-1.4.10.pom
Progress (1): 4.1/35 kB
Progress (1): 8.2/35 kB
Progress (1): 12/35 kB
Progress (1): 16/35 kB
Progress (1): 20/35 kB
Progress (1): 24/35 kB
Progress (1): 28/35 kB
Progress (1): 32/35 kB
Progress (1): 35 kB

Downloaded from central: https://repo.maven.apache.org/maven2/com/thoughtworks/xstream/xstream-parent/1.4.10/xstream-parent-1.4.10.pom (35 kB at 2.2 MB/s)
Downloading from central: https://repo.maven.apache.org/maven2/xmlpull/xmlpull/1.1.3.1/xmlpull-1.1.3.1.pom
Progress (1): 386 B

Downloaded from central: https://repo.maven.apache.org/maven2/xmlpull/xmlpull/1.1.3.1/xmlpull-1.1.3.1.pom (386 B at 48 kB/s)
Downloading from central: https://repo.maven.apache.org/maven2/xpp3/xpp3_min/1.1.4c/xpp3_min-1.1.4c.pom
Progress (1): 1.6 kB

Downloaded from central: https://repo.maven.apache.org/maven2/xpp3/xpp3_min/1.1.4c/xpp3_min-1.1.4c.pom (1.6 kB at 201 kB/s)
Downloading from central: https://repo.maven.apache.org/maven2/org/codehaus/plexus/plexus-utils/3.2.0/plexus-utils-3.2.0.pom
Progress (1): 4.1/4.8 kB
Progress (1): 4.8 kB

Downloaded from central: https://repo.maven.apache.org/maven2/org/codehaus/plexus/plexus-utils/3.2.0/plexus-utils-3.2.0.pom (4.8 kB at 689 kB/s)
Downloading from central: https://repo.maven.apache.org/maven2/org/apache/maven/shared/maven-mapping/3.0.0/maven-mapping-3.0.0.pom
Progress (1): 4.1/4.1 kB
Progress (1): 4.1 kB

Downloaded from central: https://repo.maven.apache.org/maven2/org/apache/maven/shared/maven-mapping/3.0.0/maven-mapping-3.0.0.pom (4.1 kB at 414 kB/s)
Downloading from central: https://repo.maven.apache.org/maven2/org/apache/maven/shared/maven-shared-components/22/maven-shared-components-22.pom
Progress (1): 4.1/5.1 kB
Progress (1): 5.1 kB

Downloaded from central: https://repo.maven.apache.org/maven2/org/apache/maven/shared/maven-shared-components/22/maven-shared-components-22.pom (5.1 kB at 568 kB/s)
Downloading from central: https://repo.maven.apache.org/maven2/org/apache/maven/maven-parent/27/maven-parent-27.pom
Progress (1): 4.1/41 kB
Progress (1): 8.2/41 kB
Progress (1): 12/41 kB
Progress (1): 16/41 kB
Progress (1): 20/41 kB
Progress (1): 25/41 kB
Progress (1): 29/41 kB
Progress (1): 33/41 kB
Progress (1): 37/41 kB
Progress (1): 41 kB

Downloaded from central: https://repo.maven.apache.org/maven2/org/apache/maven/maven-parent/27/maven-parent-27.pom (41 kB at 4.5 MB/s)
Downloading from central: https://repo.maven.apache.org/maven2/org/apache/apache/17/apache-17.pom
Progress (1): 4.1/16 kB
Progress (1): 8.2/16 kB
Progress (1): 12/16 kB
Progress (1): 16/16 kB
Progress (1): 16 kB

Downloaded from central: https://repo.maven.apache.org/maven2/org/apache/apache/17/apache-17.pom (16 kB at 2.0 MB/s)
Downloading from central: https://repo.maven.apache.org/maven2/org/codehaus/plexus/plexus-interpolation/1.21/plexus-interpolation-1.21.pom
Progress (1): 1.5 kB

Downloaded from central: https://repo.maven.apache.org/maven2/org/codehaus/plexus/plexus-interpolation/1.21/plexus-interpolation-1.21.pom (1.5 kB at 257 kB/s)
Downloading from central: https://repo.maven.apache.org/maven2/org/apache/maven/maven-archiver/3.4.0/maven-archiver-3.4.0.jar
Progress (1): 4.1/24 kB

Downloading from central: https://repo.maven.apache.org/maven2/org/codehaus/plexus/plexus-archiver/4.1.0/plexus-archiver-4.1.0.jar
Progress (1): 8.2/24 kB
Progress (1): 12/24 kB
Progress (1): 16/24 kB
Progress (1): 20/24 kB
Progress (1): 24 kB

Downloading from central: https://repo.maven.apache.org/maven2/org/apache/commons/commons-compress/1.18/commons-compress-1.18.jar
Downloading from central: https://repo.maven.apache.org/maven2/org/codehaus/plexus/plexus-io/3.1.1/plexus-io-3.1.1.jar
Downloading from central: https://repo.maven.apache.org/maven2/org/iq80/snappy/snappy/0.4/snappy-0.4.jar
Progress (2): 24 kB | 4.1/192 kB
Progress (2): 24 kB | 8.2/192 kB
Progress (2): 24 kB | 12/192 kB
Progress (2): 24 kB | 16/192 kB
Progress (2): 24 kB | 20/192 kB
Progress (2): 24 kB | 25/192 kB
Progress (2): 24 kB | 29/192 kB
Progress (2): 24 kB | 33/192 kB
Progress (2): 24 kB | 37/192 kB
Progress (2): 24 kB | 41/192 kB
Progress (2): 24 kB | 45/192 kB
Progress (2): 24 kB | 49/192 kB
Progress (2): 24 kB | 53/192 kB
Progress (2): 24 kB | 57/192 kB
Progress (2): 24 kB | 61/192 kB
Progress (2): 24 kB | 66/192 kB
Progress (2): 24 kB | 70/192 kB
Progress (2): 24 kB | 74/192 kB
Progress (2): 24 kB | 78/192 kB
Progress (2): 24 kB | 82/192 kB
Progress (2): 24 kB | 86/192 kB
Progress (2): 24 kB | 90/192 kB
Progress (2): 24 kB | 94/192 kB
Progress (2): 24 kB | 98/192 kB
Progress (2): 24 kB | 102/192 kB
Progress (2): 24 kB | 106/192 kB
Progress (2): 24 kB | 111/192 kB
Progress (3): 24 kB | 111/192 kB | 4.1/75 kB
Progress (3): 24 kB | 111/192 kB | 8.2/75 kB
Progress (3): 24 kB | 111/192 kB | 12/75 kB
Progress (3): 24 kB | 111/192 kB | 16/75 kB
Progress (3): 24 kB | 111/192 kB | 20/75 kB

Downloaded from central: https://repo.maven.apache.org/maven2/org/apache/maven/maven-archiver/3.4.0/maven-archiver-3.4.0.jar (24 kB at 381 kB/s)
Downloading from central: https://repo.maven.apache.org/maven2/org/tukaani/xz/1.8/xz-1.8.jar
Progress (3): 111/192 kB | 20/75 kB | 2.8/592 kB
Progress (3): 111/192 kB | 20/75 kB | 5.5/592 kB
Progress (3): 111/192 kB | 20/75 kB | 8.3/592 kB
Progress (3): 111/192 kB | 20/75 kB | 11/592 kB
Progress (3): 111/192 kB | 20/75 kB | 14/592 kB
Progress (3): 111/192 kB | 20/75 kB | 16/592 kB
Progress (3): 111/192 kB | 20/75 kB | 20/592 kB
Progress (3): 111/192 kB | 20/75 kB | 24/592 kB
Progress (4): 111/192 kB | 20/75 kB | 24/592 kB | 2.8/58 kB
Progress (4): 111/192 kB | 20/75 kB | 24/592 kB | 5.5/58 kB
Progress (4): 111/192 kB | 20/75 kB | 24/592 kB | 8.3/58 kB
Progress (4): 111/192 kB | 20/75 kB | 24/592 kB | 11/58 kB
Progress (4): 111/192 kB | 20/75 kB | 24/592 kB | 14/58 kB
Progress (4): 111/192 kB | 20/75 kB | 24/592 kB | 17/58 kB
Progress (4): 111/192 kB | 20/75 kB | 24/592 kB | 19/58 kB
Progress (4): 115/192 kB | 20/75 kB | 24/592 kB | 19/58 kB
Progress (4): 119/192 kB | 20/75 kB | 24/592 kB | 19/58 kB
Progress (4): 123/192 kB | 20/75 kB | 24/592 kB | 19/58 kB
Progress (4): 127/192 kB | 20/75 kB | 24/592 kB | 19/58 kB
Progress (4): 127/192 kB | 25/75 kB | 24/592 kB | 19/58 kB
Progress (4): 127/192 kB | 29/75 kB | 24/592 kB | 19/58 kB
Progress (4): 127/192 kB | 33/75 kB | 24/592 kB | 19/58 kB
Progress (4): 127/192 kB | 37/75 kB | 24/592 kB | 19/58 kB
Progress (5): 127/192 kB | 37/75 kB | 24/592 kB | 19/58 kB | 2.8/109 kB
Progress (5): 127/192 kB | 37/75 kB | 24/592 kB | 19/58 kB | 5.5/109 kB
Progress (5): 127/192 kB | 37/75 kB | 24/592 kB | 19/58 kB | 8.3/109 kB
Progress (5): 127/192 kB | 37/75 kB | 24/592 kB | 19/58 kB | 11/109 kB
Progress (5): 127/192 kB | 37/75 kB | 24/592 kB | 19/58 kB | 14/109 kB
Progress (5): 127/192 kB | 37/75 kB | 24/592 kB | 19/58 kB | 16/109 kB
Progress (5): 127/192 kB | 37/75 kB | 24/592 kB | 19/58 kB | 20/109 kB
Progress (5): 127/192 kB | 37/75 kB | 24/592 kB | 19/58 kB | 24/109 kB
Progress (5): 127/192 kB | 37/75 kB | 24/592 kB | 19/58 kB | 28/109 kB
Progress (5): 127/192 kB | 37/75 kB | 28/592 kB | 19/58 kB | 28/109 kB
Progress (5): 127/192 kB | 37/75 kB | 32/592 kB | 19/58 kB | 28/109 kB
Progress (5): 127/192 kB | 37/75 kB | 36/592 kB | 19/58 kB | 28/109 kB
Progress (5): 127/192 kB | 37/75 kB | 40/592 kB | 19/58 kB | 28/109 kB
Progress (5): 127/192 kB | 37/75 kB | 45/592 kB | 19/58 kB | 28/109 kB
Progress (5): 127/192 kB | 37/75 kB | 49/592 kB | 19/58 kB | 28/109 kB
Progress (5): 127/192 kB | 37/75 kB | 53/592 kB | 19/58 kB | 28/109 kB
Progress (5): 127/192 kB | 37/75 kB | 53/592 kB | 22/58 kB | 28/109 kB
Progress (5): 127/192 kB | 37/75 kB | 53/592 kB | 25/58 kB | 28/109 kB
Progress (5): 131/192 kB | 37/75 kB | 53/592 kB | 25/58 kB | 28/109 kB
Progress (5): 135/192 kB | 37/75 kB | 53/592 kB | 25/58 kB | 28/109 kB
Progress (5): 139/192 kB | 37/75 kB | 53/592 kB | 25/58 kB | 28/109 kB
Progress (5): 143/192 kB | 37/75 kB | 53/592 kB | 25/58 kB | 28/109 kB
Progress (5): 147/192 kB | 37/75 kB | 53/592 kB | 25/58 kB | 28/109 kB
Progress (5): 147/192 kB | 41/75 kB | 53/592 kB | 25/58 kB | 28/109 kB
Progress (5): 147/192 kB | 45/75 kB | 53/592 kB | 25/58 kB | 28/109 kB
Progress (5): 147/192 kB | 49/75 kB | 53/592 kB | 25/58 kB | 28/109 kB
Progress (5): 147/192 kB | 53/75 kB | 53/592 kB | 25/58 kB | 28/109 kB
Progress (5): 147/192 kB | 57/75 kB | 53/592 kB | 25/58 kB | 28/109 kB
Progress (5): 147/192 kB | 61/75 kB | 53/592 kB | 25/58 kB | 28/109 kB
Progress (5): 147/192 kB | 66/75 kB | 53/592 kB | 25/58 kB | 28/109 kB
Progress (5): 147/192 kB | 70/75 kB | 53/592 kB | 25/58 kB | 28/109 kB
Progress (5): 147/192 kB | 74/75 kB | 53/592 kB | 25/58 kB | 28/109 kB
Progress (5): 147/192 kB | 75 kB | 53/592 kB | 25/58 kB | 28/109 kB
Progress (5): 147/192 kB | 75 kB | 53/592 kB | 28/58 kB | 28/109 kB
Progress (5): 147/192 kB | 75 kB | 53/592 kB | 28/58 kB | 32/109 kB
Progress (5): 147/192 kB | 75 kB | 53/592 kB | 28/58 kB | 36/109 kB
Progress (5): 147/192 kB | 75 kB | 53/592 kB | 28/58 kB | 40/109 kB
Progress (5): 147/192 kB | 75 kB | 53/592 kB | 28/58 kB | 45/109 kB
Progress (5): 147/192 kB | 75 kB | 53/592 kB | 28/58 kB | 49/109 kB
Progress (5): 147/192 kB | 75 kB | 53/592 kB | 28/58 kB | 53/109 kB
Progress (5): 147/192 kB | 75 kB | 53/592 kB | 28/58 kB | 57/109 kB
Progress (5): 147/192 kB | 75 kB | 53/592 kB | 28/58 kB | 61/109 kB
Progress (5): 147/192 kB | 75 kB | 53/592 kB | 28/58 kB | 65/109 kB
Progress (5): 147/192 kB | 75 kB | 57/592 kB | 28/58 kB | 65/109 kB
Progress (5): 147/192 kB | 75 kB | 61/592 kB | 28/58 kB | 65/109 kB
Progress (5): 147/192 kB | 75 kB | 65/592 kB | 28/58 kB | 65/109 kB
Progress (5): 147/192 kB | 75 kB | 69/592 kB | 28/58 kB | 65/109 kB
Progress (5): 147/192 kB | 75 kB | 73/592 kB | 28/58 kB | 65/109 kB
Progress (5): 147/192 kB | 75 kB | 77/592 kB | 28/58 kB | 65/109 kB
Progress (5): 147/192 kB | 75 kB | 81/592 kB | 28/58 kB | 65/109 kB
Progress (5): 152/192 kB | 75 kB | 81/592 kB | 28/58 kB | 65/109 kB
Progress (5): 156/192 kB | 75 kB | 81/592 kB | 28/58 kB | 65/109 kB
Progress (5): 160/192 kB | 75 kB | 81/592 kB | 28/58 kB | 65/109 kB
Progress (5): 164/192 kB | 75 kB | 81/592 kB | 28/58 kB | 65/109 kB
Progress (5): 168/192 kB | 75 kB | 81/592 kB | 28/58 kB | 65/109 kB
Progress (5): 172/192 kB | 75 kB | 81/592 kB | 28/58 kB | 65/109 kB
Progress (5): 176/192 kB | 75 kB | 81/592 kB | 28/58 kB | 65/109 kB
Progress (5): 180/192 kB | 75 kB | 81/592 kB | 28/58 kB | 65/109 kB
Progress (5): 184/192 kB | 75 kB | 81/592 kB | 28/58 kB | 65/109 kB
Progress (5): 188/192 kB | 75 kB | 81/592 kB | 28/58 kB | 65/109 kB
Progress (5): 192 kB | 75 kB | 81/592 kB | 28/58 kB | 65/109 kB

Downloaded from central: https://repo.maven.apache.org/maven2/org/codehaus/plexus/plexus-io/3.1.1/plexus-io-3.1.1.jar (75 kB at 786 kB/s)
Progress (4): 192 kB | 81/592 kB | 30/58 kB | 65/109 kB
Progress (4): 192 kB | 81/592 kB | 33/58 kB | 65/109 kB
Progress (4): 192 kB | 81/592 kB | 36/58 kB | 65/109 kB
Progress (4): 192 kB | 81/592 kB | 39/58 kB | 65/109 kB
Progress (4): 192 kB | 81/592 kB | 41/58 kB | 65/109 kB
Progress (4): 192 kB | 81/592 kB | 44/58 kB | 65/109 kB
Progress (4): 192 kB | 81/592 kB | 47/58 kB | 65/109 kB
Progress (4): 192 kB | 81/592 kB | 50/58 kB | 65/109 kB
Progress (4): 192 kB | 81/592 kB | 52/58 kB | 65/109 kB
Progress (4): 192 kB | 81/592 kB | 55/58 kB | 65/109 kB
Progress (4): 192 kB | 81/592 kB | 58/58 kB | 65/109 kB

Downloading from central: https://repo.maven.apache.org/maven2/org/codehaus/plexus/plexus-interpolation/1.25/plexus-interpolation-1.25.jar
Progress (4): 192 kB | 85/592 kB | 58/58 kB | 65/109 kB
Progress (4): 192 kB | 90/592 kB | 58/58 kB | 65/109 kB
Progress (4): 192 kB | 94/592 kB | 58/58 kB | 65/109 kB
Progress (4): 192 kB | 98/592 kB | 58/58 kB | 65/109 kB
Progress (4): 192 kB | 102/592 kB | 58/58 kB | 65/109 kB
Progress (4): 192 kB | 106/592 kB | 58/58 kB | 65/109 kB
Progress (4): 192 kB | 110/592 kB | 58/58 kB | 65/109 kB
Progress (4): 192 kB | 114/592 kB | 58/58 kB | 65/109 kB
Progress (4): 192 kB | 114/592 kB | 58/58 kB | 69/109 kB
Progress (4): 192 kB | 114/592 kB | 58/58 kB | 73/109 kB
Progress (4): 192 kB | 114/592 kB | 58/58 kB | 77/109 kB
Progress (4): 192 kB | 114/592 kB | 58/58 kB | 81/109 kB
Progress (4): 192 kB | 114/592 kB | 58/58 kB | 86/109 kB
Progress (4): 192 kB | 114/592 kB | 58/58 kB | 90/109 kB
Progress (4): 192 kB | 114/592 kB | 58/58 kB | 94/109 kB
Progress (4): 192 kB | 114/592 kB | 58/58 kB | 98/109 kB
Progress (4): 192 kB | 114/592 kB | 58/58 kB | 102/109 kB
Progress (4): 192 kB | 114/592 kB | 58 kB | 102/109 kB
Progress (4): 192 kB | 114/592 kB | 58 kB | 106/109 kB
Progress (4): 192 kB | 114/592 kB | 58 kB | 109 kB
Progress (4): 192 kB | 118/592 kB | 58 kB | 109 kB
Progress (4): 192 kB | 122/592 kB | 58 kB | 109 kB
Progress (4): 192 kB | 126/592 kB | 58 kB | 109 kB
Progress (4): 192 kB | 131/592 kB | 58 kB | 109 kB
Progress (4): 192 kB | 135/592 kB | 58 kB | 109 kB
Progress (4): 192 kB | 139/592 kB | 58 kB | 109 kB
Progress (4): 192 kB | 143/592 kB | 58 kB | 109 kB

Downloaded from central: https://repo.maven.apache.org/maven2/org/codehaus/plexus/plexus-archiver/4.1.0/plexus-archiver-4.1.0.jar (192 kB at 1.6 MB/s)
Downloading from central: https://repo.maven.apache.org/maven2/com/thoughtworks/xstream/xstream/1.4.10/xstream-1.4.10.jar
Progress (4): 143/592 kB | 58 kB | 109 kB | 4.1/85 kB
Progress (4): 147/592 kB | 58 kB | 109 kB | 4.1/85 kB
Progress (4): 151/592 kB | 58 kB | 109 kB | 4.1/85 kB
Progress (4): 151/592 kB | 58 kB | 109 kB | 8.2/85 kB

Downloaded from central: https://repo.maven.apache.org/maven2/org/tukaani/xz/1.8/xz-1.8.jar (109 kB at 920 kB/s)
Downloaded from central: https://repo.maven.apache.org/maven2/org/iq80/snappy/snappy/0.4/snappy-0.4.jar (58 kB at 487 kB/s)
Progress (2): 151/592 kB | 12/85 kB
Progress (2): 155/592 kB | 12/85 kB

Downloading from central: https://repo.maven.apache.org/maven2/xmlpull/xmlpull/1.1.3.1/xmlpull-1.1.3.1.jar
Progress (2): 155/592 kB | 16/85 kB
Progress (2): 155/592 kB | 20/85 kB
Progress (2): 155/592 kB | 25/85 kB
Progress (2): 155/592 kB | 29/85 kB
Progress (2): 155/592 kB | 33/85 kB

Downloading from central: https://repo.maven.apache.org/maven2/xpp3/xpp3_min/1.1.4c/xpp3_min-1.1.4c.jar
Progress (2): 159/592 kB | 33/85 kB
Progress (3): 159/592 kB | 33/85 kB | 4.1/590 kB
Progress (3): 163/592 kB | 33/85 kB | 4.1/590 kB
Progress (3): 163/592 kB | 33/85 kB | 8.2/590 kB
Progress (3): 163/592 kB | 33/85 kB | 12/590 kB
Progress (3): 163/592 kB | 33/85 kB | 16/590 kB
Progress (3): 167/592 kB | 33/85 kB | 16/590 kB
Progress (3): 172/592 kB | 33/85 kB | 16/590 kB
Progress (3): 176/592 kB | 33/85 kB | 16/590 kB
Progress (3): 176/592 kB | 33/85 kB | 20/590 kB
Progress (3): 180/592 kB | 33/85 kB | 20/590 kB
Progress (3): 180/592 kB | 33/85 kB | 24/590 kB
Progress (3): 180/592 kB | 33/85 kB | 28/590 kB
Progress (3): 180/592 kB | 33/85 kB | 32/590 kB
Progress (3): 184/592 kB | 33/85 kB | 32/590 kB
Progress (3): 188/592 kB | 33/85 kB | 32/590 kB
Progress (3): 192/592 kB | 33/85 kB | 32/590 kB
Progress (3): 196/592 kB | 33/85 kB | 32/590 kB
Progress (3): 196/592 kB | 33/85 kB | 36/590 kB
Progress (3): 196/592 kB | 33/85 kB | 40/590 kB
Progress (3): 196/592 kB | 33/85 kB | 45/590 kB
Progress (3): 196/592 kB | 33/85 kB | 49/590 kB
Progress (3): 200/592 kB | 33/85 kB | 49/590 kB
Progress (3): 204/592 kB | 33/85 kB | 49/590 kB
Progress (3): 208/592 kB | 33/85 kB | 49/590 kB
Progress (3): 212/592 kB | 33/85 kB | 49/590 kB
Progress (3): 212/592 kB | 33/85 kB | 53/590 kB
Progress (3): 212/592 kB | 33/85 kB | 57/590 kB
Progress (3): 212/592 kB | 33/85 kB | 61/590 kB
Progress (3): 212/592 kB | 33/85 kB | 65/590 kB
Progress (3): 217/592 kB | 33/85 kB | 65/590 kB
Progress (3): 221/592 kB | 33/85 kB | 65/590 kB
Progress (3): 225/592 kB | 33/85 kB | 65/590 kB
Progress (3): 229/592 kB | 33/85 kB | 65/590 kB
Progress (3): 233/592 kB | 33/85 kB | 65/590 kB
Progress (3): 237/592 kB | 33/85 kB | 65/590 kB
Progress (3): 241/592 kB | 33/85 kB | 65/590 kB
Progress (3): 245/592 kB | 33/85 kB | 65/590 kB
Progress (3): 245/592 kB | 37/85 kB | 65/590 kB
Progress (3): 245/592 kB | 41/85 kB | 65/590 kB
Progress (3): 245/592 kB | 45/85 kB | 65/590 kB
Progress (3): 245/592 kB | 49/85 kB | 65/590 kB
Progress (4): 245/592 kB | 49/85 kB | 65/590 kB | 4.1/7.2 kB
Progress (4): 245/592 kB | 49/85 kB | 65/590 kB | 7.2 kB
Progress (5): 245/592 kB | 49/85 kB | 65/590 kB | 7.2 kB | 4.1/25 kB
Progress (5): 245/592 kB | 49/85 kB | 65/590 kB | 7.2 kB | 8.2/25 kB
Progress (5): 245/592 kB | 49/85 kB | 65/590 kB | 7.2 kB | 12/25 kB
Progress (5): 245/592 kB | 49/85 kB | 65/590 kB | 7.2 kB | 16/25 kB
Progress (5): 245/592 kB | 49/85 kB | 65/590 kB | 7.2 kB | 20/25 kB
Progress (5): 245/592 kB | 49/85 kB | 65/590 kB | 7.2 kB | 25/25 kB
Progress (5): 245/592 kB | 49/85 kB | 65/590 kB | 7.2 kB | 25 kB
Progress (5): 249/592 kB | 49/85 kB | 65/590 kB | 7.2 kB | 25 kB
Progress (5): 253/592 kB | 49/85 kB | 65/590 kB | 7.2 kB | 25 kB
Progress (5): 258/592 kB | 49/85 kB | 65/590 kB | 7.2 kB | 25 kB
Progress (5): 262/592 kB | 49/85 kB | 65/590 kB | 7.2 kB | 25 kB
Progress (5): 266/592 kB | 49/85 kB | 65/590 kB | 7.2 kB | 25 kB
Progress (5): 270/592 kB | 49/85 kB | 65/590 kB | 7.2 kB | 25 kB
Progress (5): 270/592 kB | 53/85 kB | 65/590 kB | 7.2 kB | 25 kB
Progress (5): 270/592 kB | 57/85 kB | 65/590 kB | 7.2 kB | 25 kB
Progress (5): 270/592 kB | 61/85 kB | 65/590 kB | 7.2 kB | 25 kB
Progress (5): 270/592 kB | 66/85 kB | 65/590 kB | 7.2 kB | 25 kB
Progress (5): 270/592 kB | 70/85 kB | 65/590 kB | 7.2 kB | 25 kB
Progress (5): 270/592 kB | 74/85 kB | 65/590 kB | 7.2 kB | 25 kB
Progress (5): 270/592 kB | 78/85 kB | 65/590 kB | 7.2 kB | 25 kB
Progress (5): 270/592 kB | 82/85 kB | 65/590 kB | 7.2 kB | 25 kB
Progress (5): 270/592 kB | 82/85 kB | 69/590 kB | 7.2 kB | 25 kB

Downloaded from central: https://repo.maven.apache.org/maven2/xpp3/xpp3_min/1.1.4c/xpp3_min-1.1.4c.jar (25 kB at 169 kB/s)
Downloading from central: https://repo.maven.apache.org/maven2/org/codehaus/plexus/plexus-utils/3.2.0/plexus-utils-3.2.0.jar
Downloaded from central: https://repo.maven.apache.org/maven2/xmlpull/xmlpull/1.1.3.1/xmlpull-1.1.3.1.jar (7.2 kB at 48 kB/s)
Progress (3): 270/592 kB | 82/85 kB | 73/590 kB
Progress (3): 274/592 kB | 82/85 kB | 73/590 kB
Progress (3): 274/592 kB | 82/85 kB | 77/590 kB

Downloading from central: https://repo.maven.apache.org/maven2/org/apache/maven/shared/maven-mapping/3.0.0/maven-mapping-3.0.0.jar
Progress (3): 274/592 kB | 82/85 kB | 81/590 kB
Progress (3): 278/592 kB | 82/85 kB | 81/590 kB
Progress (3): 282/592 kB | 82/85 kB | 81/590 kB
Progress (3): 286/592 kB | 82/85 kB | 81/590 kB
Progress (3): 290/592 kB | 82/85 kB | 81/590 kB
Progress (3): 294/592 kB | 82/85 kB | 81/590 kB
Progress (4): 294/592 kB | 82/85 kB | 81/590 kB | 4.1/263 kB
Progress (5): 294/592 kB | 82/85 kB | 81/590 kB | 4.1/263 kB | 4.1/11 kB
Progress (5): 294/592 kB | 82/85 kB | 85/590 kB | 4.1/263 kB | 4.1/11 kB
Progress (5): 294/592 kB | 82/85 kB | 85/590 kB | 4.1/263 kB | 8.2/11 kB
Progress (5): 294/592 kB | 82/85 kB | 85/590 kB | 4.1/263 kB | 11 kB
Progress (5): 298/592 kB | 82/85 kB | 85/590 kB | 4.1/263 kB | 11 kB
Progress (5): 298/592 kB | 82/85 kB | 85/590 kB | 8.2/263 kB | 11 kB
Progress (5): 298/592 kB | 82/85 kB | 85/590 kB | 12/263 kB | 11 kB
Progress (5): 298/592 kB | 82/85 kB | 85/590 kB | 16/263 kB | 11 kB
Progress (5): 298/592 kB | 82/85 kB | 85/590 kB | 20/263 kB | 11 kB
Progress (5): 298/592 kB | 82/85 kB | 85/590 kB | 24/263 kB | 11 kB
Progress (5): 298/592 kB | 82/85 kB | 85/590 kB | 28/263 kB | 11 kB
Progress (5): 298/592 kB | 82/85 kB | 85/590 kB | 32/263 kB | 11 kB
Progress (5): 298/592 kB | 82/85 kB | 85/590 kB | 36/263 kB | 11 kB
Progress (5): 298/592 kB | 82/85 kB | 85/590 kB | 40/263 kB | 11 kB
Progress (5): 298/592 kB | 82/85 kB | 85/590 kB | 45/263 kB | 11 kB
Progress (5): 298/592 kB | 82/85 kB | 85/590 kB | 49/263 kB | 11 kB
Progress (5): 298/592 kB | 82/85 kB | 85/590 kB | 53/263 kB | 11 kB
Progress (5): 298/592 kB | 85 kB | 85/590 kB | 53/263 kB | 11 kB
Progress (5): 303/592 kB | 85 kB | 85/590 kB | 53/263 kB | 11 kB
Progress (5): 303/592 kB | 85 kB | 90/590 kB | 53/263 kB | 11 kB
Progress (5): 303/592 kB | 85 kB | 94/590 kB | 53/263 kB | 11 kB

Downloaded from central: https://repo.maven.apache.org/maven2/org/apache/maven/shared/maven-mapping/3.0.0/maven-mapping-3.0.0.jar (11 kB at 67 kB/s)
Progress (4): 303/592 kB | 85 kB | 98/590 kB | 53/263 kB
Progress (4): 303/592 kB | 85 kB | 102/590 kB | 53/263 kB
Progress (4): 303/592 kB | 85 kB | 106/590 kB | 53/263 kB
Progress (4): 303/592 kB | 85 kB | 110/590 kB | 53/263 kB
Progress (4): 303/592 kB | 85 kB | 114/590 kB | 53/263 kB
Progress (4): 303/592 kB | 85 kB | 118/590 kB | 53/263 kB
Progress (4): 303/592 kB | 85 kB | 122/590 kB | 53/263 kB
Progress (4): 303/592 kB | 85 kB | 126/590 kB | 53/263 kB
Progress (4): 303/592 kB | 85 kB | 131/590 kB | 53/263 kB
Progress (4): 303/592 kB | 85 kB | 135/590 kB | 53/263 kB
Progress (4): 303/592 kB | 85 kB | 139/590 kB | 53/263 kB
Progress (4): 303/592 kB | 85 kB | 143/590 kB | 53/263 kB
Progress (4): 303/592 kB | 85 kB | 147/590 kB | 53/263 kB
Progress (4): 303/592 kB | 85 kB | 151/590 kB | 53/263 kB
Progress (4): 303/592 kB | 85 kB | 155/590 kB | 53/263 kB
Progress (4): 303/592 kB | 85 kB | 159/590 kB | 53/263 kB
Progress (4): 303/592 kB | 85 kB | 163/590 kB | 53/263 kB
Progress (4): 303/592 kB | 85 kB | 167/590 kB | 53/263 kB
Progress (4): 303/592 kB | 85 kB | 172/590 kB | 53/263 kB
Progress (4): 303/592 kB | 85 kB | 176/590 kB | 53/263 kB
Progress (4): 303/592 kB | 85 kB | 180/590 kB | 53/263 kB
Progress (4): 303/592 kB | 85 kB | 184/590 kB | 53/263 kB
Progress (4): 303/592 kB | 85 kB | 188/590 kB | 53/263 kB
Progress (4): 303/592 kB | 85 kB | 192/590 kB | 53/263 kB
Progress (4): 303/592 kB | 85 kB | 196/590 kB | 53/263 kB
Progress (4): 303/592 kB | 85 kB | 200/590 kB | 53/263 kB
Progress (4): 307/592 kB | 85 kB | 200/590 kB | 53/263 kB
Progress (4): 311/592 kB | 85 kB | 200/590 kB | 53/263 kB
Progress (4): 315/592 kB | 85 kB | 200/590 kB | 53/263 kB
Progress (4): 319/592 kB | 85 kB | 200/590 kB | 53/263 kB
Progress (4): 323/592 kB | 85 kB | 200/590 kB | 53/263 kB
Progress (4): 327/592 kB | 85 kB | 200/590 kB | 53/263 kB
Progress (4): 331/592 kB | 85 kB | 200/590 kB | 53/263 kB
Progress (4): 335/592 kB | 85 kB | 200/590 kB | 53/263 kB
Progress (4): 339/592 kB | 85 kB | 200/590 kB | 53/263 kB
Progress (4): 344/592 kB | 85 kB | 200/590 kB | 53/263 kB
Progress (4): 348/592 kB | 85 kB | 200/590 kB | 53/263 kB
Progress (4): 352/592 kB | 85 kB | 200/590 kB | 53/263 kB
Progress (4): 356/592 kB | 85 kB | 200/590 kB | 53/263 kB
Progress (4): 360/592 kB | 85 kB | 200/590 kB | 53/263 kB
Progress (4): 364/592 kB | 85 kB | 200/590 kB | 53/263 kB
Progress (4): 368/592 kB | 85 kB | 200/590 kB | 53/263 kB
Progress (4): 372/592 kB | 85 kB | 200/590 kB | 53/263 kB
Progress (4): 376/592 kB | 85 kB | 200/590 kB | 53/263 kB
Progress (4): 380/592 kB | 85 kB | 200/590 kB | 53/263 kB
Progress (4): 384/592 kB | 85 kB | 200/590 kB | 53/263 kB
Progress (4): 389/592 kB | 85 kB | 200/590 kB | 53/263 kB
Progress (4): 389/592 kB | 85 kB | 200/590 kB | 57/263 kB
Progress (4): 389/592 kB | 85 kB | 200/590 kB | 61/263 kB
Progress (4): 389/592 kB | 85 kB | 200/590 kB | 65/263 kB
Progress (4): 389/592 kB | 85 kB | 200/590 kB | 69/263 kB
Progress (4): 389/592 kB | 85 kB | 200/590 kB | 73/263 kB
Progress (4): 389/592 kB | 85 kB | 200/590 kB | 77/263 kB
Progress (4): 389/592 kB | 85 kB | 200/590 kB | 81/263 kB
Progress (4): 389/592 kB | 85 kB | 200/590 kB | 85/263 kB

Downloaded from central: https://repo.maven.apache.org/maven2/org/codehaus/plexus/plexus-interpolation/1.25/plexus-interpolation-1.25.jar (85 kB at 499 kB/s)
Progress (3): 389/592 kB | 204/590 kB | 85/263 kB
Progress (3): 389/592 kB | 208/590 kB | 85/263 kB
Progress (3): 389/592 kB | 212/590 kB | 85/263 kB
Progress (3): 389/592 kB | 217/590 kB | 85/263 kB
Progress (3): 389/592 kB | 221/590 kB | 85/263 kB
Progress (3): 389/592 kB | 225/590 kB | 85/263 kB
Progress (3): 389/592 kB | 229/590 kB | 85/263 kB
Progress (3): 389/592 kB | 233/590 kB | 85/263 kB
Progress (3): 389/592 kB | 237/590 kB | 85/263 kB
Progress (3): 389/592 kB | 241/590 kB | 85/263 kB
Progress (3): 389/592 kB | 245/590 kB | 85/263 kB
Progress (3): 389/592 kB | 249/590 kB | 85/263 kB
Progress (3): 389/592 kB | 253/590 kB | 85/263 kB
Progress (3): 389/592 kB | 258/590 kB | 85/263 kB
Progress (3): 389/592 kB | 262/590 kB | 85/263 kB
Progress (3): 389/592 kB | 266/590 kB | 85/263 kB
Progress (3): 389/592 kB | 270/590 kB | 85/263 kB
Progress (3): 389/592 kB | 274/590 kB | 85/263 kB
Progress (3): 389/592 kB | 278/590 kB | 85/263 kB
Progress (3): 389/592 kB | 278/590 kB | 90/263 kB
Progress (3): 389/592 kB | 278/590 kB | 94/263 kB
Progress (3): 389/592 kB | 278/590 kB | 98/263 kB
Progress (3): 389/592 kB | 278/590 kB | 102/263 kB
Progress (3): 389/592 kB | 278/590 kB | 106/263 kB
Progress (3): 389/592 kB | 278/590 kB | 110/263 kB
Progress (3): 389/592 kB | 278/590 kB | 114/263 kB
Progress (3): 389/592 kB | 278/590 kB | 118/263 kB
Progress (3): 389/592 kB | 278/590 kB | 122/263 kB
Progress (3): 389/592 kB | 278/590 kB | 126/263 kB
Progress (3): 389/592 kB | 278/590 kB | 131/263 kB
Progress (3): 389/592 kB | 278/590 kB | 135/263 kB
Progress (3): 389/592 kB | 278/590 kB | 139/263 kB
Progress (3): 389/592 kB | 278/590 kB | 143/263 kB
Progress (3): 389/592 kB | 278/590 kB | 147/263 kB
Progress (3): 389/592 kB | 278/590 kB | 151/263 kB
Progress (3): 389/592 kB | 278/590 kB | 155/263 kB
Progress (3): 389/592 kB | 278/590 kB | 159/263 kB
Progress (3): 393/592 kB | 278/590 kB | 159/263 kB
Progress (3): 397/592 kB | 278/590 kB | 159/263 kB
Progress (3): 401/592 kB | 278/590 kB | 159/263 kB
Progress (3): 405/592 kB | 278/590 kB | 159/263 kB
Progress (3): 409/592 kB | 278/590 kB | 159/263 kB
Progress (3): 413/592 kB | 278/590 kB | 159/263 kB
Progress (3): 417/592 kB | 278/590 kB | 159/263 kB
Progress (3): 421/592 kB | 278/590 kB | 159/263 kB
Progress (3): 425/592 kB | 278/590 kB | 159/263 kB
Progress (3): 430/592 kB | 278/590 kB | 159/263 kB
Progress (3): 434/592 kB | 278/590 kB | 159/263 kB
Progress (3): 438/592 kB | 278/590 kB | 159/263 kB
Progress (3): 442/592 kB | 278/590 kB | 159/263 kB
Progress (3): 446/592 kB | 278/590 kB | 159/263 kB
Progress (3): 450/592 kB | 278/590 kB | 159/263 kB
Progress (3): 454/592 kB | 278/590 kB | 159/263 kB
Progress (3): 458/592 kB | 278/590 kB | 159/263 kB
Progress (3): 462/592 kB | 278/590 kB | 159/263 kB
Progress (3): 466/592 kB | 278/590 kB | 159/263 kB
Progress (3): 471/592 kB | 278/590 kB | 159/263 kB
Progress (3): 475/592 kB | 278/590 kB | 159/263 kB
Progress (3): 479/592 kB | 278/590 kB | 159/263 kB
Progress (3): 483/592 kB | 278/590 kB | 159/263 kB
Progress (3): 487/592 kB | 278/590 kB | 159/263 kB
Progress (3): 487/592 kB | 282/590 kB | 159/263 kB
Progress (3): 487/592 kB | 286/590 kB | 159/263 kB
Progress (3): 487/592 kB | 290/590 kB | 159/263 kB
Progress (3): 487/592 kB | 294/590 kB | 159/263 kB
Progress (3): 487/592 kB | 298/590 kB | 159/263 kB
Progress (3): 487/592 kB | 303/590 kB | 159/263 kB
Progress (3): 487/592 kB | 307/590 kB | 159/263 kB
Progress (3): 487/592 kB | 307/590 kB | 163/263 kB
Progress (3): 487/592 kB | 307/590 kB | 167/263 kB
Progress (3): 487/592 kB | 307/590 kB | 172/263 kB
Progress (3): 487/592 kB | 307/590 kB | 176/263 kB
Progress (3): 487/592 kB | 307/590 kB | 180/263 kB
Progress (3): 487/592 kB | 307/590 kB | 184/263 kB
Progress (3): 487/592 kB | 307/590 kB | 188/263 kB
Progress (3): 487/592 kB | 307/590 kB | 192/263 kB
Progress (3): 487/592 kB | 307/590 kB | 196/263 kB
Progress (3): 487/592 kB | 311/590 kB | 196/263 kB
Progress (3): 487/592 kB | 315/590 kB | 196/263 kB
Progress (3): 487/592 kB | 319/590 kB | 196/263 kB
Progress (3): 487/592 kB | 323/590 kB | 196/263 kB
Progress (3): 487/592 kB | 327/590 kB | 196/263 kB
Progress (3): 487/592 kB | 327/590 kB | 200/263 kB
Progress (3): 487/592 kB | 327/590 kB | 204/263 kB
Progress (3): 487/592 kB | 327/590 kB | 208/263 kB
Progress (3): 487/592 kB | 327/590 kB | 212/263 kB
Progress (3): 487/592 kB | 327/590 kB | 217/263 kB
Progress (3): 487/592 kB | 327/590 kB | 221/263 kB
Progress (3): 487/592 kB | 327/590 kB | 225/263 kB
Progress (3): 487/592 kB | 331/590 kB | 225/263 kB
Progress (3): 487/592 kB | 335/590 kB | 225/263 kB
Progress (3): 487/592 kB | 339/590 kB | 225/263 kB
Progress (3): 487/592 kB | 344/590 kB | 225/263 kB
Progress (3): 487/592 kB | 348/590 kB | 225/263 kB
Progress (3): 487/592 kB | 352/590 kB | 225/263 kB
Progress (3): 487/592 kB | 356/590 kB | 225/263 kB
Progress (3): 487/592 kB | 360/590 kB | 225/263 kB
Progress (3): 487/592 kB | 364/590 kB | 225/263 kB
Progress (3): 487/592 kB | 368/590 kB | 225/263 kB
Progress (3): 487/592 kB | 372/590 kB | 225/263 kB
Progress (3): 487/592 kB | 376/590 kB | 225/263 kB
Progress (3): 487/592 kB | 380/590 kB | 225/263 kB
Progress (3): 487/592 kB | 384/590 kB | 225/263 kB
Progress (3): 487/592 kB | 389/590 kB | 225/263 kB
Progress (3): 487/592 kB | 393/590 kB | 225/263 kB
Progress (3): 487/592 kB | 397/590 kB | 225/263 kB
Progress (3): 491/592 kB | 397/590 kB | 225/263 kB
Progress (3): 495/592 kB | 397/590 kB | 225/263 kB
Progress (3): 499/592 kB | 397/590 kB | 225/263 kB
Progress (3): 503/592 kB | 397/590 kB | 225/263 kB
Progress (3): 507/592 kB | 397/590 kB | 225/263 kB
Progress (3): 511/592 kB | 397/590 kB | 225/263 kB
Progress (3): 516/592 kB | 397/590 kB | 225/263 kB
Progress (3): 516/592 kB | 397/590 kB | 229/263 kB
Progress (3): 520/592 kB | 397/590 kB | 229/263 kB
Progress (3): 524/592 kB | 397/590 kB | 229/263 kB
Progress (3): 528/592 kB | 397/590 kB | 229/263 kB
Progress (3): 532/592 kB | 397/590 kB | 229/263 kB
Progress (3): 536/592 kB | 397/590 kB | 229/263 kB
Progress (3): 540/592 kB | 397/590 kB | 229/263 kB
Progress (3): 544/592 kB | 397/590 kB | 229/263 kB
Progress (3): 548/592 kB | 397/590 kB | 229/263 kB
Progress (3): 552/592 kB | 397/590 kB | 229/263 kB
Progress (3): 557/592 kB | 397/590 kB | 229/263 kB
Progress (3): 561/592 kB | 397/590 kB | 229/263 kB
Progress (3): 565/592 kB | 397/590 kB | 229/263 kB
Progress (3): 569/592 kB | 397/590 kB | 229/263 kB
Progress (3): 573/592 kB | 397/590 kB | 229/263 kB
Progress (3): 573/592 kB | 397/590 kB | 233/263 kB
Progress (3): 573/592 kB | 397/590 kB | 237/263 kB
Progress (3): 573/592 kB | 397/590 kB | 241/263 kB
Progress (3): 573/592 kB | 397/590 kB | 245/263 kB
Progress (3): 573/592 kB | 397/590 kB | 249/263 kB
Progress (3): 573/592 kB | 397/590 kB | 253/263 kB
Progress (3): 573/592 kB | 397/590 kB | 258/263 kB
Progress (3): 573/592 kB | 397/590 kB | 262/263 kB
Progress (3): 573/592 kB | 397/590 kB | 263 kB
Progress (3): 573/592 kB | 401/590 kB | 263 kB
Progress (3): 577/592 kB | 401/590 kB | 263 kB
Progress (3): 581/592 kB | 401/590 kB | 263 kB
Progress (3): 581/592 kB | 405/590 kB | 263 kB
Progress (3): 581/592 kB | 409/590 kB | 263 kB
Progress (3): 581/592 kB | 413/590 kB | 263 kB
Progress (3): 581/592 kB | 417/590 kB | 263 kB
Progress (3): 581/592 kB | 421/590 kB | 263 kB
Progress (3): 581/592 kB | 425/590 kB | 263 kB
Progress (3): 581/592 kB | 430/590 kB | 263 kB
Progress (3): 581/592 kB | 434/590 kB | 263 kB
Progress (3): 581/592 kB | 438/590 kB | 263 kB
Progress (3): 581/592 kB | 442/590 kB | 263 kB
Progress (3): 581/592 kB | 446/590 kB | 263 kB
Progress (3): 581/592 kB | 450/590 kB | 263 kB
Progress (3): 581/592 kB | 454/590 kB | 263 kB
Progress (3): 585/592 kB | 454/590 kB | 263 kB
Progress (3): 589/592 kB | 454/590 kB | 263 kB
Progress (3): 592 kB | 454/590 kB | 263 kB

Downloaded from central: https://repo.maven.apache.org/maven2/org/codehaus/plexus/plexus-utils/3.2.0/plexus-utils-3.2.0.jar (263 kB at 1.3 MB/s)
Progress (2): 592 kB | 458/590 kB
Progress (2): 592 kB | 462/590 kB
Progress (2): 592 kB | 466/590 kB
Progress (2): 592 kB | 471/590 kB
Progress (2): 592 kB | 475/590 kB
Progress (2): 592 kB | 479/590 kB
Progress (2): 592 kB | 483/590 kB
Progress (2): 592 kB | 487/590 kB
Progress (2): 592 kB | 491/590 kB
Progress (2): 592 kB | 495/590 kB
Progress (2): 592 kB | 499/590 kB
Progress (2): 592 kB | 503/590 kB

Downloaded from central: https://repo.maven.apache.org/maven2/org/apache/commons/commons-compress/1.18/commons-compress-1.18.jar (592 kB at 2.9 MB/s)
Progress (1): 507/590 kB
Progress (1): 511/590 kB
Progress (1): 516/590 kB
Progress (1): 520/590 kB
Progress (1): 524/590 kB
Progress (1): 528/590 kB
Progress (1): 532/590 kB
Progress (1): 536/590 kB
Progress (1): 540/590 kB
Progress (1): 544/590 kB
Progress (1): 548/590 kB
Progress (1): 552/590 kB
Progress (1): 557/590 kB
Progress (1): 561/590 kB
Progress (1): 565/590 kB
Progress (1): 569/590 kB
Progress (1): 573/590 kB
Progress (1): 577/590 kB
Progress (1): 581/590 kB
Progress (1): 585/590 kB
Progress (1): 589/590 kB
Progress (1): 590 kB

Downloaded from central: https://repo.maven.apache.org/maven2/com/thoughtworks/xstream/xstream/1.4.10/xstream-1.4.10.jar (590 kB at 2.8 MB/s)
[INFO] Packaging webapp
[INFO] Assembling webapp [ecommerce] in [/var/jenkins_home/workspace/myFirstJob/ecommerce/target/ecommerce-0.0.1-SNAPSHOT]
[INFO] Processing war project
[INFO] Webapp assembled in [226 msecs]
[INFO] Building war: /var/jenkins_home/workspace/myFirstJob/ecommerce/target/ecommerce-0.0.1-SNAPSHOT.war
[INFO]
[INFO] --- spring-boot-maven-plugin:2.3.2.RELEASE:repackage (repackage) @ ecommerce ---
Downloading from central: https://repo.maven.apache.org/maven2/org/springframework/boot/spring-boot-buildpack-platform/2.3.2.RELEASE/spring-boot-buildpack-platform-2.3.2.RELEASE.pom
Progress (1): 3.1 kB

Downloaded from central: https://repo.maven.apache.org/maven2/org/springframework/boot/spring-boot-buildpack-platform/2.3.2.RELEASE/spring-boot-buildpack-platform-2.3.2.RELEASE.pom (3.1 kB at 307 kB/s)
Downloading from central: https://repo.maven.apache.org/maven2/net/java/dev/jna/jna-platform/5.5.0/jna-platform-5.5.0.pom
Progress (1): 1.8 kB

Downloaded from central: https://repo.maven.apache.org/maven2/net/java/dev/jna/jna-platform/5.5.0/jna-platform-5.5.0.pom (1.8 kB at 360 kB/s)
Downloading from central: https://repo.maven.apache.org/maven2/net/java/dev/jna/jna/5.5.0/jna-5.5.0.pom
Progress (1): 1.6 kB

Downloaded from central: https://repo.maven.apache.org/maven2/net/java/dev/jna/jna/5.5.0/jna-5.5.0.pom (1.6 kB at 226 kB/s)
Downloading from central: https://repo.maven.apache.org/maven2/org/apache/commons/commons-compress/1.19/commons-compress-1.19.pom
Progress (1): 4.1/18 kB
Progress (1): 8.2/18 kB
Progress (1): 12/18 kB
Progress (1): 16/18 kB
Progress (1): 18 kB

Downloaded from central: https://repo.maven.apache.org/maven2/org/apache/commons/commons-compress/1.19/commons-compress-1.19.pom (18 kB at 3.6 MB/s)
Downloading from central: https://repo.maven.apache.org/maven2/org/apache/commons/commons-parent/48/commons-parent-48.pom
Progress (1): 4.1/72 kB
Progress (1): 8.2/72 kB
Progress (1): 12/72 kB
Progress (1): 16/72 kB
Progress (1): 20/72 kB
Progress (1): 25/72 kB
Progress (1): 29/72 kB
Progress (1): 33/72 kB
Progress (1): 37/72 kB
Progress (1): 41/72 kB
Progress (1): 45/72 kB
Progress (1): 49/72 kB
Progress (1): 53/72 kB
Progress (1): 57/72 kB
Progress (1): 61/72 kB
Progress (1): 66/72 kB
Progress (1): 70/72 kB
Progress (1): 72 kB

Downloaded from central: https://repo.maven.apache.org/maven2/org/apache/commons/commons-parent/48/commons-parent-48.pom (72 kB at 5.1 MB/s)
Downloading from central: https://repo.maven.apache.org/maven2/org/apache/httpcomponents/httpclient/4.5.12/httpclient-4.5.12.pom
Progress (1): 4.1/6.6 kB
Progress (1): 6.6 kB

Downloaded from central: https://repo.maven.apache.org/maven2/org/apache/httpcomponents/httpclient/4.5.12/httpclient-4.5.12.pom (6.6 kB at 508 kB/s)
Downloading from central: https://repo.maven.apache.org/maven2/org/apache/httpcomponents/httpcomponents-client/4.5.12/httpcomponents-client-4.5.12.pom
Progress (1): 4.1/16 kB
Progress (1): 8.2/16 kB
Progress (1): 12/16 kB
Progress (1): 16 kB

Downloaded from central: https://repo.maven.apache.org/maven2/org/apache/httpcomponents/httpcomponents-client/4.5.12/httpcomponents-client-4.5.12.pom (16 kB at 2.0 MB/s)
Downloading from central: https://repo.maven.apache.org/maven2/org/apache/httpcomponents/httpcomponents-parent/11/httpcomponents-parent-11.pom
Progress (1): 4.1/35 kB
Progress (1): 8.2/35 kB
Progress (1): 12/35 kB
Progress (1): 16/35 kB
Progress (1): 20/35 kB
Progress (1): 25/35 kB
Progress (1): 29/35 kB
Progress (1): 33/35 kB
Progress (1): 35 kB

Downloaded from central: https://repo.maven.apache.org/maven2/org/apache/httpcomponents/httpcomponents-parent/11/httpcomponents-parent-11.pom (35 kB at 5.8 MB/s)
Downloading from central: https://repo.maven.apache.org/maven2/org/apache/httpcomponents/httpcore/4.4.13/httpcore-4.4.13.pom
Progress (1): 4.1/5.0 kB
Progress (1): 5.0 kB

Downloaded from central: https://repo.maven.apache.org/maven2/org/apache/httpcomponents/httpcore/4.4.13/httpcore-4.4.13.pom (5.0 kB at 828 kB/s)
Downloading from central: https://repo.maven.apache.org/maven2/org/apache/httpcomponents/httpcomponents-core/4.4.13/httpcomponents-core-4.4.13.pom
Progress (1): 4.1/13 kB
Progress (1): 8.2/13 kB
Progress (1): 12/13 kB
Progress (1): 13 kB

Downloaded from central: https://repo.maven.apache.org/maven2/org/apache/httpcomponents/httpcomponents-core/4.4.13/httpcomponents-core-4.4.13.pom (13 kB at 1.9 MB/s)
Downloading from central: https://repo.maven.apache.org/maven2/commons-logging/commons-logging/1.2/commons-logging-1.2.pom
Progress (1): 4.1/19 kB
Progress (1): 8.2/19 kB
Progress (1): 12/19 kB
Progress (1): 16/19 kB
Progress (1): 19 kB

Downloaded from central: https://repo.maven.apache.org/maven2/commons-logging/commons-logging/1.2/commons-logging-1.2.pom (19 kB at 1.7 MB/s)
Downloading from central: https://repo.maven.apache.org/maven2/org/apache/commons/commons-parent/34/commons-parent-34.pom
Progress (1): 4.1/56 kB
Progress (1): 8.2/56 kB
Progress (1): 12/56 kB
Progress (1): 16/56 kB
Progress (1): 20/56 kB
Progress (1): 25/56 kB
Progress (1): 29/56 kB
Progress (1): 33/56 kB
Progress (1): 37/56 kB
Progress (1): 41/56 kB
Progress (1): 45/56 kB
Progress (1): 49/56 kB
Progress (1): 53/56 kB
Progress (1): 56 kB

Downloaded from central: https://repo.maven.apache.org/maven2/org/apache/commons/commons-parent/34/commons-parent-34.pom (56 kB at 9.3 MB/s)
Downloading from central: https://repo.maven.apache.org/maven2/commons-codec/commons-codec/1.11/commons-codec-1.11.pom
Progress (1): 4.1/14 kB
Progress (1): 8.2/14 kB
Progress (1): 12/14 kB
Progress (1): 14 kB

Downloaded from central: https://repo.maven.apache.org/maven2/commons-codec/commons-codec/1.11/commons-codec-1.11.pom (14 kB at 2.3 MB/s)
Downloading from central: https://repo.maven.apache.org/maven2/org/springframework/boot/spring-boot-loader-tools/2.3.2.RELEASE/spring-boot-loader-tools-2.3.2.RELEASE.pom
Progress (1): 2.3 kB

Downloaded from central: https://repo.maven.apache.org/maven2/org/springframework/boot/spring-boot-loader-tools/2.3.2.RELEASE/spring-boot-loader-tools-2.3.2.RELEASE.pom (2.3 kB at 142 kB/s)
Downloading from central: https://repo.maven.apache.org/maven2/org/apache/maven/shared/maven-common-artifact-filters/3.1.0/maven-common-artifact-filters-3.1.0.pom
Progress (1): 4.1/5.3 kB
Progress (1): 5.3 kB

Downloaded from central: https://repo.maven.apache.org/maven2/org/apache/maven/shared/maven-common-artifact-filters/3.1.0/maven-common-artifact-filters-3.1.0.pom (5.3 kB at 755 kB/s)
Downloading from central: https://repo.maven.apache.org/maven2/org/codehaus/plexus/plexus-component-annotations/1.5.4/plexus-component-annotations-1.5.4.pom
Progress (1): 815 B

Downloaded from central: https://repo.maven.apache.org/maven2/org/codehaus/plexus/plexus-component-annotations/1.5.4/plexus-component-annotations-1.5.4.pom (815 B at 82 kB/s)
Downloading from central: https://repo.maven.apache.org/maven2/org/codehaus/plexus/plexus-containers/1.5.4/plexus-containers-1.5.4.pom
Progress (1): 4.1/4.2 kB
Progress (1): 4.2 kB

Downloaded from central: https://repo.maven.apache.org/maven2/org/codehaus/plexus/plexus-containers/1.5.4/plexus-containers-1.5.4.pom (4.2 kB at 848 kB/s)
Downloading from central: https://repo.maven.apache.org/maven2/org/codehaus/plexus/plexus/2.0.5/plexus-2.0.5.pom
Progress (1): 4.1/17 kB
Progress (1): 8.2/17 kB
Progress (1): 12/17 kB
Progress (1): 16/17 kB
Progress (1): 17 kB

Downloaded from central: https://repo.maven.apache.org/maven2/org/codehaus/plexus/plexus/2.0.5/plexus-2.0.5.pom (17 kB at 2.9 MB/s)
Downloading from central: https://repo.maven.apache.org/maven2/org/apache/maven/shared/maven-shared-utils/3.1.0/maven-shared-utils-3.1.0.pom
Progress (1): 4.1/5.0 kB
Progress (1): 5.0 kB

Downloaded from central: https://repo.maven.apache.org/maven2/org/apache/maven/shared/maven-shared-utils/3.1.0/maven-shared-utils-3.1.0.pom (5.0 kB at 622 kB/s)
Downloading from central: https://repo.maven.apache.org/maven2/org/apache/maven/maven-plugin-api/3.6.3/maven-plugin-api-3.6.3.pom
Progress (1): 3.0 kB

Downloaded from central: https://repo.maven.apache.org/maven2/org/apache/maven/maven-plugin-api/3.6.3/maven-plugin-api-3.6.3.pom (3.0 kB at 179 kB/s)
Downloading from central: https://repo.maven.apache.org/maven2/org/apache/maven/maven/3.6.3/maven-3.6.3.pom
Progress (1): 4.1/26 kB
Progress (1): 8.2/26 kB
Progress (1): 12/26 kB
Progress (1): 16/26 kB
Progress (1): 20/26 kB
Progress (1): 24/26 kB
Progress (1): 26 kB

Downloaded from central: https://repo.maven.apache.org/maven2/org/apache/maven/maven/3.6.3/maven-3.6.3.pom (26 kB at 2.2 MB/s)
Downloading from central: https://repo.maven.apache.org/maven2/org/apache/maven/maven-model/3.6.3/maven-model-3.6.3.pom
Progress (1): 4.1 kB

Downloaded from central: https://repo.maven.apache.org/maven2/org/apache/maven/maven-model/3.6.3/maven-model-3.6.3.pom (4.1 kB at 340 kB/s)
Downloading from central: https://repo.maven.apache.org/maven2/org/codehaus/plexus/plexus-utils/3.2.1/plexus-utils-3.2.1.pom
Progress (1): 4.1/5.3 kB
Progress (1): 5.3 kB

Downloaded from central: https://repo.maven.apache.org/maven2/org/codehaus/plexus/plexus-utils/3.2.1/plexus-utils-3.2.1.pom (5.3 kB at 1.1 MB/s)
Downloading from central: https://repo.maven.apache.org/maven2/org/apache/maven/maven-artifact/3.6.3/maven-artifact-3.6.3.pom
Progress (1): 2.4 kB

Downloaded from central: https://repo.maven.apache.org/maven2/org/apache/maven/maven-artifact/3.6.3/maven-artifact-3.6.3.pom (2.4 kB at 218 kB/s)
Downloading from central: https://repo.maven.apache.org/maven2/org/apache/commons/commons-lang3/3.8.1/commons-lang3-3.8.1.pom
Progress (1): 4.1/28 kB
Progress (1): 8.2/28 kB
Progress (1): 12/28 kB
Progress (1): 16/28 kB
Progress (1): 20/28 kB
Progress (1): 25/28 kB
Progress (1): 28 kB

Downloaded from central: https://repo.maven.apache.org/maven2/org/apache/commons/commons-lang3/3.8.1/commons-lang3-3.8.1.pom (28 kB at 2.5 MB/s)
Downloading from central: https://repo.maven.apache.org/maven2/org/eclipse/sisu/org.eclipse.sisu.plexus/0.3.4/org.eclipse.sisu.plexus-0.3.4.pom
Progress (1): 4.1/4.2 kB
Progress (1): 4.2 kB

Downloaded from central: https://repo.maven.apache.org/maven2/org/eclipse/sisu/org.eclipse.sisu.plexus/0.3.4/org.eclipse.sisu.plexus-0.3.4.pom (4.2 kB at 695 kB/s)
Downloading from central: https://repo.maven.apache.org/maven2/org/eclipse/sisu/sisu-plexus/0.3.4/sisu-plexus-0.3.4.pom
Progress (1): 4.1/14 kB
Progress (1): 8.2/14 kB
Progress (1): 12/14 kB
Progress (1): 14 kB

Downloaded from central: https://repo.maven.apache.org/maven2/org/eclipse/sisu/sisu-plexus/0.3.4/sisu-plexus-0.3.4.pom (14 kB at 3.4 MB/s)
Downloading from central: https://repo.maven.apache.org/maven2/javax/enterprise/cdi-api/1.0/cdi-api-1.0.pom
Progress (1): 1.4 kB

Downloaded from central: https://repo.maven.apache.org/maven2/javax/enterprise/cdi-api/1.0/cdi-api-1.0.pom (1.4 kB at 205 kB/s)
Downloading from central: https://repo.maven.apache.org/maven2/org/jboss/weld/weld-api-parent/1.0/weld-api-parent-1.0.pom
Progress (1): 2.4 kB

Downloaded from central: https://repo.maven.apache.org/maven2/org/jboss/weld/weld-api-parent/1.0/weld-api-parent-1.0.pom (2.4 kB at 589 kB/s)
Downloading from central: https://repo.maven.apache.org/maven2/org/jboss/weld/weld-api-bom/1.0/weld-api-bom-1.0.pom
Progress (1): 4.1/7.9 kB
Progress (1): 7.9 kB

Downloaded from central: https://repo.maven.apache.org/maven2/org/jboss/weld/weld-api-bom/1.0/weld-api-bom-1.0.pom (7.9 kB at 1.1 MB/s)
Downloading from central: https://repo.maven.apache.org/maven2/org/jboss/weld/weld-parent/6/weld-parent-6.pom
Progress (1): 4.1/21 kB
Progress (1): 8.2/21 kB
Progress (1): 12/21 kB
Progress (1): 16/21 kB
Progress (1): 20/21 kB
Progress (1): 21 kB

Downloaded from central: https://repo.maven.apache.org/maven2/org/jboss/weld/weld-parent/6/weld-parent-6.pom (21 kB at 2.3 MB/s)
Downloading from central: https://repo.maven.apache.org/maven2/javax/annotation/jsr250-api/1.0/jsr250-api-1.0.pom
Progress (1): 1.0 kB

Downloaded from central: https://repo.maven.apache.org/maven2/javax/annotation/jsr250-api/1.0/jsr250-api-1.0.pom (1.0 kB at 85 kB/s)
Downloading from central: https://repo.maven.apache.org/maven2/org/eclipse/sisu/org.eclipse.sisu.inject/0.3.4/org.eclipse.sisu.inject-0.3.4.pom
Progress (1): 2.6 kB

Downloaded from central: https://repo.maven.apache.org/maven2/org/eclipse/sisu/org.eclipse.sisu.inject/0.3.4/org.eclipse.sisu.inject-0.3.4.pom (2.6 kB at 438 kB/s)
Downloading from central: https://repo.maven.apache.org/maven2/org/eclipse/sisu/sisu-inject/0.3.4/sisu-inject-0.3.4.pom
Progress (1): 4.1/14 kB
Progress (1): 8.2/14 kB
Progress (1): 12/14 kB
Progress (1): 14 kB

Downloaded from central: https://repo.maven.apache.org/maven2/org/eclipse/sisu/sisu-inject/0.3.4/sisu-inject-0.3.4.pom (14 kB at 720 kB/s)
Downloading from central: https://repo.maven.apache.org/maven2/org/codehaus/plexus/plexus-classworlds/2.5.2/plexus-classworlds-2.5.2.pom
Progress (1): 4.1/7.3 kB
Progress (1): 7.3 kB

Downloaded from central: https://repo.maven.apache.org/maven2/org/codehaus/plexus/plexus-classworlds/2.5.2/plexus-classworlds-2.5.2.pom (7.3 kB at 913 kB/s)
Downloading from central: https://repo.maven.apache.org/maven2/org/codehaus/plexus/plexus-utils/3.0.17/plexus-utils-3.0.17.pom
Progress (1): 3.4 kB

Downloaded from central: https://repo.maven.apache.org/maven2/org/codehaus/plexus/plexus-utils/3.0.17/plexus-utils-3.0.17.pom (3.4 kB at 849 kB/s)
Downloading from central: https://repo.maven.apache.org/maven2/org/codehaus/plexus/plexus-classworlds/2.6.0/plexus-classworlds-2.6.0.pom
Progress (1): 4.1/7.9 kB
Progress (1): 7.9 kB

Downloaded from central: https://repo.maven.apache.org/maven2/org/codehaus/plexus/plexus-classworlds/2.6.0/plexus-classworlds-2.6.0.pom (7.9 kB at 1.6 MB/s)
Downloading from central: https://repo.maven.apache.org/maven2/org/springframework/boot/spring-boot-buildpack-platform/2.3.2.RELEASE/spring-boot-buildpack-platform-2.3.2.RELEASE.jar
Downloading from central: https://repo.maven.apache.org/maven2/net/java/dev/jna/jna-platform/5.5.0/jna-platform-5.5.0.jar
Downloading from central: https://repo.maven.apache.org/maven2/org/apache/commons/commons-compress/1.19/commons-compress-1.19.jar
Progress (1): 4.1/182 kB

Downloading from central: https://repo.maven.apache.org/maven2/org/apache/httpcomponents/httpclient/4.5.12/httpclient-4.5.12.jar
Downloading from central: https://repo.maven.apache.org/maven2/net/java/dev/jna/jna/5.5.0/jna-5.5.0.jar
Progress (1): 8.2/182 kB
Progress (1): 12/182 kB
Progress (1): 16/182 kB
Progress (1): 20/182 kB
Progress (1): 25/182 kB
Progress (1): 29/182 kB
Progress (1): 33/182 kB
Progress (1): 37/182 kB
Progress (1): 41/182 kB
Progress (1): 45/182 kB
Progress (1): 49/182 kB
Progress (1): 53/182 kB
Progress (1): 57/182 kB
Progress (1): 61/182 kB
Progress (1): 66/182 kB
Progress (1): 70/182 kB
Progress (1): 74/182 kB
Progress (1): 78/182 kB
Progress (1): 82/182 kB
Progress (1): 86/182 kB
Progress (1): 90/182 kB
Progress (1): 94/182 kB
Progress (1): 98/182 kB
Progress (1): 102/182 kB
Progress (1): 106/182 kB
Progress (1): 111/182 kB
Progress (1): 115/182 kB
Progress (1): 119/182 kB
Progress (1): 123/182 kB
Progress (1): 127/182 kB
Progress (1): 131/182 kB
Progress (1): 135/182 kB
Progress (1): 139/182 kB
Progress (1): 143/182 kB
Progress (1): 147/182 kB
Progress (1): 152/182 kB
Progress (1): 156/182 kB
Progress (1): 160/182 kB
Progress (1): 164/182 kB
Progress (1): 168/182 kB
Progress (1): 172/182 kB
Progress (1): 176/182 kB
Progress (1): 180/182 kB
Progress (1): 182 kB
Progress (2): 182 kB | 4.1/615 kB
Progress (2): 182 kB | 8.2/615 kB
Progress (2): 182 kB | 12/615 kB
Progress (2): 182 kB | 16/615 kB
Progress (2): 182 kB | 20/615 kB
Progress (2): 182 kB | 24/615 kB
Progress (2): 182 kB | 28/615 kB
Progress (2): 182 kB | 32/615 kB
Progress (2): 182 kB | 36/615 kB
Progress (2): 182 kB | 40/615 kB
Progress (2): 182 kB | 45/615 kB
Progress (2): 182 kB | 49/615 kB
Progress (2): 182 kB | 53/615 kB
Progress (3): 182 kB | 53/615 kB | 0/2.7 MB
Progress (3): 182 kB | 57/615 kB | 0/2.7 MB
Progress (3): 182 kB | 61/615 kB | 0/2.7 MB
Progress (3): 182 kB | 61/615 kB | 0/2.7 MB
Progress (4): 182 kB | 61/615 kB | 0/2.7 MB | 4.1/778 kB
Progress (4): 182 kB | 61/615 kB | 0/2.7 MB | 8.2/778 kB
Progress (4): 182 kB | 61/615 kB | 0/2.7 MB | 12/778 kB
Progress (4): 182 kB | 61/615 kB | 0/2.7 MB | 16/778 kB
Progress (4): 182 kB | 61/615 kB | 0/2.7 MB | 20/778 kB
Progress (4): 182 kB | 61/615 kB | 0/2.7 MB | 24/778 kB
Progress (4): 182 kB | 61/615 kB | 0/2.7 MB | 28/778 kB
Progress (4): 182 kB | 61/615 kB | 0/2.7 MB | 32/778 kB
Progress (4): 182 kB | 61/615 kB | 0/2.7 MB | 36/778 kB
Progress (4): 182 kB | 61/615 kB | 0/2.7 MB | 40/778 kB
Progress (4): 182 kB | 61/615 kB | 0/2.7 MB | 45/778 kB
Progress (4): 182 kB | 61/615 kB | 0/2.7 MB | 49/778 kB
Progress (4): 182 kB | 61/615 kB | 0/2.7 MB | 49/778 kB
Progress (4): 182 kB | 61/615 kB | 0/2.7 MB | 53/778 kB
Progress (4): 182 kB | 61/615 kB | 0/2.7 MB | 57/778 kB
Progress (4): 182 kB | 61/615 kB | 0/2.7 MB | 61/778 kB
Progress (4): 182 kB | 61/615 kB | 0/2.7 MB | 65/778 kB
Progress (4): 182 kB | 61/615 kB | 0.1/2.7 MB | 65/778 kB
Progress (4): 182 kB | 61/615 kB | 0.1/2.7 MB | 69/778 kB
Progress (4): 182 kB | 61/615 kB | 0.1/2.7 MB | 73/778 kB
Progress (4): 182 kB | 61/615 kB | 0.1/2.7 MB | 73/778 kB
Progress (4): 182 kB | 61/615 kB | 0.1/2.7 MB | 77/778 kB
Progress (4): 182 kB | 61/615 kB | 0.1/2.7 MB | 81/778 kB
Progress (4): 182 kB | 61/615 kB | 0.1/2.7 MB | 81/778 kB
Progress (4): 182 kB | 61/615 kB | 0.1/2.7 MB | 85/778 kB
Progress (4): 182 kB | 61/615 kB | 0.1/2.7 MB | 90/778 kB
Progress (4): 182 kB | 61/615 kB | 0.1/2.7 MB | 94/778 kB
Progress (4): 182 kB | 61/615 kB | 0.1/2.7 MB | 98/778 kB
Progress (4): 182 kB | 61/615 kB | 0.1/2.7 MB | 102/778 kB
Progress (4): 182 kB | 61/615 kB | 0.1/2.7 MB | 106/778 kB
Progress (4): 182 kB | 61/615 kB | 0.1/2.7 MB | 110/778 kB
Progress (4): 182 kB | 61/615 kB | 0.1/2.7 MB | 114/778 kB
Progress (4): 182 kB | 61/615 kB | 0.1/2.7 MB | 118/778 kB
Progress (4): 182 kB | 61/615 kB | 0.1/2.7 MB | 122/778 kB
Progress (4): 182 kB | 61/615 kB | 0.1/2.7 MB | 126/778 kB
Progress (4): 182 kB | 61/615 kB | 0.1/2.7 MB | 131/778 kB
Progress (4): 182 kB | 61/615 kB | 0.1/2.7 MB | 135/778 kB
Progress (4): 182 kB | 61/615 kB | 0.1/2.7 MB | 139/778 kB
Progress (4): 182 kB | 61/615 kB | 0.1/2.7 MB | 143/778 kB
Progress (4): 182 kB | 61/615 kB | 0.1/2.7 MB | 147/778 kB
Progress (4): 182 kB | 61/615 kB | 0.1/2.7 MB | 151/778 kB
Progress (4): 182 kB | 61/615 kB | 0.1/2.7 MB | 155/778 kB
Progress (4): 182 kB | 61/615 kB | 0.1/2.7 MB | 159/778 kB
Progress (4): 182 kB | 61/615 kB | 0.1/2.7 MB | 163/778 kB
Progress (4): 182 kB | 61/615 kB | 0.1/2.7 MB | 167/778 kB
Progress (4): 182 kB | 61/615 kB | 0.1/2.7 MB | 172/778 kB
Progress (4): 182 kB | 61/615 kB | 0.1/2.7 MB | 176/778 kB

Downloaded from central: https://repo.maven.apache.org/maven2/org/springframework/boot/spring-boot-buildpack-platform/2.3.2.RELEASE/spring-boot-buildpack-platform-2.3.2.RELEASE.jar (182 kB at 4.9 MB/s)
Downloading from central: https://repo.maven.apache.org/maven2/org/apache/httpcomponents/httpcore/4.4.13/httpcore-4.4.13.jar
Progress (3): 61/615 kB | 0.1/2.7 MB | 180/778 kB
Progress (3): 61/615 kB | 0.1/2.7 MB | 184/778 kB
Progress (3): 61/615 kB | 0.1/2.7 MB | 188/778 kB
Progress (3): 61/615 kB | 0.1/2.7 MB | 192/778 kB
Progress (3): 61/615 kB | 0.1/2.7 MB | 196/778 kB
Progress (3): 61/615 kB | 0.1/2.7 MB | 200/778 kB
Progress (3): 61/615 kB | 0.1/2.7 MB | 204/778 kB
Progress (3): 61/615 kB | 0.1/2.7 MB | 208/778 kB
Progress (3): 61/615 kB | 0.1/2.7 MB | 212/778 kB
Progress (4): 61/615 kB | 0.1/2.7 MB | 212/778 kB | 0/1.5 MB
Progress (4): 61/615 kB | 0.1/2.7 MB | 212/778 kB | 0/1.5 MB
Progress (4): 61/615 kB | 0.1/2.7 MB | 217/778 kB | 0/1.5 MB
Progress (4): 61/615 kB | 0.1/2.7 MB | 221/778 kB | 0/1.5 MB
Progress (4): 61/615 kB | 0.1/2.7 MB | 225/778 kB | 0/1.5 MB
Progress (4): 61/615 kB | 0.1/2.7 MB | 225/778 kB | 0/1.5 MB
Progress (4): 61/615 kB | 0.1/2.7 MB | 225/778 kB | 0/1.5 MB
Progress (4): 65/615 kB | 0.1/2.7 MB | 225/778 kB | 0/1.5 MB
Progress (4): 65/615 kB | 0.1/2.7 MB | 225/778 kB | 0/1.5 MB
Progress (4): 69/615 kB | 0.1/2.7 MB | 225/778 kB | 0/1.5 MB
Progress (4): 69/615 kB | 0.1/2.7 MB | 225/778 kB | 0/1.5 MB
Progress (4): 73/615 kB | 0.1/2.7 MB | 225/778 kB | 0/1.5 MB
Progress (4): 73/615 kB | 0.1/2.7 MB | 225/778 kB | 0/1.5 MB
Progress (4): 77/615 kB | 0.1/2.7 MB | 225/778 kB | 0/1.5 MB
Progress (4): 81/615 kB | 0.1/2.7 MB | 225/778 kB | 0/1.5 MB
Progress (4): 81/615 kB | 0.1/2.7 MB | 225/778 kB | 0.1/1.5 MB
Progress (4): 81/615 kB | 0.1/2.7 MB | 225/778 kB | 0.1/1.5 MB
Progress (4): 81/615 kB | 0.1/2.7 MB | 225/778 kB | 0.1/1.5 MB
Progress (4): 81/615 kB | 0.1/2.7 MB | 225/778 kB | 0.1/1.5 MB
Progress (4): 81/615 kB | 0.1/2.7 MB | 225/778 kB | 0.1/1.5 MB
Progress (4): 81/615 kB | 0.1/2.7 MB | 225/778 kB | 0.1/1.5 MB
Progress (4): 81/615 kB | 0.1/2.7 MB | 225/778 kB | 0.1/1.5 MB
Progress (4): 81/615 kB | 0.1/2.7 MB | 225/778 kB | 0.1/1.5 MB
Progress (4): 81/615 kB | 0.1/2.7 MB | 225/778 kB | 0.1/1.5 MB
Progress (4): 81/615 kB | 0.1/2.7 MB | 225/778 kB | 0.1/1.5 MB
Progress (4): 81/615 kB | 0.1/2.7 MB | 225/778 kB | 0.1/1.5 MB
Progress (4): 81/615 kB | 0.1/2.7 MB | 225/778 kB | 0.1/1.5 MB
Progress (4): 85/615 kB | 0.1/2.7 MB | 225/778 kB | 0.1/1.5 MB
Progress (4): 85/615 kB | 0.1/2.7 MB | 225/778 kB | 0.2/1.5 MB
Progress (5): 85/615 kB | 0.1/2.7 MB | 225/778 kB | 0.2/1.5 MB | 4.1/329 kB
Progress (5): 85/615 kB | 0.1/2.7 MB | 225/778 kB | 0.2/1.5 MB | 4.1/329 kB
Progress (5): 85/615 kB | 0.1/2.7 MB | 225/778 kB | 0.2/1.5 MB | 8.2/329 kB
Progress (5): 85/615 kB | 0.1/2.7 MB | 225/778 kB | 0.2/1.5 MB | 12/329 kB
Progress (5): 85/615 kB | 0.1/2.7 MB | 225/778 kB | 0.2/1.5 MB | 16/329 kB
Progress (5): 85/615 kB | 0.1/2.7 MB | 225/778 kB | 0.2/1.5 MB | 20/329 kB
Progress (5): 85/615 kB | 0.1/2.7 MB | 225/778 kB | 0.2/1.5 MB | 25/329 kB
Progress (5): 85/615 kB | 0.1/2.7 MB | 225/778 kB | 0.2/1.5 MB | 29/329 kB
Progress (5): 85/615 kB | 0.1/2.7 MB | 225/778 kB | 0.2/1.5 MB | 33/329 kB
Progress (5): 85/615 kB | 0.1/2.7 MB | 225/778 kB | 0.2/1.5 MB | 37/329 kB
Progress (5): 85/615 kB | 0.1/2.7 MB | 225/778 kB | 0.2/1.5 MB | 41/329 kB
Progress (5): 85/615 kB | 0.1/2.7 MB | 225/778 kB | 0.2/1.5 MB | 45/329 kB
Progress (5): 85/615 kB | 0.1/2.7 MB | 225/778 kB | 0.2/1.5 MB | 49/329 kB
Progress (5): 85/615 kB | 0.1/2.7 MB | 225/778 kB | 0.2/1.5 MB | 53/329 kB
Progress (5): 85/615 kB | 0.1/2.7 MB | 225/778 kB | 0.2/1.5 MB | 57/329 kB
Progress (5): 85/615 kB | 0.1/2.7 MB | 225/778 kB | 0.2/1.5 MB | 61/329 kB
Progress (5): 85/615 kB | 0.1/2.7 MB | 225/778 kB | 0.2/1.5 MB | 66/329 kB
Progress (5): 85/615 kB | 0.1/2.7 MB | 225/778 kB | 0.2/1.5 MB | 70/329 kB
Progress (5): 90/615 kB | 0.1/2.7 MB | 225/778 kB | 0.2/1.5 MB | 70/329 kB
Progress (5): 94/615 kB | 0.1/2.7 MB | 225/778 kB | 0.2/1.5 MB | 70/329 kB
Progress (5): 98/615 kB | 0.1/2.7 MB | 225/778 kB | 0.2/1.5 MB | 70/329 kB
Progress (5): 102/615 kB | 0.1/2.7 MB | 225/778 kB | 0.2/1.5 MB | 70/329 kB
Progress (5): 106/615 kB | 0.1/2.7 MB | 225/778 kB | 0.2/1.5 MB | 70/329 kB
Progress (5): 110/615 kB | 0.1/2.7 MB | 225/778 kB | 0.2/1.5 MB | 70/329 kB
Progress (5): 114/615 kB | 0.1/2.7 MB | 225/778 kB | 0.2/1.5 MB | 70/329 kB
Progress (5): 118/615 kB | 0.1/2.7 MB | 225/778 kB | 0.2/1.5 MB | 70/329 kB
Progress (5): 122/615 kB | 0.1/2.7 MB | 225/778 kB | 0.2/1.5 MB | 70/329 kB
Progress (5): 126/615 kB | 0.1/2.7 MB | 225/778 kB | 0.2/1.5 MB | 70/329 kB
Progress (5): 131/615 kB | 0.1/2.7 MB | 225/778 kB | 0.2/1.5 MB | 70/329 kB
Progress (5): 135/615 kB | 0.1/2.7 MB | 225/778 kB | 0.2/1.5 MB | 70/329 kB
Progress (5): 139/615 kB | 0.1/2.7 MB | 225/778 kB | 0.2/1.5 MB | 70/329 kB
Progress (5): 143/615 kB | 0.1/2.7 MB | 225/778 kB | 0.2/1.5 MB | 70/329 kB
Progress (5): 147/615 kB | 0.1/2.7 MB | 225/778 kB | 0.2/1.5 MB | 70/329 kB
Progress (5): 151/615 kB | 0.1/2.7 MB | 225/778 kB | 0.2/1.5 MB | 70/329 kB
Progress (5): 155/615 kB | 0.1/2.7 MB | 225/778 kB | 0.2/1.5 MB | 70/329 kB
Progress (5): 159/615 kB | 0.1/2.7 MB | 225/778 kB | 0.2/1.5 MB | 70/329 kB
Progress (5): 163/615 kB | 0.1/2.7 MB | 225/778 kB | 0.2/1.5 MB | 70/329 kB
Progress (5): 167/615 kB | 0.1/2.7 MB | 225/778 kB | 0.2/1.5 MB | 70/329 kB
Progress (5): 172/615 kB | 0.1/2.7 MB | 225/778 kB | 0.2/1.5 MB | 70/329 kB
Progress (5): 176/615 kB | 0.1/2.7 MB | 225/778 kB | 0.2/1.5 MB | 70/329 kB
Progress (5): 180/615 kB | 0.1/2.7 MB | 225/778 kB | 0.2/1.5 MB | 70/329 kB
Progress (5): 180/615 kB | 0.1/2.7 MB | 229/778 kB | 0.2/1.5 MB | 70/329 kB
Progress (5): 180/615 kB | 0.1/2.7 MB | 233/778 kB | 0.2/1.5 MB | 70/329 kB
Progress (5): 180/615 kB | 0.1/2.7 MB | 233/778 kB | 0.2/1.5 MB | 70/329 kB
Progress (5): 180/615 kB | 0.1/2.7 MB | 233/778 kB | 0.2/1.5 MB | 70/329 kB
Progress (5): 180/615 kB | 0.2/2.7 MB | 233/778 kB | 0.2/1.5 MB | 70/329 kB
Progress (5): 180/615 kB | 0.2/2.7 MB | 233/778 kB | 0.2/1.5 MB | 70/329 kB
Progress (5): 180/615 kB | 0.2/2.7 MB | 233/778 kB | 0.2/1.5 MB | 70/329 kB
Progress (5): 180/615 kB | 0.2/2.7 MB | 233/778 kB | 0.2/1.5 MB | 70/329 kB
Progress (5): 180/615 kB | 0.2/2.7 MB | 233/778 kB | 0.2/1.5 MB | 70/329 kB
Progress (5): 180/615 kB | 0.2/2.7 MB | 233/778 kB | 0.2/1.5 MB | 70/329 kB
Progress (5): 180/615 kB | 0.2/2.7 MB | 233/778 kB | 0.2/1.5 MB | 74/329 kB
Progress (5): 180/615 kB | 0.2/2.7 MB | 233/778 kB | 0.2/1.5 MB | 78/329 kB
Progress (5): 180/615 kB | 0.2/2.7 MB | 233/778 kB | 0.2/1.5 MB | 82/329 kB
Progress (5): 180/615 kB | 0.2/2.7 MB | 233/778 kB | 0.2/1.5 MB | 86/329 kB
Progress (5): 180/615 kB | 0.2/2.7 MB | 233/778 kB | 0.2/1.5 MB | 90/329 kB
Progress (5): 180/615 kB | 0.2/2.7 MB | 233/778 kB | 0.2/1.5 MB | 94/329 kB
Progress (5): 180/615 kB | 0.2/2.7 MB | 233/778 kB | 0.2/1.5 MB | 98/329 kB
Progress (5): 180/615 kB | 0.2/2.7 MB | 233/778 kB | 0.2/1.5 MB | 102/329 kB
Progress (5): 180/615 kB | 0.2/2.7 MB | 233/778 kB | 0.2/1.5 MB | 106/329 kB
Progress (5): 180/615 kB | 0.2/2.7 MB | 233/778 kB | 0.2/1.5 MB | 111/329 kB
Progress (5): 180/615 kB | 0.2/2.7 MB | 233/778 kB | 0.2/1.5 MB | 115/329 kB
Progress (5): 180/615 kB | 0.2/2.7 MB | 233/778 kB | 0.2/1.5 MB | 119/329 kB
Progress (5): 180/615 kB | 0.2/2.7 MB | 233/778 kB | 0.2/1.5 MB | 123/329 kB
Progress (5): 180/615 kB | 0.2/2.7 MB | 233/778 kB | 0.2/1.5 MB | 127/329 kB
Progress (5): 180/615 kB | 0.2/2.7 MB | 233/778 kB | 0.2/1.5 MB | 131/329 kB
Progress (5): 180/615 kB | 0.2/2.7 MB | 233/778 kB | 0.2/1.5 MB | 135/329 kB
Progress (5): 180/615 kB | 0.2/2.7 MB | 237/778 kB | 0.2/1.5 MB | 135/329 kB
Progress (5): 180/615 kB | 0.2/2.7 MB | 241/778 kB | 0.2/1.5 MB | 135/329 kB
Progress (5): 180/615 kB | 0.2/2.7 MB | 245/778 kB | 0.2/1.5 MB | 135/329 kB
Progress (5): 180/615 kB | 0.2/2.7 MB | 249/778 kB | 0.2/1.5 MB | 135/329 kB
Progress (5): 180/615 kB | 0.2/2.7 MB | 253/778 kB | 0.2/1.5 MB | 135/329 kB
Progress (5): 180/615 kB | 0.2/2.7 MB | 258/778 kB | 0.2/1.5 MB | 135/329 kB
Progress (5): 180/615 kB | 0.2/2.7 MB | 262/778 kB | 0.2/1.5 MB | 135/329 kB
Progress (5): 180/615 kB | 0.2/2.7 MB | 266/778 kB | 0.2/1.5 MB | 135/329 kB
Progress (5): 180/615 kB | 0.2/2.7 MB | 270/778 kB | 0.2/1.5 MB | 135/329 kB
Progress (5): 180/615 kB | 0.2/2.7 MB | 274/778 kB | 0.2/1.5 MB | 135/329 kB
Progress (5): 180/615 kB | 0.2/2.7 MB | 278/778 kB | 0.2/1.5 MB | 135/329 kB
Progress (5): 180/615 kB | 0.2/2.7 MB | 282/778 kB | 0.2/1.5 MB | 135/329 kB
Progress (5): 180/615 kB | 0.2/2.7 MB | 286/778 kB | 0.2/1.5 MB | 135/329 kB
Progress (5): 180/615 kB | 0.2/2.7 MB | 290/778 kB | 0.2/1.5 MB | 135/329 kB
Progress (5): 180/615 kB | 0.2/2.7 MB | 294/778 kB | 0.2/1.5 MB | 135/329 kB
Progress (5): 180/615 kB | 0.2/2.7 MB | 298/778 kB | 0.2/1.5 MB | 135/329 kB
Progress (5): 180/615 kB | 0.2/2.7 MB | 303/778 kB | 0.2/1.5 MB | 135/329 kB
Progress (5): 180/615 kB | 0.2/2.7 MB | 307/778 kB | 0.2/1.5 MB | 135/329 kB
Progress (5): 180/615 kB | 0.2/2.7 MB | 311/778 kB | 0.2/1.5 MB | 135/329 kB
Progress (5): 180/615 kB | 0.2/2.7 MB | 315/778 kB | 0.2/1.5 MB | 135/329 kB
Progress (5): 180/615 kB | 0.2/2.7 MB | 319/778 kB | 0.2/1.5 MB | 135/329 kB
Progress (5): 180/615 kB | 0.2/2.7 MB | 323/778 kB | 0.2/1.5 MB | 135/329 kB
Progress (5): 180/615 kB | 0.2/2.7 MB | 327/778 kB | 0.2/1.5 MB | 135/329 kB
Progress (5): 180/615 kB | 0.2/2.7 MB | 331/778 kB | 0.2/1.5 MB | 135/329 kB
Progress (5): 184/615 kB | 0.2/2.7 MB | 331/778 kB | 0.2/1.5 MB | 135/329 kB
Progress (5): 188/615 kB | 0.2/2.7 MB | 331/778 kB | 0.2/1.5 MB | 135/329 kB
Progress (5): 192/615 kB | 0.2/2.7 MB | 331/778 kB | 0.2/1.5 MB | 135/329 kB
Progress (5): 196/615 kB | 0.2/2.7 MB | 331/778 kB | 0.2/1.5 MB | 135/329 kB
Progress (5): 200/615 kB | 0.2/2.7 MB | 331/778 kB | 0.2/1.5 MB | 135/329 kB
Progress (5): 204/615 kB | 0.2/2.7 MB | 331/778 kB | 0.2/1.5 MB | 135/329 kB
Progress (5): 208/615 kB | 0.2/2.7 MB | 331/778 kB | 0.2/1.5 MB | 135/329 kB
Progress (5): 212/615 kB | 0.2/2.7 MB | 331/778 kB | 0.2/1.5 MB | 135/329 kB
Progress (5): 217/615 kB | 0.2/2.7 MB | 331/778 kB | 0.2/1.5 MB | 135/329 kB
Progress (5): 219/615 kB | 0.2/2.7 MB | 331/778 kB | 0.2/1.5 MB | 135/329 kB
Progress (5): 223/615 kB | 0.2/2.7 MB | 331/778 kB | 0.2/1.5 MB | 135/329 kB
Progress (5): 227/615 kB | 0.2/2.7 MB | 331/778 kB | 0.2/1.5 MB | 135/329 kB
Progress (5): 227/615 kB | 0.2/2.7 MB | 331/778 kB | 0.2/1.5 MB | 135/329 kB
Progress (5): 227/615 kB | 0.2/2.7 MB | 331/778 kB | 0.2/1.5 MB | 135/329 kB
Progress (5): 227/615 kB | 0.2/2.7 MB | 331/778 kB | 0.2/1.5 MB | 135/329 kB
Progress (5): 227/615 kB | 0.2/2.7 MB | 331/778 kB | 0.2/1.5 MB | 135/329 kB
Progress (5): 227/615 kB | 0.3/2.7 MB | 331/778 kB | 0.2/1.5 MB | 135/329 kB
Progress (5): 227/615 kB | 0.3/2.7 MB | 331/778 kB | 0.2/1.5 MB | 135/329 kB
Progress (5): 227/615 kB | 0.3/2.7 MB | 331/778 kB | 0.2/1.5 MB | 135/329 kB
Progress (5): 227/615 kB | 0.3/2.7 MB | 331/778 kB | 0.2/1.5 MB | 135/329 kB
Progress (5): 227/615 kB | 0.3/2.7 MB | 331/778 kB | 0.2/1.5 MB | 135/329 kB
Progress (5): 227/615 kB | 0.3/2.7 MB | 331/778 kB | 0.2/1.5 MB | 135/329 kB
Progress (5): 227/615 kB | 0.4/2.7 MB | 331/778 kB | 0.2/1.5 MB | 135/329 kB
Progress (5): 227/615 kB | 0.4/2.7 MB | 331/778 kB | 0.2/1.5 MB | 135/329 kB
Progress (5): 227/615 kB | 0.4/2.7 MB | 331/778 kB | 0.2/1.5 MB | 135/329 kB
Progress (5): 227/615 kB | 0.4/2.7 MB | 331/778 kB | 0.2/1.5 MB | 139/329 kB
Progress (5): 227/615 kB | 0.4/2.7 MB | 331/778 kB | 0.2/1.5 MB | 143/329 kB
Progress (5): 227/615 kB | 0.4/2.7 MB | 331/778 kB | 0.2/1.5 MB | 147/329 kB
Progress (5): 227/615 kB | 0.4/2.7 MB | 331/778 kB | 0.2/1.5 MB | 152/329 kB
Progress (5): 227/615 kB | 0.4/2.7 MB | 331/778 kB | 0.2/1.5 MB | 156/329 kB
Progress (5): 227/615 kB | 0.4/2.7 MB | 331/778 kB | 0.2/1.5 MB | 160/329 kB
Progress (5): 227/615 kB | 0.4/2.7 MB | 331/778 kB | 0.2/1.5 MB | 164/329 kB
Progress (5): 227/615 kB | 0.4/2.7 MB | 331/778 kB | 0.2/1.5 MB | 168/329 kB
Progress (5): 227/615 kB | 0.4/2.7 MB | 331/778 kB | 0.2/1.5 MB | 172/329 kB
Progress (5): 227/615 kB | 0.4/2.7 MB | 331/778 kB | 0.2/1.5 MB | 176/329 kB
Progress (5): 227/615 kB | 0.4/2.7 MB | 331/778 kB | 0.2/1.5 MB | 180/329 kB
Progress (5): 227/615 kB | 0.4/2.7 MB | 331/778 kB | 0.2/1.5 MB | 184/329 kB
Progress (5): 227/615 kB | 0.4/2.7 MB | 331/778 kB | 0.2/1.5 MB | 188/329 kB
Progress (5): 227/615 kB | 0.4/2.7 MB | 331/778 kB | 0.2/1.5 MB | 193/329 kB
Progress (5): 227/615 kB | 0.4/2.7 MB | 331/778 kB | 0.2/1.5 MB | 197/329 kB
Progress (5): 227/615 kB | 0.4/2.7 MB | 331/778 kB | 0.2/1.5 MB | 201/329 kB
Progress (5): 227/615 kB | 0.4/2.7 MB | 331/778 kB | 0.2/1.5 MB | 205/329 kB
Progress (5): 227/615 kB | 0.4/2.7 MB | 331/778 kB | 0.2/1.5 MB | 209/329 kB
Progress (5): 227/615 kB | 0.4/2.7 MB | 331/778 kB | 0.2/1.5 MB | 213/329 kB
Progress (5): 227/615 kB | 0.4/2.7 MB | 331/778 kB | 0.2/1.5 MB | 217/329 kB
Progress (5): 227/615 kB | 0.4/2.7 MB | 331/778 kB | 0.2/1.5 MB | 221/329 kB
Progress (5): 227/615 kB | 0.4/2.7 MB | 335/778 kB | 0.2/1.5 MB | 221/329 kB
Progress (5): 227/615 kB | 0.4/2.7 MB | 339/778 kB | 0.2/1.5 MB | 221/329 kB
Progress (5): 227/615 kB | 0.4/2.7 MB | 344/778 kB | 0.2/1.5 MB | 221/329 kB
Progress (5): 227/615 kB | 0.4/2.7 MB | 348/778 kB | 0.2/1.5 MB | 221/329 kB
Progress (5): 227/615 kB | 0.4/2.7 MB | 352/778 kB | 0.2/1.5 MB | 221/329 kB
Progress (5): 227/615 kB | 0.4/2.7 MB | 356/778 kB | 0.2/1.5 MB | 221/329 kB
Progress (5): 227/615 kB | 0.4/2.7 MB | 360/778 kB | 0.2/1.5 MB | 221/329 kB
Progress (5): 227/615 kB | 0.4/2.7 MB | 364/778 kB | 0.2/1.5 MB | 221/329 kB
Progress (5): 227/615 kB | 0.4/2.7 MB | 368/778 kB | 0.2/1.5 MB | 221/329 kB
Progress (5): 227/615 kB | 0.4/2.7 MB | 372/778 kB | 0.2/1.5 MB | 221/329 kB
Progress (5): 227/615 kB | 0.4/2.7 MB | 376/778 kB | 0.2/1.5 MB | 221/329 kB
Progress (5): 227/615 kB | 0.4/2.7 MB | 380/778 kB | 0.2/1.5 MB | 221/329 kB
Progress (5): 232/615 kB | 0.4/2.7 MB | 380/778 kB | 0.2/1.5 MB | 221/329 kB
Progress (5): 232/615 kB | 0.4/2.7 MB | 380/778 kB | 0.2/1.5 MB | 221/329 kB
Progress (5): 232/615 kB | 0.4/2.7 MB | 384/778 kB | 0.2/1.5 MB | 221/329 kB
Progress (5): 232/615 kB | 0.4/2.7 MB | 384/778 kB | 0.2/1.5 MB | 221/329 kB
Progress (5): 232/615 kB | 0.4/2.7 MB | 389/778 kB | 0.2/1.5 MB | 221/329 kB
Progress (5): 232/615 kB | 0.4/2.7 MB | 393/778 kB | 0.2/1.5 MB | 221/329 kB
Progress (5): 232/615 kB | 0.4/2.7 MB | 393/778 kB | 0.2/1.5 MB | 221/329 kB
Progress (5): 232/615 kB | 0.4/2.7 MB | 397/778 kB | 0.2/1.5 MB | 221/329 kB
Progress (5): 236/615 kB | 0.4/2.7 MB | 397/778 kB | 0.2/1.5 MB | 221/329 kB
Progress (5): 236/615 kB | 0.4/2.7 MB | 401/778 kB | 0.2/1.5 MB | 221/329 kB
Progress (5): 240/615 kB | 0.4/2.7 MB | 401/778 kB | 0.2/1.5 MB | 221/329 kB
Progress (5): 244/615 kB | 0.4/2.7 MB | 401/778 kB | 0.2/1.5 MB | 221/329 kB
Progress (5): 248/615 kB | 0.4/2.7 MB | 401/778 kB | 0.2/1.5 MB | 221/329 kB
Progress (5): 252/615 kB | 0.4/2.7 MB | 401/778 kB | 0.2/1.5 MB | 221/329 kB
Progress (5): 256/615 kB | 0.4/2.7 MB | 401/778 kB | 0.2/1.5 MB | 221/329 kB
Progress (5): 260/615 kB | 0.4/2.7 MB | 401/778 kB | 0.2/1.5 MB | 221/329 kB
Progress (5): 264/615 kB | 0.4/2.7 MB | 401/778 kB | 0.2/1.5 MB | 221/329 kB
Progress (5): 268/615 kB | 0.4/2.7 MB | 401/778 kB | 0.2/1.5 MB | 221/329 kB
Progress (5): 273/615 kB | 0.4/2.7 MB | 401/778 kB | 0.2/1.5 MB | 221/329 kB
Progress (5): 277/615 kB | 0.4/2.7 MB | 401/778 kB | 0.2/1.5 MB | 221/329 kB
Progress (5): 281/615 kB | 0.4/2.7 MB | 401/778 kB | 0.2/1.5 MB | 221/329 kB
Progress (5): 285/615 kB | 0.4/2.7 MB | 401/778 kB | 0.2/1.5 MB | 221/329 kB
Progress (5): 289/615 kB | 0.4/2.7 MB | 401/778 kB | 0.2/1.5 MB | 221/329 kB
Progress (5): 293/615 kB | 0.4/2.7 MB | 401/778 kB | 0.2/1.5 MB | 221/329 kB
Progress (5): 297/615 kB | 0.4/2.7 MB | 401/778 kB | 0.2/1.5 MB | 221/329 kB
Progress (5): 301/615 kB | 0.4/2.7 MB | 401/778 kB | 0.2/1.5 MB | 221/329 kB
Progress (5): 305/615 kB | 0.4/2.7 MB | 401/778 kB | 0.2/1.5 MB | 221/329 kB
Progress (5): 309/615 kB | 0.4/2.7 MB | 401/778 kB | 0.2/1.5 MB | 221/329 kB
Progress (5): 313/615 kB | 0.4/2.7 MB | 401/778 kB | 0.2/1.5 MB | 221/329 kB
Progress (5): 318/615 kB | 0.4/2.7 MB | 401/778 kB | 0.2/1.5 MB | 221/329 kB
Progress (5): 322/615 kB | 0.4/2.7 MB | 401/778 kB | 0.2/1.5 MB | 221/329 kB
Progress (5): 326/615 kB | 0.4/2.7 MB | 401/778 kB | 0.2/1.5 MB | 221/329 kB
Progress (5): 330/615 kB | 0.4/2.7 MB | 401/778 kB | 0.2/1.5 MB | 221/329 kB
Progress (5): 334/615 kB | 0.4/2.7 MB | 401/778 kB | 0.2/1.5 MB | 221/329 kB
Progress (5): 338/615 kB | 0.4/2.7 MB | 401/778 kB | 0.2/1.5 MB | 221/329 kB
Progress (5): 342/615 kB | 0.4/2.7 MB | 401/778 kB | 0.2/1.5 MB | 221/329 kB
Progress (5): 346/615 kB | 0.4/2.7 MB | 401/778 kB | 0.2/1.5 MB | 221/329 kB
Progress (5): 350/615 kB | 0.4/2.7 MB | 401/778 kB | 0.2/1.5 MB | 221/329 kB
Progress (5): 350/615 kB | 0.4/2.7 MB | 401/778 kB | 0.2/1.5 MB | 221/329 kB
Progress (5): 350/615 kB | 0.4/2.7 MB | 401/778 kB | 0.2/1.5 MB | 225/329 kB
Progress (5): 350/615 kB | 0.4/2.7 MB | 401/778 kB | 0.2/1.5 MB | 229/329 kB
Progress (5): 350/615 kB | 0.4/2.7 MB | 401/778 kB | 0.2/1.5 MB | 233/329 kB
Progress (5): 350/615 kB | 0.4/2.7 MB | 401/778 kB | 0.2/1.5 MB | 238/329 kB
Progress (5): 350/615 kB | 0.4/2.7 MB | 401/778 kB | 0.2/1.5 MB | 242/329 kB
Progress (5): 350/615 kB | 0.4/2.7 MB | 401/778 kB | 0.2/1.5 MB | 246/329 kB
Progress (5): 350/615 kB | 0.4/2.7 MB | 401/778 kB | 0.2/1.5 MB | 250/329 kB
Progress (5): 350/615 kB | 0.4/2.7 MB | 401/778 kB | 0.2/1.5 MB | 254/329 kB
Progress (5): 350/615 kB | 0.4/2.7 MB | 401/778 kB | 0.2/1.5 MB | 258/329 kB
Progress (5): 350/615 kB | 0.4/2.7 MB | 401/778 kB | 0.2/1.5 MB | 262/329 kB
Progress (5): 350/615 kB | 0.4/2.7 MB | 401/778 kB | 0.2/1.5 MB | 266/329 kB
Progress (5): 350/615 kB | 0.4/2.7 MB | 401/778 kB | 0.2/1.5 MB | 270/329 kB
Progress (5): 350/615 kB | 0.4/2.7 MB | 401/778 kB | 0.2/1.5 MB | 274/329 kB
Progress (5): 350/615 kB | 0.4/2.7 MB | 401/778 kB | 0.2/1.5 MB | 279/329 kB
Progress (5): 350/615 kB | 0.4/2.7 MB | 401/778 kB | 0.2/1.5 MB | 283/329 kB
Progress (5): 350/615 kB | 0.4/2.7 MB | 401/778 kB | 0.2/1.5 MB | 287/329 kB
Progress (5): 350/615 kB | 0.4/2.7 MB | 401/778 kB | 0.2/1.5 MB | 291/329 kB
Progress (5): 350/615 kB | 0.4/2.7 MB | 401/778 kB | 0.2/1.5 MB | 295/329 kB
Progress (5): 350/615 kB | 0.4/2.7 MB | 401/778 kB | 0.2/1.5 MB | 299/329 kB
Progress (5): 350/615 kB | 0.4/2.7 MB | 401/778 kB | 0.2/1.5 MB | 303/329 kB
Progress (5): 350/615 kB | 0.4/2.7 MB | 401/778 kB | 0.2/1.5 MB | 307/329 kB
Progress (5): 350/615 kB | 0.4/2.7 MB | 401/778 kB | 0.2/1.5 MB | 311/329 kB
Progress (5): 350/615 kB | 0.4/2.7 MB | 401/778 kB | 0.2/1.5 MB | 315/329 kB
Progress (5): 350/615 kB | 0.4/2.7 MB | 401/778 kB | 0.2/1.5 MB | 319/329 kB
Progress (5): 350/615 kB | 0.4/2.7 MB | 401/778 kB | 0.2/1.5 MB | 324/329 kB
Progress (5): 350/615 kB | 0.4/2.7 MB | 401/778 kB | 0.2/1.5 MB | 328/329 kB
Progress (5): 350/615 kB | 0.4/2.7 MB | 401/778 kB | 0.2/1.5 MB | 329 kB
Progress (5): 350/615 kB | 0.4/2.7 MB | 405/778 kB | 0.2/1.5 MB | 329 kB
Progress (5): 350/615 kB | 0.4/2.7 MB | 405/778 kB | 0.2/1.5 MB | 329 kB
Progress (5): 350/615 kB | 0.4/2.7 MB | 409/778 kB | 0.2/1.5 MB | 329 kB
Progress (5): 350/615 kB | 0.4/2.7 MB | 413/778 kB | 0.2/1.5 MB | 329 kB
Progress (5): 350/615 kB | 0.4/2.7 MB | 417/778 kB | 0.2/1.5 MB | 329 kB
Progress (5): 350/615 kB | 0.4/2.7 MB | 417/778 kB | 0.2/1.5 MB | 329 kB
Progress (5): 350/615 kB | 0.4/2.7 MB | 421/778 kB | 0.2/1.5 MB | 329 kB
Progress (5): 350/615 kB | 0.4/2.7 MB | 421/778 kB | 0.2/1.5 MB | 329 kB
Progress (5): 350/615 kB | 0.4/2.7 MB | 425/778 kB | 0.2/1.5 MB | 329 kB
Progress (5): 350/615 kB | 0.4/2.7 MB | 430/778 kB | 0.2/1.5 MB | 329 kB
Progress (5): 350/615 kB | 0.4/2.7 MB | 434/778 kB | 0.2/1.5 MB | 329 kB
Progress (5): 350/615 kB | 0.4/2.7 MB | 434/778 kB | 0.3/1.5 MB | 329 kB
Progress (5): 350/615 kB | 0.4/2.7 MB | 434/778 kB | 0.3/1.5 MB | 329 kB
Progress (5): 350/615 kB | 0.4/2.7 MB | 438/778 kB | 0.3/1.5 MB | 329 kB
Progress (5): 350/615 kB | 0.4/2.7 MB | 438/778 kB | 0.3/1.5 MB | 329 kB
Progress (5): 350/615 kB | 0.4/2.7 MB | 442/778 kB | 0.3/1.5 MB | 329 kB
Progress (5): 350/615 kB | 0.4/2.7 MB | 442/778 kB | 0.3/1.5 MB | 329 kB
Progress (5): 350/615 kB | 0.4/2.7 MB | 446/778 kB | 0.3/1.5 MB | 329 kB
Progress (5): 350/615 kB | 0.4/2.7 MB | 450/778 kB | 0.3/1.5 MB | 329 kB
Progress (5): 350/615 kB | 0.4/2.7 MB | 450/778 kB | 0.3/1.5 MB | 329 kB
Progress (5): 350/615 kB | 0.4/2.7 MB | 454/778 kB | 0.3/1.5 MB | 329 kB
Progress (5): 350/615 kB | 0.4/2.7 MB | 454/778 kB | 0.3/1.5 MB | 329 kB
Progress (5): 350/615 kB | 0.4/2.7 MB | 458/778 kB | 0.3/1.5 MB | 329 kB
Progress (5): 350/615 kB | 0.4/2.7 MB | 462/778 kB | 0.3/1.5 MB | 329 kB
Progress (5): 350/615 kB | 0.4/2.7 MB | 466/778 kB | 0.3/1.5 MB | 329 kB
Progress (5): 350/615 kB | 0.4/2.7 MB | 466/778 kB | 0.3/1.5 MB | 329 kB
Progress (5): 350/615 kB | 0.4/2.7 MB | 466/778 kB | 0.3/1.5 MB | 329 kB
Progress (5): 350/615 kB | 0.4/2.7 MB | 471/778 kB | 0.3/1.5 MB | 329 kB
Progress (5): 350/615 kB | 0.4/2.7 MB | 475/778 kB | 0.3/1.5 MB | 329 kB
Progress (5): 350/615 kB | 0.4/2.7 MB | 479/778 kB | 0.3/1.5 MB | 329 kB
Progress (5): 350/615 kB | 0.4/2.7 MB | 479/778 kB | 0.3/1.5 MB | 329 kB
Progress (5): 350/615 kB | 0.4/2.7 MB | 483/778 kB | 0.3/1.5 MB | 329 kB
Progress (5): 350/615 kB | 0.4/2.7 MB | 483/778 kB | 0.3/1.5 MB | 329 kB
Progress (5): 350/615 kB | 0.4/2.7 MB | 487/778 kB | 0.3/1.5 MB | 329 kB
Progress (5): 350/615 kB | 0.4/2.7 MB | 491/778 kB | 0.3/1.5 MB | 329 kB
Progress (5): 350/615 kB | 0.4/2.7 MB | 491/778 kB | 0.3/1.5 MB | 329 kB
Progress (5): 350/615 kB | 0.4/2.7 MB | 495/778 kB | 0.3/1.5 MB | 329 kB
Progress (5): 350/615 kB | 0.4/2.7 MB | 495/778 kB | 0.3/1.5 MB | 329 kB
Progress (5): 350/615 kB | 0.4/2.7 MB | 499/778 kB | 0.3/1.5 MB | 329 kB
Progress (5): 350/615 kB | 0.4/2.7 MB | 503/778 kB | 0.3/1.5 MB | 329 kB
Progress (5): 350/615 kB | 0.4/2.7 MB | 503/778 kB | 0.4/1.5 MB | 329 kB
Progress (5): 350/615 kB | 0.4/2.7 MB | 507/778 kB | 0.4/1.5 MB | 329 kB
Progress (5): 350/615 kB | 0.4/2.7 MB | 507/778 kB | 0.4/1.5 MB | 329 kB
Progress (5): 350/615 kB | 0.4/2.7 MB | 511/778 kB | 0.4/1.5 MB | 329 kB
Progress (5): 350/615 kB | 0.4/2.7 MB | 516/778 kB | 0.4/1.5 MB | 329 kB
Progress (5): 350/615 kB | 0.4/2.7 MB | 516/778 kB | 0.4/1.5 MB | 329 kB
Progress (5): 350/615 kB | 0.4/2.7 MB | 516/778 kB | 0.4/1.5 MB | 329 kB
Progress (5): 350/615 kB | 0.4/2.7 MB | 516/778 kB | 0.4/1.5 MB | 329 kB
Progress (5): 350/615 kB | 0.4/2.7 MB | 516/778 kB | 0.4/1.5 MB | 329 kB
Progress (5): 350/615 kB | 0.4/2.7 MB | 520/778 kB | 0.4/1.5 MB | 329 kB
Progress (5): 350/615 kB | 0.4/2.7 MB | 524/778 kB | 0.4/1.5 MB | 329 kB
Progress (5): 350/615 kB | 0.4/2.7 MB | 528/778 kB | 0.4/1.5 MB | 329 kB
Progress (5): 350/615 kB | 0.4/2.7 MB | 532/778 kB | 0.4/1.5 MB | 329 kB
Progress (5): 350/615 kB | 0.4/2.7 MB | 536/778 kB | 0.4/1.5 MB | 329 kB
Progress (5): 350/615 kB | 0.4/2.7 MB | 540/778 kB | 0.4/1.5 MB | 329 kB
Progress (5): 350/615 kB | 0.4/2.7 MB | 544/778 kB | 0.4/1.5 MB | 329 kB
Progress (5): 350/615 kB | 0.4/2.7 MB | 548/778 kB | 0.4/1.5 MB | 329 kB
Progress (5): 350/615 kB | 0.4/2.7 MB | 552/778 kB | 0.4/1.5 MB | 329 kB
Progress (5): 350/615 kB | 0.4/2.7 MB | 557/778 kB | 0.4/1.5 MB | 329 kB
Progress (5): 350/615 kB | 0.4/2.7 MB | 561/778 kB | 0.4/1.5 MB | 329 kB
Progress (5): 350/615 kB | 0.4/2.7 MB | 565/778 kB | 0.4/1.5 MB | 329 kB
Progress (5): 350/615 kB | 0.4/2.7 MB | 569/778 kB | 0.4/1.5 MB | 329 kB
Progress (5): 350/615 kB | 0.4/2.7 MB | 569/778 kB | 0.4/1.5 MB | 329 kB
Progress (5): 350/615 kB | 0.4/2.7 MB | 569/778 kB | 0.4/1.5 MB | 329 kB
Progress (5): 350/615 kB | 0.4/2.7 MB | 569/778 kB | 0.4/1.5 MB | 329 kB
Progress (5): 350/615 kB | 0.4/2.7 MB | 569/778 kB | 0.4/1.5 MB | 329 kB
Progress (5): 350/615 kB | 0.4/2.7 MB | 569/778 kB | 0.4/1.5 MB | 329 kB
Progress (5): 350/615 kB | 0.4/2.7 MB | 569/778 kB | 0.4/1.5 MB | 329 kB
Progress (5): 350/615 kB | 0.4/2.7 MB | 569/778 kB | 0.5/1.5 MB | 329 kB

Downloaded from central: https://repo.maven.apache.org/maven2/org/apache/httpcomponents/httpcore/4.4.13/httpcore-4.4.13.jar (329 kB at 3.3 MB/s)
Progress (4): 350/615 kB | 0.4/2.7 MB | 569/778 kB | 0.5/1.5 MB
Progress (4): 350/615 kB | 0.4/2.7 MB | 569/778 kB | 0.5/1.5 MB

Downloading from central: https://repo.maven.apache.org/maven2/commons-logging/commons-logging/1.2/commons-logging-1.2.jar
Progress (4): 350/615 kB | 0.4/2.7 MB | 573/778 kB | 0.5/1.5 MB
Progress (4): 350/615 kB | 0.4/2.7 MB | 577/778 kB | 0.5/1.5 MB
Progress (4): 350/615 kB | 0.4/2.7 MB | 581/778 kB | 0.5/1.5 MB
Progress (4): 350/615 kB | 0.4/2.7 MB | 585/778 kB | 0.5/1.5 MB
Progress (4): 350/615 kB | 0.4/2.7 MB | 589/778 kB | 0.5/1.5 MB
Progress (4): 350/615 kB | 0.4/2.7 MB | 593/778 kB | 0.5/1.5 MB
Progress (4): 350/615 kB | 0.4/2.7 MB | 597/778 kB | 0.5/1.5 MB
Progress (4): 354/615 kB | 0.4/2.7 MB | 597/778 kB | 0.5/1.5 MB
Progress (4): 359/615 kB | 0.4/2.7 MB | 597/778 kB | 0.5/1.5 MB
Progress (4): 363/615 kB | 0.4/2.7 MB | 597/778 kB | 0.5/1.5 MB
Progress (4): 367/615 kB | 0.4/2.7 MB | 597/778 kB | 0.5/1.5 MB
Progress (4): 367/615 kB | 0.4/2.7 MB | 597/778 kB | 0.5/1.5 MB
Progress (4): 367/615 kB | 0.4/2.7 MB | 602/778 kB | 0.5/1.5 MB
Progress (4): 367/615 kB | 0.4/2.7 MB | 606/778 kB | 0.5/1.5 MB
Progress (4): 367/615 kB | 0.4/2.7 MB | 610/778 kB | 0.5/1.5 MB
Progress (4): 367/615 kB | 0.4/2.7 MB | 614/778 kB | 0.5/1.5 MB
Progress (4): 367/615 kB | 0.4/2.7 MB | 614/778 kB | 0.5/1.5 MB
Progress (4): 367/615 kB | 0.4/2.7 MB | 614/778 kB | 0.5/1.5 MB
Progress (4): 367/615 kB | 0.4/2.7 MB | 614/778 kB | 0.5/1.5 MB
Progress (4): 367/615 kB | 0.4/2.7 MB | 614/778 kB | 0.5/1.5 MB
Progress (4): 367/615 kB | 0.4/2.7 MB | 614/778 kB | 0.5/1.5 MB
Progress (4): 367/615 kB | 0.4/2.7 MB | 614/778 kB | 0.5/1.5 MB
Progress (4): 367/615 kB | 0.4/2.7 MB | 614/778 kB | 0.5/1.5 MB
Progress (4): 367/615 kB | 0.5/2.7 MB | 614/778 kB | 0.5/1.5 MB
Progress (4): 367/615 kB | 0.5/2.7 MB | 618/778 kB | 0.5/1.5 MB
Progress (4): 367/615 kB | 0.5/2.7 MB | 622/778 kB | 0.5/1.5 MB
Progress (4): 367/615 kB | 0.5/2.7 MB | 626/778 kB | 0.5/1.5 MB
Progress (4): 367/615 kB | 0.5/2.7 MB | 630/778 kB | 0.5/1.5 MB
Progress (4): 367/615 kB | 0.5/2.7 MB | 634/778 kB | 0.5/1.5 MB
Progress (4): 371/615 kB | 0.5/2.7 MB | 634/778 kB | 0.5/1.5 MB
Progress (4): 375/615 kB | 0.5/2.7 MB | 634/778 kB | 0.5/1.5 MB
Progress (4): 379/615 kB | 0.5/2.7 MB | 634/778 kB | 0.5/1.5 MB
Progress (4): 383/615 kB | 0.5/2.7 MB | 634/778 kB | 0.5/1.5 MB
Progress (4): 387/615 kB | 0.5/2.7 MB | 634/778 kB | 0.5/1.5 MB
Progress (4): 391/615 kB | 0.5/2.7 MB | 634/778 kB | 0.5/1.5 MB
Progress (4): 395/615 kB | 0.5/2.7 MB | 634/778 kB | 0.5/1.5 MB
Progress (4): 399/615 kB | 0.5/2.7 MB | 634/778 kB | 0.5/1.5 MB
Progress (4): 404/615 kB | 0.5/2.7 MB | 634/778 kB | 0.5/1.5 MB
Progress (4): 404/615 kB | 0.5/2.7 MB | 634/778 kB | 0.5/1.5 MB
Progress (4): 404/615 kB | 0.5/2.7 MB | 634/778 kB | 0.5/1.5 MB
Progress (4): 404/615 kB | 0.5/2.7 MB | 634/778 kB | 0.5/1.5 MB
Progress (4): 404/615 kB | 0.5/2.7 MB | 634/778 kB | 0.5/1.5 MB
Progress (4): 404/615 kB | 0.5/2.7 MB | 634/778 kB | 0.6/1.5 MB
Progress (4): 404/615 kB | 0.5/2.7 MB | 634/778 kB | 0.6/1.5 MB
Progress (4): 404/615 kB | 0.5/2.7 MB | 634/778 kB | 0.6/1.5 MB
Progress (4): 404/615 kB | 0.5/2.7 MB | 634/778 kB | 0.6/1.5 MB
Progress (4): 404/615 kB | 0.5/2.7 MB | 634/778 kB | 0.6/1.5 MB
Progress (4): 404/615 kB | 0.5/2.7 MB | 634/778 kB | 0.6/1.5 MB
Progress (4): 404/615 kB | 0.5/2.7 MB | 634/778 kB | 0.6/1.5 MB
Progress (4): 404/615 kB | 0.5/2.7 MB | 634/778 kB | 0.6/1.5 MB
Progress (4): 404/615 kB | 0.5/2.7 MB | 634/778 kB | 0.6/1.5 MB
Progress (4): 404/615 kB | 0.5/2.7 MB | 634/778 kB | 0.6/1.5 MB
Progress (4): 404/615 kB | 0.5/2.7 MB | 634/778 kB | 0.6/1.5 MB
Progress (5): 404/615 kB | 0.5/2.7 MB | 634/778 kB | 0.6/1.5 MB | 4.1/62 kB
Progress (5): 404/615 kB | 0.5/2.7 MB | 634/778 kB | 0.6/1.5 MB | 8.2/62 kB
Progress (5): 404/615 kB | 0.5/2.7 MB | 634/778 kB | 0.6/1.5 MB | 12/62 kB
Progress (5): 404/615 kB | 0.5/2.7 MB | 634/778 kB | 0.6/1.5 MB | 16/62 kB
Progress (5): 404/615 kB | 0.5/2.7 MB | 634/778 kB | 0.6/1.5 MB | 20/62 kB
Progress (5): 404/615 kB | 0.5/2.7 MB | 634/778 kB | 0.6/1.5 MB | 25/62 kB
Progress (5): 404/615 kB | 0.5/2.7 MB | 634/778 kB | 0.6/1.5 MB | 29/62 kB
Progress (5): 404/615 kB | 0.5/2.7 MB | 634/778 kB | 0.6/1.5 MB | 33/62 kB
Progress (5): 404/615 kB | 0.5/2.7 MB | 634/778 kB | 0.6/1.5 MB | 37/62 kB
Progress (5): 404/615 kB | 0.5/2.7 MB | 634/778 kB | 0.6/1.5 MB | 41/62 kB
Progress (5): 404/615 kB | 0.5/2.7 MB | 634/778 kB | 0.6/1.5 MB | 45/62 kB
Progress (5): 404/615 kB | 0.5/2.7 MB | 634/778 kB | 0.6/1.5 MB | 49/62 kB
Progress (5): 404/615 kB | 0.5/2.7 MB | 634/778 kB | 0.6/1.5 MB | 53/62 kB
Progress (5): 404/615 kB | 0.5/2.7 MB | 634/778 kB | 0.6/1.5 MB | 57/62 kB
Progress (5): 404/615 kB | 0.5/2.7 MB | 634/778 kB | 0.6/1.5 MB | 61/62 kB
Progress (5): 404/615 kB | 0.5/2.7 MB | 634/778 kB | 0.6/1.5 MB | 62 kB
Progress (5): 408/615 kB | 0.5/2.7 MB | 634/778 kB | 0.6/1.5 MB | 62 kB
Progress (5): 412/615 kB | 0.5/2.7 MB | 634/778 kB | 0.6/1.5 MB | 62 kB
Progress (5): 416/615 kB | 0.5/2.7 MB | 634/778 kB | 0.6/1.5 MB | 62 kB
Progress (5): 420/615 kB | 0.5/2.7 MB | 634/778 kB | 0.6/1.5 MB | 62 kB
Progress (5): 424/615 kB | 0.5/2.7 MB | 634/778 kB | 0.6/1.5 MB | 62 kB
Progress (5): 428/615 kB | 0.5/2.7 MB | 634/778 kB | 0.6/1.5 MB | 62 kB
Progress (5): 432/615 kB | 0.5/2.7 MB | 634/778 kB | 0.6/1.5 MB | 62 kB
Progress (5): 436/615 kB | 0.5/2.7 MB | 634/778 kB | 0.6/1.5 MB | 62 kB
Progress (5): 440/615 kB | 0.5/2.7 MB | 634/778 kB | 0.6/1.5 MB | 62 kB
Progress (5): 445/615 kB | 0.5/2.7 MB | 634/778 kB | 0.6/1.5 MB | 62 kB
Progress (5): 445/615 kB | 0.5/2.7 MB | 634/778 kB | 0.6/1.5 MB | 62 kB
Progress (5): 445/615 kB | 0.5/2.7 MB | 638/778 kB | 0.6/1.5 MB | 62 kB
Progress (5): 445/615 kB | 0.5/2.7 MB | 643/778 kB | 0.6/1.5 MB | 62 kB
Progress (5): 445/615 kB | 0.5/2.7 MB | 647/778 kB | 0.6/1.5 MB | 62 kB
Progress (5): 445/615 kB | 0.5/2.7 MB | 647/778 kB | 0.6/1.5 MB | 62 kB
Progress (5): 445/615 kB | 0.5/2.7 MB | 651/778 kB | 0.6/1.5 MB | 62 kB
Progress (5): 445/615 kB | 0.5/2.7 MB | 655/778 kB | 0.6/1.5 MB | 62 kB
Progress (5): 445/615 kB | 0.5/2.7 MB | 659/778 kB | 0.6/1.5 MB | 62 kB
Progress (5): 445/615 kB | 0.5/2.7 MB | 663/778 kB | 0.6/1.5 MB | 62 kB
Progress (5): 445/615 kB | 0.5/2.7 MB | 663/778 kB | 0.6/1.5 MB | 62 kB
Progress (5): 445/615 kB | 0.5/2.7 MB | 667/778 kB | 0.6/1.5 MB | 62 kB
Progress (5): 445/615 kB | 0.5/2.7 MB | 671/778 kB | 0.6/1.5 MB | 62 kB
Progress (5): 445/615 kB | 0.5/2.7 MB | 675/778 kB | 0.6/1.5 MB | 62 kB
Progress (5): 445/615 kB | 0.5/2.7 MB | 679/778 kB | 0.6/1.5 MB | 62 kB
Progress (5): 445/615 kB | 0.5/2.7 MB | 679/778 kB | 0.6/1.5 MB | 62 kB
Progress (5): 445/615 kB | 0.5/2.7 MB | 684/778 kB | 0.6/1.5 MB | 62 kB
Progress (5): 445/615 kB | 0.5/2.7 MB | 688/778 kB | 0.6/1.5 MB | 62 kB
Progress (5): 445/615 kB | 0.5/2.7 MB | 692/778 kB | 0.6/1.5 MB | 62 kB
Progress (5): 445/615 kB | 0.5/2.7 MB | 696/778 kB | 0.6/1.5 MB | 62 kB
Progress (5): 445/615 kB | 0.5/2.7 MB | 696/778 kB | 0.6/1.5 MB | 62 kB
Progress (5): 445/615 kB | 0.5/2.7 MB | 700/778 kB | 0.6/1.5 MB | 62 kB
Progress (5): 445/615 kB | 0.5/2.7 MB | 704/778 kB | 0.6/1.5 MB | 62 kB
Progress (5): 445/615 kB | 0.5/2.7 MB | 708/778 kB | 0.6/1.5 MB | 62 kB
Progress (5): 445/615 kB | 0.5/2.7 MB | 712/778 kB | 0.6/1.5 MB | 62 kB
Progress (5): 445/615 kB | 0.5/2.7 MB | 716/778 kB | 0.6/1.5 MB | 62 kB
Progress (5): 445/615 kB | 0.5/2.7 MB | 720/778 kB | 0.6/1.5 MB | 62 kB

Downloaded from central: https://repo.maven.apache.org/maven2/commons-logging/commons-logging/1.2/commons-logging-1.2.jar (62 kB at 524 kB/s)
Downloading from central: https://repo.maven.apache.org/maven2/commons-codec/commons-codec/1.11/commons-codec-1.11.jar
Progress (4): 445/615 kB | 0.5/2.7 MB | 720/778 kB | 0.6/1.5 MB
Progress (4): 445/615 kB | 0.5/2.7 MB | 720/778 kB | 0.7/1.5 MB
Progress (4): 445/615 kB | 0.5/2.7 MB | 720/778 kB | 0.7/1.5 MB
Progress (4): 445/615 kB | 0.5/2.7 MB | 720/778 kB | 0.7/1.5 MB
Progress (4): 445/615 kB | 0.5/2.7 MB | 720/778 kB | 0.7/1.5 MB
Progress (4): 445/615 kB | 0.5/2.7 MB | 720/778 kB | 0.7/1.5 MB
Progress (4): 445/615 kB | 0.5/2.7 MB | 720/778 kB | 0.7/1.5 MB
Progress (4): 445/615 kB | 0.5/2.7 MB | 720/778 kB | 0.7/1.5 MB
Progress (4): 445/615 kB | 0.5/2.7 MB | 720/778 kB | 0.7/1.5 MB
Progress (4): 445/615 kB | 0.5/2.7 MB | 720/778 kB | 0.7/1.5 MB
Progress (4): 445/615 kB | 0.5/2.7 MB | 720/778 kB | 0.7/1.5 MB
Progress (4): 445/615 kB | 0.5/2.7 MB | 720/778 kB | 0.7/1.5 MB
Progress (4): 445/615 kB | 0.5/2.7 MB | 720/778 kB | 0.7/1.5 MB
Progress (4): 445/615 kB | 0.6/2.7 MB | 720/778 kB | 0.7/1.5 MB
Progress (5): 445/615 kB | 0.6/2.7 MB | 720/778 kB | 0.7/1.5 MB | 4.1/335 kB
Progress (5): 445/615 kB | 0.6/2.7 MB | 720/778 kB | 0.7/1.5 MB | 8.2/335 kB
Progress (5): 445/615 kB | 0.6/2.7 MB | 720/778 kB | 0.7/1.5 MB | 12/335 kB
Progress (5): 445/615 kB | 0.6/2.7 MB | 720/778 kB | 0.7/1.5 MB | 16/335 kB
Progress (5): 449/615 kB | 0.6/2.7 MB | 720/778 kB | 0.7/1.5 MB | 16/335 kB
Progress (5): 449/615 kB | 0.6/2.7 MB | 720/778 kB | 0.7/1.5 MB | 20/335 kB
Progress (5): 449/615 kB | 0.6/2.7 MB | 720/778 kB | 0.7/1.5 MB | 25/335 kB
Progress (5): 449/615 kB | 0.6/2.7 MB | 720/778 kB | 0.7/1.5 MB | 25/335 kB
Progress (5): 449/615 kB | 0.6/2.7 MB | 724/778 kB | 0.7/1.5 MB | 25/335 kB
Progress (5): 449/615 kB | 0.6/2.7 MB | 729/778 kB | 0.7/1.5 MB | 25/335 kB
Progress (5): 449/615 kB | 0.6/2.7 MB | 729/778 kB | 0.7/1.5 MB | 25/335 kB
Progress (5): 449/615 kB | 0.6/2.7 MB | 729/778 kB | 0.8/1.5 MB | 25/335 kB
Progress (5): 449/615 kB | 0.6/2.7 MB | 729/778 kB | 0.8/1.5 MB | 25/335 kB
Progress (5): 449/615 kB | 0.6/2.7 MB | 729/778 kB | 0.8/1.5 MB | 25/335 kB
Progress (5): 449/615 kB | 0.6/2.7 MB | 729/778 kB | 0.8/1.5 MB | 25/335 kB
Progress (5): 449/615 kB | 0.6/2.7 MB | 729/778 kB | 0.8/1.5 MB | 25/335 kB
Progress (5): 449/615 kB | 0.6/2.7 MB | 729/778 kB | 0.8/1.5 MB | 25/335 kB
Progress (5): 449/615 kB | 0.6/2.7 MB | 729/778 kB | 0.8/1.5 MB | 25/335 kB
Progress (5): 449/615 kB | 0.6/2.7 MB | 729/778 kB | 0.8/1.5 MB | 25/335 kB
Progress (5): 449/615 kB | 0.6/2.7 MB | 729/778 kB | 0.8/1.5 MB | 25/335 kB
Progress (5): 449/615 kB | 0.6/2.7 MB | 729/778 kB | 0.8/1.5 MB | 25/335 kB
Progress (5): 449/615 kB | 0.6/2.7 MB | 729/778 kB | 0.8/1.5 MB | 25/335 kB
Progress (5): 449/615 kB | 0.6/2.7 MB | 729/778 kB | 0.8/1.5 MB | 25/335 kB
Progress (5): 449/615 kB | 0.6/2.7 MB | 729/778 kB | 0.8/1.5 MB | 25/335 kB
Progress (5): 449/615 kB | 0.7/2.7 MB | 729/778 kB | 0.8/1.5 MB | 25/335 kB
Progress (5): 449/615 kB | 0.7/2.7 MB | 729/778 kB | 0.8/1.5 MB | 25/335 kB
Progress (5): 449/615 kB | 0.7/2.7 MB | 729/778 kB | 0.8/1.5 MB | 25/335 kB
Progress (5): 449/615 kB | 0.7/2.7 MB | 729/778 kB | 0.8/1.5 MB | 25/335 kB
Progress (5): 449/615 kB | 0.7/2.7 MB | 729/778 kB | 0.9/1.5 MB | 25/335 kB
Progress (5): 449/615 kB | 0.7/2.7 MB | 729/778 kB | 0.9/1.5 MB | 25/335 kB
Progress (5): 449/615 kB | 0.7/2.7 MB | 729/778 kB | 0.9/1.5 MB | 25/335 kB
Progress (5): 449/615 kB | 0.7/2.7 MB | 729/778 kB | 0.9/1.5 MB | 25/335 kB
Progress (5): 449/615 kB | 0.7/2.7 MB | 729/778 kB | 0.9/1.5 MB | 25/335 kB
Progress (5): 449/615 kB | 0.7/2.7 MB | 729/778 kB | 0.9/1.5 MB | 25/335 kB
Progress (5): 449/615 kB | 0.7/2.7 MB | 729/778 kB | 0.9/1.5 MB | 25/335 kB
Progress (5): 449/615 kB | 0.7/2.7 MB | 729/778 kB | 0.9/1.5 MB | 25/335 kB
Progress (5): 449/615 kB | 0.7/2.7 MB | 729/778 kB | 0.9/1.5 MB | 25/335 kB
Progress (5): 449/615 kB | 0.7/2.7 MB | 729/778 kB | 0.9/1.5 MB | 25/335 kB
Progress (5): 449/615 kB | 0.7/2.7 MB | 733/778 kB | 0.9/1.5 MB | 25/335 kB
Progress (5): 449/615 kB | 0.7/2.7 MB | 737/778 kB | 0.9/1.5 MB | 25/335 kB
Progress (5): 449/615 kB | 0.7/2.7 MB | 741/778 kB | 0.9/1.5 MB | 25/335 kB
Progress (5): 449/615 kB | 0.7/2.7 MB | 745/778 kB | 0.9/1.5 MB | 25/335 kB
Progress (5): 449/615 kB | 0.7/2.7 MB | 749/778 kB | 0.9/1.5 MB | 25/335 kB
Progress (5): 449/615 kB | 0.7/2.7 MB | 753/778 kB | 0.9/1.5 MB | 25/335 kB
Progress (5): 449/615 kB | 0.7/2.7 MB | 757/778 kB | 0.9/1.5 MB | 25/335 kB
Progress (5): 449/615 kB | 0.7/2.7 MB | 761/778 kB | 0.9/1.5 MB | 25/335 kB
Progress (5): 449/615 kB | 0.7/2.7 MB | 765/778 kB | 0.9/1.5 MB | 25/335 kB
Progress (5): 449/615 kB | 0.7/2.7 MB | 770/778 kB | 0.9/1.5 MB | 25/335 kB
Progress (5): 449/615 kB | 0.7/2.7 MB | 774/778 kB | 0.9/1.5 MB | 25/335 kB
Progress (5): 449/615 kB | 0.7/2.7 MB | 778/778 kB | 0.9/1.5 MB | 25/335 kB
Progress (5): 449/615 kB | 0.7/2.7 MB | 778 kB | 0.9/1.5 MB | 25/335 kB
Progress (5): 449/615 kB | 0.7/2.7 MB | 778 kB | 0.9/1.5 MB | 29/335 kB
Progress (5): 453/615 kB | 0.7/2.7 MB | 778 kB | 0.9/1.5 MB | 29/335 kB
Progress (5): 453/615 kB | 0.7/2.7 MB | 778 kB | 0.9/1.5 MB | 33/335 kB
Progress (5): 457/615 kB | 0.7/2.7 MB | 778 kB | 0.9/1.5 MB | 33/335 kB
Progress (5): 461/615 kB | 0.7/2.7 MB | 778 kB | 0.9/1.5 MB | 33/335 kB
Progress (5): 465/615 kB | 0.7/2.7 MB | 778 kB | 0.9/1.5 MB | 33/335 kB
Progress (5): 469/615 kB | 0.7/2.7 MB | 778 kB | 0.9/1.5 MB | 33/335 kB
Progress (5): 473/615 kB | 0.7/2.7 MB | 778 kB | 0.9/1.5 MB | 33/335 kB
Progress (5): 477/615 kB | 0.7/2.7 MB | 778 kB | 0.9/1.5 MB | 33/335 kB
Progress (5): 481/615 kB | 0.7/2.7 MB | 778 kB | 0.9/1.5 MB | 33/335 kB
Progress (5): 486/615 kB | 0.7/2.7 MB | 778 kB | 0.9/1.5 MB | 33/335 kB
Progress (5): 490/615 kB | 0.7/2.7 MB | 778 kB | 0.9/1.5 MB | 33/335 kB
Progress (5): 494/615 kB | 0.7/2.7 MB | 778 kB | 0.9/1.5 MB | 33/335 kB
Progress (5): 498/615 kB | 0.7/2.7 MB | 778 kB | 0.9/1.5 MB | 33/335 kB
Progress (5): 502/615 kB | 0.7/2.7 MB | 778 kB | 0.9/1.5 MB | 33/335 kB
Progress (5): 506/615 kB | 0.7/2.7 MB | 778 kB | 0.9/1.5 MB | 33/335 kB
Progress (5): 510/615 kB | 0.7/2.7 MB | 778 kB | 0.9/1.5 MB | 33/335 kB
Progress (5): 514/615 kB | 0.7/2.7 MB | 778 kB | 0.9/1.5 MB | 33/335 kB
Progress (5): 518/615 kB | 0.7/2.7 MB | 778 kB | 0.9/1.5 MB | 33/335 kB
Progress (5): 522/615 kB | 0.7/2.7 MB | 778 kB | 0.9/1.5 MB | 33/335 kB
Progress (5): 526/615 kB | 0.7/2.7 MB | 778 kB | 0.9/1.5 MB | 33/335 kB
Progress (5): 531/615 kB | 0.7/2.7 MB | 778 kB | 0.9/1.5 MB | 33/335 kB
Progress (5): 535/615 kB | 0.7/2.7 MB | 778 kB | 0.9/1.5 MB | 33/335 kB
Progress (5): 539/615 kB | 0.7/2.7 MB | 778 kB | 0.9/1.5 MB | 33/335 kB
Progress (5): 539/615 kB | 0.7/2.7 MB | 778 kB | 0.9/1.5 MB | 33/335 kB
Progress (5): 539/615 kB | 0.7/2.7 MB | 778 kB | 0.9/1.5 MB | 37/335 kB
Progress (5): 539/615 kB | 0.7/2.7 MB | 778 kB | 0.9/1.5 MB | 41/335 kB
Progress (5): 539/615 kB | 0.7/2.7 MB | 778 kB | 0.9/1.5 MB | 45/335 kB
Progress (5): 539/615 kB | 0.7/2.7 MB | 778 kB | 0.9/1.5 MB | 49/335 kB
Progress (5): 539/615 kB | 0.7/2.7 MB | 778 kB | 0.9/1.5 MB | 49/335 kB
Progress (5): 539/615 kB | 0.7/2.7 MB | 778 kB | 0.9/1.5 MB | 53/335 kB
Progress (5): 539/615 kB | 0.7/2.7 MB | 778 kB | 0.9/1.5 MB | 57/335 kB
Progress (5): 539/615 kB | 0.7/2.7 MB | 778 kB | 0.9/1.5 MB | 61/335 kB
Progress (5): 539/615 kB | 0.7/2.7 MB | 778 kB | 0.9/1.5 MB | 61/335 kB
Progress (5): 539/615 kB | 0.7/2.7 MB | 778 kB | 0.9/1.5 MB | 66/335 kB
Progress (5): 539/615 kB | 0.7/2.7 MB | 778 kB | 0.9/1.5 MB | 70/335 kB
Progress (5): 539/615 kB | 0.7/2.7 MB | 778 kB | 0.9/1.5 MB | 74/335 kB
Progress (5): 539/615 kB | 0.7/2.7 MB | 778 kB | 0.9/1.5 MB | 74/335 kB
Progress (5): 539/615 kB | 0.7/2.7 MB | 778 kB | 0.9/1.5 MB | 78/335 kB
Progress (5): 539/615 kB | 0.7/2.7 MB | 778 kB | 0.9/1.5 MB | 82/335 kB
Progress (5): 539/615 kB | 0.7/2.7 MB | 778 kB | 0.9/1.5 MB | 86/335 kB
Progress (5): 539/615 kB | 0.8/2.7 MB | 778 kB | 0.9/1.5 MB | 86/335 kB
Progress (5): 539/615 kB | 0.8/2.7 MB | 778 kB | 0.9/1.5 MB | 90/335 kB
Progress (5): 539/615 kB | 0.8/2.7 MB | 778 kB | 0.9/1.5 MB | 94/335 kB
Progress (5): 539/615 kB | 0.8/2.7 MB | 778 kB | 0.9/1.5 MB | 98/335 kB
Progress (5): 539/615 kB | 0.8/2.7 MB | 778 kB | 0.9/1.5 MB | 102/335 kB
Progress (5): 539/615 kB | 0.8/2.7 MB | 778 kB | 0.9/1.5 MB | 106/335 kB
Progress (5): 539/615 kB | 0.8/2.7 MB | 778 kB | 0.9/1.5 MB | 111/335 kB
Progress (5): 539/615 kB | 0.8/2.7 MB | 778 kB | 0.9/1.5 MB | 111/335 kB
Progress (5): 539/615 kB | 0.8/2.7 MB | 778 kB | 0.9/1.5 MB | 115/335 kB
Progress (5): 539/615 kB | 0.8/2.7 MB | 778 kB | 0.9/1.5 MB | 119/335 kB
Progress (5): 539/615 kB | 0.8/2.7 MB | 778 kB | 0.9/1.5 MB | 123/335 kB
Progress (5): 539/615 kB | 0.8/2.7 MB | 778 kB | 0.9/1.5 MB | 123/335 kB
Progress (5): 539/615 kB | 0.8/2.7 MB | 778 kB | 0.9/1.5 MB | 127/335 kB
Progress (5): 539/615 kB | 0.8/2.7 MB | 778 kB | 0.9/1.5 MB | 131/335 kB
Progress (5): 539/615 kB | 0.8/2.7 MB | 778 kB | 0.9/1.5 MB | 135/335 kB
Progress (5): 539/615 kB | 0.8/2.7 MB | 778 kB | 0.9/1.5 MB | 135/335 kB
Progress (5): 543/615 kB | 0.8/2.7 MB | 778 kB | 0.9/1.5 MB | 135/335 kB
Progress (5): 547/615 kB | 0.8/2.7 MB | 778 kB | 0.9/1.5 MB | 135/335 kB
Progress (5): 551/615 kB | 0.8/2.7 MB | 778 kB | 0.9/1.5 MB | 135/335 kB
Progress (5): 555/615 kB | 0.8/2.7 MB | 778 kB | 0.9/1.5 MB | 135/335 kB
Progress (5): 559/615 kB | 0.8/2.7 MB | 778 kB | 0.9/1.5 MB | 135/335 kB
Progress (5): 563/615 kB | 0.8/2.7 MB | 778 kB | 0.9/1.5 MB | 135/335 kB
Progress (5): 563/615 kB | 0.8/2.7 MB | 778 kB | 0.9/1.5 MB | 139/335 kB
Progress (5): 563/615 kB | 0.8/2.7 MB | 778 kB | 0.9/1.5 MB | 143/335 kB
Progress (5): 563/615 kB | 0.8/2.7 MB | 778 kB | 0.9/1.5 MB | 147/335 kB
Progress (5): 563/615 kB | 0.8/2.7 MB | 778 kB | 0.9/1.5 MB | 152/335 kB
Progress (5): 563/615 kB | 0.8/2.7 MB | 778 kB | 0.9/1.5 MB | 156/335 kB
Progress (5): 563/615 kB | 0.8/2.7 MB | 778 kB | 0.9/1.5 MB | 160/335 kB
Progress (5): 563/615 kB | 0.8/2.7 MB | 778 kB | 0.9/1.5 MB | 164/335 kB
Progress (5): 563/615 kB | 0.8/2.7 MB | 778 kB | 0.9/1.5 MB | 168/335 kB
Progress (5): 563/615 kB | 0.8/2.7 MB | 778 kB | 0.9/1.5 MB | 168/335 kB
Progress (5): 563/615 kB | 0.8/2.7 MB | 778 kB | 0.9/1.5 MB | 168/335 kB
Progress (5): 563/615 kB | 0.8/2.7 MB | 778 kB | 0.9/1.5 MB | 168/335 kB
Progress (5): 563/615 kB | 0.8/2.7 MB | 778 kB | 0.9/1.5 MB | 168/335 kB
Progress (5): 563/615 kB | 0.9/2.7 MB | 778 kB | 0.9/1.5 MB | 168/335 kB
Progress (5): 563/615 kB | 0.9/2.7 MB | 778 kB | 1.0/1.5 MB | 168/335 kB
Progress (5): 563/615 kB | 0.9/2.7 MB | 778 kB | 1.0/1.5 MB | 168/335 kB
Progress (5): 563/615 kB | 0.9/2.7 MB | 778 kB | 1.0/1.5 MB | 168/335 kB
Progress (5): 563/615 kB | 0.9/2.7 MB | 778 kB | 1.0/1.5 MB | 168/335 kB
Progress (5): 563/615 kB | 0.9/2.7 MB | 778 kB | 1.0/1.5 MB | 168/335 kB
Progress (5): 563/615 kB | 0.9/2.7 MB | 778 kB | 1.0/1.5 MB | 168/335 kB
Progress (5): 563/615 kB | 0.9/2.7 MB | 778 kB | 1.0/1.5 MB | 168/335 kB
Progress (5): 563/615 kB | 0.9/2.7 MB | 778 kB | 1.0/1.5 MB | 168/335 kB
Progress (5): 563/615 kB | 0.9/2.7 MB | 778 kB | 1.0/1.5 MB | 168/335 kB
Progress (5): 563/615 kB | 0.9/2.7 MB | 778 kB | 1.0/1.5 MB | 168/335 kB

Downloaded from central: https://repo.maven.apache.org/maven2/org/apache/httpcomponents/httpclient/4.5.12/httpclient-4.5.12.jar (778 kB at 5.4 MB/s)
Downloading from central: https://repo.maven.apache.org/maven2/org/springframework/boot/spring-boot-loader-tools/2.3.2.RELEASE/spring-boot-loader-tools-2.3.2.RELEASE.jar
Progress (4): 563/615 kB | 0.9/2.7 MB | 1.0/1.5 MB | 168/335 kB
Progress (4): 563/615 kB | 0.9/2.7 MB | 1.0/1.5 MB | 168/335 kB
Progress (4): 563/615 kB | 0.9/2.7 MB | 1.0/1.5 MB | 168/335 kB
Progress (4): 563/615 kB | 1.0/2.7 MB | 1.0/1.5 MB | 168/335 kB
Progress (4): 563/615 kB | 1.0/2.7 MB | 1.0/1.5 MB | 168/335 kB
Progress (4): 563/615 kB | 1.0/2.7 MB | 1.0/1.5 MB | 168/335 kB
Progress (4): 563/615 kB | 1.0/2.7 MB | 1.0/1.5 MB | 168/335 kB
Progress (4): 563/615 kB | 1.0/2.7 MB | 1.0/1.5 MB | 168/335 kB
Progress (4): 563/615 kB | 1.0/2.7 MB | 1.0/1.5 MB | 168/335 kB
Progress (4): 563/615 kB | 1.1/2.7 MB | 1.0/1.5 MB | 168/335 kB
Progress (4): 563/615 kB | 1.1/2.7 MB | 1.0/1.5 MB | 168/335 kB
Progress (4): 563/615 kB | 1.1/2.7 MB | 1.0/1.5 MB | 168/335 kB
Progress (4): 563/615 kB | 1.1/2.7 MB | 1.0/1.5 MB | 168/335 kB
Progress (4): 563/615 kB | 1.1/2.7 MB | 1.0/1.5 MB | 168/335 kB
Progress (4): 563/615 kB | 1.1/2.7 MB | 1.0/1.5 MB | 172/335 kB
Progress (4): 567/615 kB | 1.1/2.7 MB | 1.0/1.5 MB | 172/335 kB
Progress (4): 572/615 kB | 1.1/2.7 MB | 1.0/1.5 MB | 172/335 kB
Progress (4): 576/615 kB | 1.1/2.7 MB | 1.0/1.5 MB | 172/335 kB
Progress (4): 580/615 kB | 1.1/2.7 MB | 1.0/1.5 MB | 172/335 kB
Progress (4): 584/615 kB | 1.1/2.7 MB | 1.0/1.5 MB | 172/335 kB
Progress (4): 588/615 kB | 1.1/2.7 MB | 1.0/1.5 MB | 172/335 kB
Progress (4): 592/615 kB | 1.1/2.7 MB | 1.0/1.5 MB | 172/335 kB
Progress (4): 596/615 kB | 1.1/2.7 MB | 1.0/1.5 MB | 172/335 kB
Progress (4): 600/615 kB | 1.1/2.7 MB | 1.0/1.5 MB | 172/335 kB
Progress (4): 604/615 kB | 1.1/2.7 MB | 1.0/1.5 MB | 172/335 kB
Progress (4): 608/615 kB | 1.1/2.7 MB | 1.0/1.5 MB | 172/335 kB
Progress (4): 612/615 kB | 1.1/2.7 MB | 1.0/1.5 MB | 172/335 kB
Progress (4): 615 kB | 1.1/2.7 MB | 1.0/1.5 MB | 172/335 kB
Progress (4): 615 kB | 1.1/2.7 MB | 1.0/1.5 MB | 176/335 kB
Progress (5): 615 kB | 1.1/2.7 MB | 1.0/1.5 MB | 176/335 kB | 4.1/240 kB
Progress (5): 615 kB | 1.1/2.7 MB | 1.0/1.5 MB | 180/335 kB | 4.1/240 kB
Progress (5): 615 kB | 1.1/2.7 MB | 1.0/1.5 MB | 180/335 kB | 8.2/240 kB
Progress (5): 615 kB | 1.1/2.7 MB | 1.0/1.5 MB | 180/335 kB | 12/240 kB
Progress (5): 615 kB | 1.1/2.7 MB | 1.0/1.5 MB | 180/335 kB | 16/240 kB
Progress (5): 615 kB | 1.1/2.7 MB | 1.0/1.5 MB | 180/335 kB | 20/240 kB
Progress (5): 615 kB | 1.1/2.7 MB | 1.0/1.5 MB | 180/335 kB | 25/240 kB
Progress (5): 615 kB | 1.1/2.7 MB | 1.0/1.5 MB | 180/335 kB | 29/240 kB
Progress (5): 615 kB | 1.1/2.7 MB | 1.0/1.5 MB | 180/335 kB | 33/240 kB
Progress (5): 615 kB | 1.1/2.7 MB | 1.0/1.5 MB | 180/335 kB | 37/240 kB
Progress (5): 615 kB | 1.1/2.7 MB | 1.0/1.5 MB | 180/335 kB | 41/240 kB
Progress (5): 615 kB | 1.1/2.7 MB | 1.0/1.5 MB | 180/335 kB | 45/240 kB
Progress (5): 615 kB | 1.1/2.7 MB | 1.0/1.5 MB | 180/335 kB | 49/240 kB
Progress (5): 615 kB | 1.1/2.7 MB | 1.0/1.5 MB | 180/335 kB | 53/240 kB
Progress (5): 615 kB | 1.1/2.7 MB | 1.0/1.5 MB | 180/335 kB | 57/240 kB
Progress (5): 615 kB | 1.1/2.7 MB | 1.0/1.5 MB | 180/335 kB | 61/240 kB
Progress (5): 615 kB | 1.1/2.7 MB | 1.0/1.5 MB | 180/335 kB | 66/240 kB
Progress (5): 615 kB | 1.1/2.7 MB | 1.0/1.5 MB | 180/335 kB | 70/240 kB
Progress (5): 615 kB | 1.1/2.7 MB | 1.0/1.5 MB | 180/335 kB | 74/240 kB
Progress (5): 615 kB | 1.1/2.7 MB | 1.0/1.5 MB | 180/335 kB | 78/240 kB

Downloaded from central: https://repo.maven.apache.org/maven2/org/apache/commons/commons-compress/1.19/commons-compress-1.19.jar (615 kB at 3.8 MB/s)
Downloading from central: https://repo.maven.apache.org/maven2/org/apache/maven/shared/maven-common-artifact-filters/3.1.0/maven-common-artifact-filters-3.1.0.jar
Progress (4): 1.1/2.7 MB | 1.0/1.5 MB | 180/335 kB | 78/240 kB
Progress (4): 1.1/2.7 MB | 1.0/1.5 MB | 180/335 kB | 78/240 kB
Progress (4): 1.1/2.7 MB | 1.0/1.5 MB | 180/335 kB | 78/240 kB
Progress (4): 1.1/2.7 MB | 1.0/1.5 MB | 180/335 kB | 82/240 kB
Progress (4): 1.1/2.7 MB | 1.1/1.5 MB | 180/335 kB | 82/240 kB
Progress (4): 1.1/2.7 MB | 1.1/1.5 MB | 180/335 kB | 86/240 kB
Progress (4): 1.1/2.7 MB | 1.1/1.5 MB | 180/335 kB | 86/240 kB
Progress (4): 1.1/2.7 MB | 1.1/1.5 MB | 180/335 kB | 86/240 kB
Progress (4): 1.1/2.7 MB | 1.1/1.5 MB | 180/335 kB | 86/240 kB
Progress (4): 1.1/2.7 MB | 1.1/1.5 MB | 180/335 kB | 86/240 kB
Progress (4): 1.1/2.7 MB | 1.1/1.5 MB | 180/335 kB | 86/240 kB
Progress (4): 1.1/2.7 MB | 1.1/1.5 MB | 180/335 kB | 86/240 kB
Progress (4): 1.1/2.7 MB | 1.1/1.5 MB | 180/335 kB | 86/240 kB
Progress (4): 1.1/2.7 MB | 1.1/1.5 MB | 180/335 kB | 86/240 kB
Progress (4): 1.1/2.7 MB | 1.1/1.5 MB | 184/335 kB | 86/240 kB
Progress (4): 1.1/2.7 MB | 1.1/1.5 MB | 188/335 kB | 86/240 kB
Progress (4): 1.1/2.7 MB | 1.1/1.5 MB | 193/335 kB | 86/240 kB
Progress (4): 1.1/2.7 MB | 1.1/1.5 MB | 197/335 kB | 86/240 kB
Progress (4): 1.1/2.7 MB | 1.1/1.5 MB | 201/335 kB | 86/240 kB
Progress (4): 1.1/2.7 MB | 1.1/1.5 MB | 205/335 kB | 86/240 kB
Progress (5): 1.1/2.7 MB | 1.1/1.5 MB | 205/335 kB | 86/240 kB | 4.1/61 kB
Progress (5): 1.1/2.7 MB | 1.1/1.5 MB | 205/335 kB | 86/240 kB | 8.2/61 kB
Progress (5): 1.1/2.7 MB | 1.1/1.5 MB | 205/335 kB | 86/240 kB | 8.2/61 kB
Progress (5): 1.1/2.7 MB | 1.1/1.5 MB | 205/335 kB | 86/240 kB | 8.2/61 kB
Progress (5): 1.1/2.7 MB | 1.1/1.5 MB | 205/335 kB | 86/240 kB | 8.2/61 kB
Progress (5): 1.1/2.7 MB | 1.2/1.5 MB | 205/335 kB | 86/240 kB | 8.2/61 kB
Progress (5): 1.1/2.7 MB | 1.2/1.5 MB | 205/335 kB | 86/240 kB | 8.2/61 kB
Progress (5): 1.1/2.7 MB | 1.2/1.5 MB | 205/335 kB | 86/240 kB | 8.2/61 kB
Progress (5): 1.1/2.7 MB | 1.2/1.5 MB | 205/335 kB | 86/240 kB | 8.2/61 kB
Progress (5): 1.1/2.7 MB | 1.2/1.5 MB | 205/335 kB | 86/240 kB | 8.2/61 kB
Progress (5): 1.1/2.7 MB | 1.2/1.5 MB | 205/335 kB | 86/240 kB | 8.2/61 kB
Progress (5): 1.1/2.7 MB | 1.2/1.5 MB | 205/335 kB | 86/240 kB | 8.2/61 kB
Progress (5): 1.1/2.7 MB | 1.2/1.5 MB | 205/335 kB | 86/240 kB | 8.2/61 kB
Progress (5): 1.1/2.7 MB | 1.2/1.5 MB | 205/335 kB | 86/240 kB | 8.2/61 kB
Progress (5): 1.1/2.7 MB | 1.2/1.5 MB | 205/335 kB | 86/240 kB | 8.2/61 kB
Progress (5): 1.1/2.7 MB | 1.2/1.5 MB | 205/335 kB | 86/240 kB | 8.2/61 kB
Progress (5): 1.1/2.7 MB | 1.2/1.5 MB | 205/335 kB | 86/240 kB | 8.2/61 kB
Progress (5): 1.1/2.7 MB | 1.2/1.5 MB | 205/335 kB | 86/240 kB | 8.2/61 kB
Progress (5): 1.1/2.7 MB | 1.3/1.5 MB | 205/335 kB | 86/240 kB | 8.2/61 kB
Progress (5): 1.1/2.7 MB | 1.3/1.5 MB | 205/335 kB | 86/240 kB | 8.2/61 kB
Progress (5): 1.1/2.7 MB | 1.3/1.5 MB | 205/335 kB | 86/240 kB | 8.2/61 kB
Progress (5): 1.1/2.7 MB | 1.3/1.5 MB | 205/335 kB | 86/240 kB | 8.2/61 kB
Progress (5): 1.1/2.7 MB | 1.3/1.5 MB | 205/335 kB | 86/240 kB | 8.2/61 kB
Progress (5): 1.1/2.7 MB | 1.3/1.5 MB | 205/335 kB | 86/240 kB | 8.2/61 kB
Progress (5): 1.1/2.7 MB | 1.3/1.5 MB | 205/335 kB | 90/240 kB | 8.2/61 kB
Progress (5): 1.1/2.7 MB | 1.3/1.5 MB | 205/335 kB | 94/240 kB | 8.2/61 kB
Progress (5): 1.1/2.7 MB | 1.3/1.5 MB | 205/335 kB | 98/240 kB | 8.2/61 kB
Progress (5): 1.1/2.7 MB | 1.3/1.5 MB | 205/335 kB | 98/240 kB | 8.2/61 kB
Progress (5): 1.1/2.7 MB | 1.3/1.5 MB | 205/335 kB | 102/240 kB | 8.2/61 kB
Progress (5): 1.1/2.7 MB | 1.3/1.5 MB | 205/335 kB | 106/240 kB | 8.2/61 kB
Progress (5): 1.1/2.7 MB | 1.3/1.5 MB | 205/335 kB | 111/240 kB | 8.2/61 kB
Progress (5): 1.1/2.7 MB | 1.3/1.5 MB | 205/335 kB | 115/240 kB | 8.2/61 kB
Progress (5): 1.2/2.7 MB | 1.3/1.5 MB | 205/335 kB | 115/240 kB | 8.2/61 kB
Progress (5): 1.2/2.7 MB | 1.3/1.5 MB | 205/335 kB | 119/240 kB | 8.2/61 kB
Progress (5): 1.2/2.7 MB | 1.3/1.5 MB | 205/335 kB | 123/240 kB | 8.2/61 kB
Progress (5): 1.2/2.7 MB | 1.3/1.5 MB | 205/335 kB | 127/240 kB | 8.2/61 kB
Progress (5): 1.2/2.7 MB | 1.3/1.5 MB | 205/335 kB | 131/240 kB | 8.2/61 kB
Progress (5): 1.2/2.7 MB | 1.3/1.5 MB | 205/335 kB | 131/240 kB | 8.2/61 kB
Progress (5): 1.2/2.7 MB | 1.3/1.5 MB | 205/335 kB | 135/240 kB | 8.2/61 kB
Progress (5): 1.2/2.7 MB | 1.3/1.5 MB | 205/335 kB | 139/240 kB | 8.2/61 kB
Progress (5): 1.2/2.7 MB | 1.3/1.5 MB | 205/335 kB | 143/240 kB | 8.2/61 kB
Progress (5): 1.2/2.7 MB | 1.3/1.5 MB | 205/335 kB | 143/240 kB | 8.2/61 kB
Progress (5): 1.2/2.7 MB | 1.3/1.5 MB | 205/335 kB | 143/240 kB | 12/61 kB
Progress (5): 1.2/2.7 MB | 1.3/1.5 MB | 205/335 kB | 143/240 kB | 16/61 kB
Progress (5): 1.2/2.7 MB | 1.3/1.5 MB | 205/335 kB | 143/240 kB | 20/61 kB
Progress (5): 1.2/2.7 MB | 1.3/1.5 MB | 205/335 kB | 143/240 kB | 24/61 kB
Progress (5): 1.2/2.7 MB | 1.3/1.5 MB | 205/335 kB | 143/240 kB | 28/61 kB
Progress (5): 1.2/2.7 MB | 1.3/1.5 MB | 205/335 kB | 143/240 kB | 32/61 kB
Progress (5): 1.2/2.7 MB | 1.3/1.5 MB | 205/335 kB | 143/240 kB | 36/61 kB
Progress (5): 1.2/2.7 MB | 1.3/1.5 MB | 205/335 kB | 143/240 kB | 40/61 kB
Progress (5): 1.2/2.7 MB | 1.3/1.5 MB | 205/335 kB | 143/240 kB | 45/61 kB
Progress (5): 1.2/2.7 MB | 1.3/1.5 MB | 205/335 kB | 143/240 kB | 49/61 kB
Progress (5): 1.2/2.7 MB | 1.3/1.5 MB | 205/335 kB | 143/240 kB | 53/61 kB
Progress (5): 1.2/2.7 MB | 1.3/1.5 MB | 205/335 kB | 143/240 kB | 57/61 kB
Progress (5): 1.2/2.7 MB | 1.3/1.5 MB | 205/335 kB | 143/240 kB | 61/61 kB
Progress (5): 1.2/2.7 MB | 1.3/1.5 MB | 205/335 kB | 143/240 kB | 61 kB
Progress (5): 1.2/2.7 MB | 1.3/1.5 MB | 209/335 kB | 143/240 kB | 61 kB
Progress (5): 1.2/2.7 MB | 1.3/1.5 MB | 209/335 kB | 147/240 kB | 61 kB
Progress (5): 1.2/2.7 MB | 1.3/1.5 MB | 209/335 kB | 152/240 kB | 61 kB
Progress (5): 1.2/2.7 MB | 1.3/1.5 MB | 209/335 kB | 156/240 kB | 61 kB
Progress (5): 1.2/2.7 MB | 1.3/1.5 MB | 209/335 kB | 160/240 kB | 61 kB
Progress (5): 1.2/2.7 MB | 1.3/1.5 MB | 209/335 kB | 164/240 kB | 61 kB
Progress (5): 1.2/2.7 MB | 1.3/1.5 MB | 209/335 kB | 164/240 kB | 61 kB
Progress (5): 1.2/2.7 MB | 1.3/1.5 MB | 209/335 kB | 168/240 kB | 61 kB
Progress (5): 1.2/2.7 MB | 1.3/1.5 MB | 209/335 kB | 172/240 kB | 61 kB
Progress (5): 1.2/2.7 MB | 1.3/1.5 MB | 209/335 kB | 176/240 kB | 61 kB
Progress (5): 1.2/2.7 MB | 1.3/1.5 MB | 209/335 kB | 180/240 kB | 61 kB
Progress (5): 1.2/2.7 MB | 1.3/1.5 MB | 209/335 kB | 180/240 kB | 61 kB
Progress (5): 1.2/2.7 MB | 1.3/1.5 MB | 209/335 kB | 184/240 kB | 61 kB
Progress (5): 1.2/2.7 MB | 1.3/1.5 MB | 209/335 kB | 188/240 kB | 61 kB
Progress (5): 1.2/2.7 MB | 1.3/1.5 MB | 209/335 kB | 193/240 kB | 61 kB
Progress (5): 1.2/2.7 MB | 1.3/1.5 MB | 209/335 kB | 197/240 kB | 61 kB
Progress (5): 1.2/2.7 MB | 1.3/1.5 MB | 209/335 kB | 197/240 kB | 61 kB
Progress (5): 1.2/2.7 MB | 1.3/1.5 MB | 209/335 kB | 201/240 kB | 61 kB
Progress (5): 1.2/2.7 MB | 1.3/1.5 MB | 209/335 kB | 205/240 kB | 61 kB
Progress (5): 1.2/2.7 MB | 1.3/1.5 MB | 209/335 kB | 209/240 kB | 61 kB
Progress (5): 1.2/2.7 MB | 1.3/1.5 MB | 209/335 kB | 209/240 kB | 61 kB
Progress (5): 1.2/2.7 MB | 1.3/1.5 MB | 213/335 kB | 209/240 kB | 61 kB
Progress (5): 1.2/2.7 MB | 1.3/1.5 MB | 213/335 kB | 209/240 kB | 61 kB
Progress (5): 1.2/2.7 MB | 1.3/1.5 MB | 217/335 kB | 209/240 kB | 61 kB
Progress (5): 1.2/2.7 MB | 1.3/1.5 MB | 221/335 kB | 209/240 kB | 61 kB
Progress (5): 1.2/2.7 MB | 1.3/1.5 MB | 221/335 kB | 209/240 kB | 61 kB
Progress (5): 1.2/2.7 MB | 1.3/1.5 MB | 221/335 kB | 213/240 kB | 61 kB
Progress (5): 1.2/2.7 MB | 1.3/1.5 MB | 221/335 kB | 213/240 kB | 61 kB
Progress (5): 1.2/2.7 MB | 1.3/1.5 MB | 221/335 kB | 217/240 kB | 61 kB
Progress (5): 1.2/2.7 MB | 1.3/1.5 MB | 221/335 kB | 221/240 kB | 61 kB
Progress (5): 1.2/2.7 MB | 1.3/1.5 MB | 221/335 kB | 225/240 kB | 61 kB
Progress (5): 1.2/2.7 MB | 1.3/1.5 MB | 221/335 kB | 229/240 kB | 61 kB
Progress (5): 1.2/2.7 MB | 1.3/1.5 MB | 221/335 kB | 233/240 kB | 61 kB
Progress (5): 1.2/2.7 MB | 1.3/1.5 MB | 221/335 kB | 238/240 kB | 61 kB
Progress (5): 1.2/2.7 MB | 1.3/1.5 MB | 221/335 kB | 240 kB | 61 kB
Progress (5): 1.2/2.7 MB | 1.3/1.5 MB | 225/335 kB | 240 kB | 61 kB
Progress (5): 1.2/2.7 MB | 1.3/1.5 MB | 225/335 kB | 240 kB | 61 kB

Downloaded from central: https://repo.maven.apache.org/maven2/org/apache/maven/shared/maven-common-artifact-filters/3.1.0/maven-common-artifact-filters-3.1.0.jar (61 kB at 348 kB/s)
Downloading from central: https://repo.maven.apache.org/maven2/org/apache/maven/shared/maven-shared-utils/3.1.0/maven-shared-utils-3.1.0.jar
Progress (4): 1.2/2.7 MB | 1.3/1.5 MB | 225/335 kB | 240 kB
Progress (4): 1.2/2.7 MB | 1.3/1.5 MB | 229/335 kB | 240 kB
Progress (4): 1.2/2.7 MB | 1.3/1.5 MB | 229/335 kB | 240 kB
Progress (4): 1.2/2.7 MB | 1.3/1.5 MB | 233/335 kB | 240 kB
Progress (4): 1.2/2.7 MB | 1.3/1.5 MB | 233/335 kB | 240 kB
Progress (4): 1.2/2.7 MB | 1.3/1.5 MB | 238/335 kB | 240 kB
Progress (4): 1.2/2.7 MB | 1.3/1.5 MB | 242/335 kB | 240 kB
Progress (4): 1.2/2.7 MB | 1.3/1.5 MB | 246/335 kB | 240 kB
Progress (4): 1.2/2.7 MB | 1.3/1.5 MB | 250/335 kB | 240 kB
Progress (4): 1.2/2.7 MB | 1.3/1.5 MB | 254/335 kB | 240 kB
Progress (4): 1.2/2.7 MB | 1.4/1.5 MB | 254/335 kB | 240 kB
Progress (4): 1.2/2.7 MB | 1.4/1.5 MB | 258/335 kB | 240 kB
Progress (4): 1.2/2.7 MB | 1.4/1.5 MB | 262/335 kB | 240 kB
Progress (4): 1.2/2.7 MB | 1.4/1.5 MB | 262/335 kB | 240 kB
Progress (4): 1.2/2.7 MB | 1.4/1.5 MB | 262/335 kB | 240 kB
Progress (4): 1.2/2.7 MB | 1.4/1.5 MB | 266/335 kB | 240 kB
Progress (4): 1.2/2.7 MB | 1.4/1.5 MB | 270/335 kB | 240 kB
Progress (4): 1.3/2.7 MB | 1.4/1.5 MB | 270/335 kB | 240 kB
Progress (5): 1.3/2.7 MB | 1.4/1.5 MB | 270/335 kB | 240 kB | 4.1/164 kB
Progress (5): 1.3/2.7 MB | 1.4/1.5 MB | 270/335 kB | 240 kB | 8.2/164 kB
Progress (5): 1.3/2.7 MB | 1.4/1.5 MB | 270/335 kB | 240 kB | 12/164 kB
Progress (5): 1.3/2.7 MB | 1.4/1.5 MB | 270/335 kB | 240 kB | 16/164 kB
Progress (5): 1.3/2.7 MB | 1.4/1.5 MB | 270/335 kB | 240 kB | 16/164 kB
Progress (5): 1.3/2.7 MB | 1.4/1.5 MB | 270/335 kB | 240 kB | 20/164 kB
Progress (5): 1.3/2.7 MB | 1.4/1.5 MB | 270/335 kB | 240 kB | 25/164 kB
Progress (5): 1.3/2.7 MB | 1.4/1.5 MB | 270/335 kB | 240 kB | 29/164 kB
Progress (5): 1.3/2.7 MB | 1.4/1.5 MB | 274/335 kB | 240 kB | 29/164 kB
Progress (5): 1.3/2.7 MB | 1.4/1.5 MB | 274/335 kB | 240 kB | 29/164 kB
Progress (5): 1.3/2.7 MB | 1.4/1.5 MB | 279/335 kB | 240 kB | 29/164 kB
Progress (5): 1.3/2.7 MB | 1.4/1.5 MB | 283/335 kB | 240 kB | 29/164 kB

Downloaded from central: https://repo.maven.apache.org/maven2/org/springframework/boot/spring-boot-loader-tools/2.3.2.RELEASE/spring-boot-loader-tools-2.3.2.RELEASE.jar (240 kB at 1.3 MB/s)
Downloading from central: https://repo.maven.apache.org/maven2/org/apache/maven/maven-plugin-api/3.6.3/maven-plugin-api-3.6.3.jar
Progress (4): 1.3/2.7 MB | 1.4/1.5 MB | 287/335 kB | 29/164 kB
Progress (4): 1.3/2.7 MB | 1.4/1.5 MB | 291/335 kB | 29/164 kB
Progress (4): 1.3/2.7 MB | 1.4/1.5 MB | 291/335 kB | 33/164 kB
Progress (4): 1.3/2.7 MB | 1.4/1.5 MB | 295/335 kB | 33/164 kB
Progress (4): 1.3/2.7 MB | 1.4/1.5 MB | 299/335 kB | 33/164 kB
Progress (4): 1.3/2.7 MB | 1.4/1.5 MB | 303/335 kB | 33/164 kB
Progress (4): 1.3/2.7 MB | 1.4/1.5 MB | 303/335 kB | 37/164 kB
Progress (4): 1.3/2.7 MB | 1.4/1.5 MB | 303/335 kB | 41/164 kB
Progress (4): 1.3/2.7 MB | 1.4/1.5 MB | 303/335 kB | 45/164 kB
Progress (4): 1.3/2.7 MB | 1.4/1.5 MB | 307/335 kB | 45/164 kB
Progress (4): 1.3/2.7 MB | 1.4/1.5 MB | 307/335 kB | 49/164 kB
Progress (4): 1.3/2.7 MB | 1.4/1.5 MB | 311/335 kB | 49/164 kB
Progress (4): 1.3/2.7 MB | 1.4/1.5 MB | 315/335 kB | 49/164 kB
Progress (4): 1.3/2.7 MB | 1.4/1.5 MB | 319/335 kB | 49/164 kB
Progress (4): 1.3/2.7 MB | 1.4/1.5 MB | 324/335 kB | 49/164 kB
Progress (4): 1.3/2.7 MB | 1.4/1.5 MB | 328/335 kB | 49/164 kB
Progress (4): 1.3/2.7 MB | 1.4/1.5 MB | 332/335 kB | 49/164 kB
Progress (4): 1.3/2.7 MB | 1.4/1.5 MB | 335 kB | 49/164 kB
Progress (5): 1.3/2.7 MB | 1.4/1.5 MB | 335 kB | 49/164 kB | 4.1/47 kB
Progress (5): 1.3/2.7 MB | 1.4/1.5 MB | 335 kB | 49/164 kB | 8.2/47 kB
Progress (5): 1.3/2.7 MB | 1.4/1.5 MB | 335 kB | 49/164 kB | 12/47 kB
Progress (5): 1.3/2.7 MB | 1.4/1.5 MB | 335 kB | 49/164 kB | 16/47 kB
Progress (5): 1.3/2.7 MB | 1.4/1.5 MB | 335 kB | 49/164 kB | 16/47 kB
Progress (5): 1.3/2.7 MB | 1.4/1.5 MB | 335 kB | 53/164 kB | 16/47 kB
Progress (5): 1.3/2.7 MB | 1.4/1.5 MB | 335 kB | 53/164 kB | 16/47 kB
Progress (5): 1.3/2.7 MB | 1.4/1.5 MB | 335 kB | 53/164 kB | 20/47 kB
Progress (5): 1.3/2.7 MB | 1.4/1.5 MB | 335 kB | 53/164 kB | 20/47 kB
Progress (5): 1.3/2.7 MB | 1.4/1.5 MB | 335 kB | 57/164 kB | 20/47 kB
Progress (5): 1.3/2.7 MB | 1.4/1.5 MB | 335 kB | 61/164 kB | 20/47 kB
Progress (5): 1.3/2.7 MB | 1.4/1.5 MB | 335 kB | 66/164 kB | 20/47 kB
Progress (5): 1.3/2.7 MB | 1.4/1.5 MB | 335 kB | 66/164 kB | 20/47 kB
Progress (5): 1.3/2.7 MB | 1.4/1.5 MB | 335 kB | 66/164 kB | 20/47 kB
Progress (5): 1.3/2.7 MB | 1.4/1.5 MB | 335 kB | 70/164 kB | 20/47 kB
Progress (5): 1.3/2.7 MB | 1.4/1.5 MB | 335 kB | 70/164 kB | 20/47 kB
Progress (5): 1.3/2.7 MB | 1.4/1.5 MB | 335 kB | 70/164 kB | 24/47 kB
Progress (5): 1.3/2.7 MB | 1.4/1.5 MB | 335 kB | 70/164 kB | 28/47 kB
Progress (5): 1.3/2.7 MB | 1.4/1.5 MB | 335 kB | 70/164 kB | 32/47 kB
Progress (5): 1.3/2.7 MB | 1.4/1.5 MB | 335 kB | 70/164 kB | 32/47 kB
Progress (5): 1.3/2.7 MB | 1.4/1.5 MB | 335 kB | 74/164 kB | 32/47 kB

Downloaded from central: https://repo.maven.apache.org/maven2/commons-codec/commons-codec/1.11/commons-codec-1.11.jar (335 kB at 1.8 MB/s)
Progress (4): 1.3/2.7 MB | 1.4/1.5 MB | 78/164 kB | 32/47 kB
Progress (4): 1.3/2.7 MB | 1.4/1.5 MB | 78/164 kB | 32/47 kB
Progress (4): 1.3/2.7 MB | 1.4/1.5 MB | 78/164 kB | 36/47 kB
Progress (4): 1.3/2.7 MB | 1.4/1.5 MB | 78/164 kB | 36/47 kB
Progress (4): 1.3/2.7 MB | 1.4/1.5 MB | 82/164 kB | 36/47 kB

Downloading from central: https://repo.maven.apache.org/maven2/org/eclipse/sisu/org.eclipse.sisu.plexus/0.3.4/org.eclipse.sisu.plexus-0.3.4.jar
Progress (4): 1.3/2.7 MB | 1.4/1.5 MB | 86/164 kB | 36/47 kB
Progress (4): 1.3/2.7 MB | 1.4/1.5 MB | 90/164 kB | 36/47 kB
Progress (4): 1.3/2.7 MB | 1.4/1.5 MB | 94/164 kB | 36/47 kB
Progress (4): 1.3/2.7 MB | 1.4/1.5 MB | 98/164 kB | 36/47 kB
Progress (4): 1.3/2.7 MB | 1.4/1.5 MB | 102/164 kB | 36/47 kB
Progress (4): 1.3/2.7 MB | 1.4/1.5 MB | 106/164 kB | 36/47 kB
Progress (4): 1.3/2.7 MB | 1.4/1.5 MB | 111/164 kB | 36/47 kB
Progress (4): 1.3/2.7 MB | 1.4/1.5 MB | 115/164 kB | 36/47 kB
Progress (4): 1.3/2.7 MB | 1.4/1.5 MB | 115/164 kB | 40/47 kB
Progress (4): 1.3/2.7 MB | 1.4/1.5 MB | 115/164 kB | 45/47 kB
Progress (4): 1.3/2.7 MB | 1.4/1.5 MB | 115/164 kB | 45/47 kB
Progress (4): 1.3/2.7 MB | 1.4/1.5 MB | 119/164 kB | 45/47 kB
Progress (4): 1.3/2.7 MB | 1.4/1.5 MB | 119/164 kB | 45/47 kB
Progress (4): 1.3/2.7 MB | 1.4/1.5 MB | 119/164 kB | 47 kB
Progress (4): 1.3/2.7 MB | 1.4/1.5 MB | 119/164 kB | 47 kB
Progress (4): 1.3/2.7 MB | 1.4/1.5 MB | 123/164 kB | 47 kB
Progress (4): 1.3/2.7 MB | 1.5/1.5 MB | 123/164 kB | 47 kB
Progress (4): 1.4/2.7 MB | 1.5/1.5 MB | 123/164 kB | 47 kB
Progress (5): 1.4/2.7 MB | 1.5/1.5 MB | 123/164 kB | 47 kB | 4.1/205 kB
Progress (5): 1.4/2.7 MB | 1.5/1.5 MB | 123/164 kB | 47 kB | 8.2/205 kB
Progress (5): 1.4/2.7 MB | 1.5/1.5 MB | 123/164 kB | 47 kB | 12/205 kB
Progress (5): 1.4/2.7 MB | 1.5/1.5 MB | 123/164 kB | 47 kB | 16/205 kB
Progress (5): 1.4/2.7 MB | 1.5/1.5 MB | 123/164 kB | 47 kB | 20/205 kB
Progress (5): 1.4/2.7 MB | 1.5/1.5 MB | 123/164 kB | 47 kB | 25/205 kB
Progress (5): 1.4/2.7 MB | 1.5/1.5 MB | 123/164 kB | 47 kB | 29/205 kB

Downloaded from central: https://repo.maven.apache.org/maven2/org/apache/maven/maven-plugin-api/3.6.3/maven-plugin-api-3.6.3.jar (47 kB at 245 kB/s)
Downloading from central: https://repo.maven.apache.org/maven2/javax/enterprise/cdi-api/1.0/cdi-api-1.0.jar
Progress (4): 1.4/2.7 MB | 1.5/1.5 MB | 123/164 kB | 29/205 kB
Progress (4): 1.4/2.7 MB | 1.5/1.5 MB | 127/164 kB | 29/205 kB
Progress (4): 1.4/2.7 MB | 1.5/1.5 MB | 127/164 kB | 29/205 kB
Progress (4): 1.4/2.7 MB | 1.5/1.5 MB | 127/164 kB | 29/205 kB
Progress (4): 1.4/2.7 MB | 1.5/1.5 MB | 127/164 kB | 29/205 kB
Progress (4): 1.4/2.7 MB | 1.5/1.5 MB | 127/164 kB | 29/205 kB
Progress (4): 1.4/2.7 MB | 1.5/1.5 MB | 127/164 kB | 29/205 kB
Progress (4): 1.4/2.7 MB | 1.5/1.5 MB | 127/164 kB | 29/205 kB
Progress (4): 1.4/2.7 MB | 1.5/1.5 MB | 127/164 kB | 33/205 kB
Progress (4): 1.4/2.7 MB | 1.5/1.5 MB | 127/164 kB | 37/205 kB
Progress (4): 1.4/2.7 MB | 1.5/1.5 MB | 127/164 kB | 41/205 kB
Progress (4): 1.4/2.7 MB | 1.5/1.5 MB | 127/164 kB | 45/205 kB
Progress (4): 1.4/2.7 MB | 1.5/1.5 MB | 127/164 kB | 49/205 kB
Progress (4): 1.4/2.7 MB | 1.5/1.5 MB | 127/164 kB | 53/205 kB
Progress (4): 1.4/2.7 MB | 1.5/1.5 MB | 127/164 kB | 57/205 kB
Progress (4): 1.4/2.7 MB | 1.5/1.5 MB | 127/164 kB | 61/205 kB
Progress (4): 1.4/2.7 MB | 1.5/1.5 MB | 127/164 kB | 66/205 kB
Progress (4): 1.4/2.7 MB | 1.5/1.5 MB | 127/164 kB | 70/205 kB
Progress (4): 1.4/2.7 MB | 1.5/1.5 MB | 127/164 kB | 74/205 kB
Progress (4): 1.4/2.7 MB | 1.5/1.5 MB | 127/164 kB | 78/205 kB
Progress (4): 1.4/2.7 MB | 1.5/1.5 MB | 127/164 kB | 82/205 kB
Progress (4): 1.4/2.7 MB | 1.5/1.5 MB | 127/164 kB | 86/205 kB
Progress (4): 1.4/2.7 MB | 1.5/1.5 MB | 127/164 kB | 90/205 kB
Progress (4): 1.4/2.7 MB | 1.5/1.5 MB | 127/164 kB | 94/205 kB
Progress (4): 1.4/2.7 MB | 1.5/1.5 MB | 127/164 kB | 98/205 kB
Progress (4): 1.4/2.7 MB | 1.5/1.5 MB | 127/164 kB | 102/205 kB
Progress (4): 1.4/2.7 MB | 1.5/1.5 MB | 127/164 kB | 106/205 kB
Progress (4): 1.4/2.7 MB | 1.5/1.5 MB | 127/164 kB | 111/205 kB
Progress (4): 1.4/2.7 MB | 1.5/1.5 MB | 127/164 kB | 115/205 kB
Progress (4): 1.4/2.7 MB | 1.5/1.5 MB | 127/164 kB | 119/205 kB
Progress (4): 1.4/2.7 MB | 1.5/1.5 MB | 127/164 kB | 123/205 kB
Progress (4): 1.4/2.7 MB | 1.5/1.5 MB | 127/164 kB | 127/205 kB
Progress (4): 1.4/2.7 MB | 1.5/1.5 MB | 127/164 kB | 131/205 kB
Progress (5): 1.4/2.7 MB | 1.5/1.5 MB | 127/164 kB | 131/205 kB | 4.1/45 kB
Progress (5): 1.4/2.7 MB | 1.5/1.5 MB | 127/164 kB | 131/205 kB | 4.1/45 kB
Progress (5): 1.4/2.7 MB | 1.5/1.5 MB | 127/164 kB | 131/205 kB | 8.2/45 kB
Progress (5): 1.4/2.7 MB | 1.5/1.5 MB | 127/164 kB | 131/205 kB | 12/45 kB
Progress (5): 1.4/2.7 MB | 1.5/1.5 MB | 127/164 kB | 131/205 kB | 16/45 kB
Progress (5): 1.4/2.7 MB | 1.5/1.5 MB | 127/164 kB | 131/205 kB | 16/45 kB
Progress (5): 1.4/2.7 MB | 1.5/1.5 MB | 131/164 kB | 131/205 kB | 16/45 kB
Progress (5): 1.4/2.7 MB | 1.5/1.5 MB | 135/164 kB | 131/205 kB | 16/45 kB
Progress (5): 1.4/2.7 MB | 1.5/1.5 MB | 139/164 kB | 131/205 kB | 16/45 kB
Progress (5): 1.4/2.7 MB | 1.5/1.5 MB | 143/164 kB | 131/205 kB | 16/45 kB
Progress (5): 1.4/2.7 MB | 1.5/1.5 MB | 147/164 kB | 131/205 kB | 16/45 kB
Progress (5): 1.4/2.7 MB | 1.5/1.5 MB | 152/164 kB | 131/205 kB | 16/45 kB
Progress (5): 1.4/2.7 MB | 1.5/1.5 MB | 156/164 kB | 131/205 kB | 16/45 kB
Progress (5): 1.4/2.7 MB | 1.5/1.5 MB | 160/164 kB | 131/205 kB | 16/45 kB
Progress (5): 1.4/2.7 MB | 1.5/1.5 MB | 164 kB | 131/205 kB | 16/45 kB
Progress (5): 1.4/2.7 MB | 1.5/1.5 MB | 164 kB | 131/205 kB | 20/45 kB
Progress (5): 1.4/2.7 MB | 1.5/1.5 MB | 164 kB | 131/205 kB | 24/45 kB
Progress (5): 1.4/2.7 MB | 1.5 MB | 164 kB | 131/205 kB | 24/45 kB
Progress (5): 1.4/2.7 MB | 1.5 MB | 164 kB | 131/205 kB | 28/45 kB
Progress (5): 1.4/2.7 MB | 1.5 MB | 164 kB | 131/205 kB | 32/45 kB
Progress (5): 1.4/2.7 MB | 1.5 MB | 164 kB | 131/205 kB | 36/45 kB
Progress (5): 1.4/2.7 MB | 1.5 MB | 164 kB | 131/205 kB | 40/45 kB
Progress (5): 1.4/2.7 MB | 1.5 MB | 164 kB | 131/205 kB | 45/45 kB
Progress (5): 1.4/2.7 MB | 1.5 MB | 164 kB | 135/205 kB | 45/45 kB
Progress (5): 1.4/2.7 MB | 1.5 MB | 164 kB | 139/205 kB | 45/45 kB
Progress (5): 1.4/2.7 MB | 1.5 MB | 164 kB | 143/205 kB | 45/45 kB
Progress (5): 1.4/2.7 MB | 1.5 MB | 164 kB | 143/205 kB | 45/45 kB

Downloaded from central: https://repo.maven.apache.org/maven2/org/apache/maven/shared/maven-shared-utils/3.1.0/maven-shared-utils-3.1.0.jar (164 kB at 814 kB/s)
Progress (4): 1.4/2.7 MB | 1.5 MB | 143/205 kB | 45 kB
Progress (4): 1.4/2.7 MB | 1.5 MB | 143/205 kB | 45 kB

Downloading from central: https://repo.maven.apache.org/maven2/javax/annotation/jsr250-api/1.0/jsr250-api-1.0.jar
Progress (4): 1.4/2.7 MB | 1.5 MB | 147/205 kB | 45 kB
Progress (4): 1.4/2.7 MB | 1.5 MB | 152/205 kB | 45 kB
Progress (4): 1.4/2.7 MB | 1.5 MB | 156/205 kB | 45 kB
Progress (4): 1.4/2.7 MB | 1.5 MB | 160/205 kB | 45 kB
Progress (5): 1.4/2.7 MB | 1.5 MB | 160/205 kB | 45 kB | 4.1/5.8 kB

Downloaded from central: https://repo.maven.apache.org/maven2/net/java/dev/jna/jna/5.5.0/jna-5.5.0.jar (1.5 MB at 7.0 MB/s)
Downloading from central: https://repo.maven.apache.org/maven2/org/eclipse/sisu/org.eclipse.sisu.inject/0.3.4/org.eclipse.sisu.inject-0.3.4.jar
Progress (4): 1.5/2.7 MB | 160/205 kB | 45 kB | 4.1/5.8 kB
Progress (4): 1.5/2.7 MB | 160/205 kB | 45 kB | 4.1/5.8 kB
Progress (4): 1.5/2.7 MB | 160/205 kB | 45 kB | 4.1/5.8 kB
Progress (4): 1.5/2.7 MB | 160/205 kB | 45 kB | 4.1/5.8 kB
Progress (4): 1.5/2.7 MB | 160/205 kB | 45 kB | 4.1/5.8 kB
Progress (4): 1.5/2.7 MB | 160/205 kB | 45 kB | 4.1/5.8 kB
Progress (4): 1.6/2.7 MB | 160/205 kB | 45 kB | 4.1/5.8 kB
Progress (4): 1.6/2.7 MB | 160/205 kB | 45 kB | 4.1/5.8 kB
Progress (4): 1.6/2.7 MB | 160/205 kB | 45 kB | 4.1/5.8 kB
Progress (4): 1.6/2.7 MB | 160/205 kB | 45 kB | 4.1/5.8 kB
Progress (4): 1.6/2.7 MB | 160/205 kB | 45 kB | 4.1/5.8 kB
Progress (4): 1.6/2.7 MB | 160/205 kB | 45 kB | 4.1/5.8 kB
Progress (4): 1.7/2.7 MB | 160/205 kB | 45 kB | 4.1/5.8 kB
Progress (4): 1.7/2.7 MB | 160/205 kB | 45 kB | 4.1/5.8 kB
Progress (4): 1.7/2.7 MB | 160/205 kB | 45 kB | 5.8 kB
Progress (4): 1.7/2.7 MB | 164/205 kB | 45 kB | 5.8 kB

Downloaded from central: https://repo.maven.apache.org/maven2/javax/enterprise/cdi-api/1.0/cdi-api-1.0.jar (45 kB at 206 kB/s)
Downloading from central: https://repo.maven.apache.org/maven2/org/codehaus/plexus/plexus-utils/3.2.1/plexus-utils-3.2.1.jar
Progress (3): 1.7/2.7 MB | 168/205 kB | 5.8 kB
Progress (3): 1.7/2.7 MB | 172/205 kB | 5.8 kB
Progress (3): 1.7/2.7 MB | 176/205 kB | 5.8 kB
Progress (3): 1.7/2.7 MB | 180/205 kB | 5.8 kB
Progress (3): 1.7/2.7 MB | 184/205 kB | 5.8 kB
Progress (3): 1.7/2.7 MB | 188/205 kB | 5.8 kB
Progress (3): 1.7/2.7 MB | 193/205 kB | 5.8 kB
Progress (3): 1.7/2.7 MB | 197/205 kB | 5.8 kB
Progress (3): 1.7/2.7 MB | 201/205 kB | 5.8 kB
Progress (3): 1.7/2.7 MB | 205/205 kB | 5.8 kB
Progress (3): 1.7/2.7 MB | 205 kB | 5.8 kB

Downloaded from central: https://repo.maven.apache.org/maven2/javax/annotation/jsr250-api/1.0/jsr250-api-1.0.jar (5.8 kB at 27 kB/s)
Downloading from central: https://repo.maven.apache.org/maven2/org/codehaus/plexus/plexus-classworlds/2.6.0/plexus-classworlds-2.6.0.jar
Progress (3): 1.7/2.7 MB | 205 kB | 4.1/262 kB
Progress (3): 1.7/2.7 MB | 205 kB | 8.2/262 kB
Progress (3): 1.7/2.7 MB | 205 kB | 12/262 kB
Progress (3): 1.7/2.7 MB | 205 kB | 16/262 kB
Progress (3): 1.7/2.7 MB | 205 kB | 20/262 kB
Progress (3): 1.7/2.7 MB | 205 kB | 25/262 kB
Progress (3): 1.7/2.7 MB | 205 kB | 29/262 kB
Progress (3): 1.7/2.7 MB | 205 kB | 33/262 kB
Progress (3): 1.7/2.7 MB | 205 kB | 37/262 kB
Progress (3): 1.7/2.7 MB | 205 kB | 41/262 kB
Progress (3): 1.7/2.7 MB | 205 kB | 45/262 kB
Progress (3): 1.7/2.7 MB | 205 kB | 49/262 kB
Progress (3): 1.7/2.7 MB | 205 kB | 53/262 kB
Progress (3): 1.7/2.7 MB | 205 kB | 57/262 kB
Progress (3): 1.7/2.7 MB | 205 kB | 61/262 kB
Progress (3): 1.7/2.7 MB | 205 kB | 66/262 kB
Progress (3): 1.7/2.7 MB | 205 kB | 70/262 kB
Progress (3): 1.7/2.7 MB | 205 kB | 74/262 kB
Progress (3): 1.7/2.7 MB | 205 kB | 78/262 kB
Progress (3): 1.7/2.7 MB | 205 kB | 82/262 kB
Progress (3): 1.7/2.7 MB | 205 kB | 86/262 kB
Progress (3): 1.7/2.7 MB | 205 kB | 90/262 kB
Progress (3): 1.7/2.7 MB | 205 kB | 94/262 kB
Progress (3): 1.7/2.7 MB | 205 kB | 98/262 kB
Progress (3): 1.7/2.7 MB | 205 kB | 102/262 kB
Progress (3): 1.7/2.7 MB | 205 kB | 106/262 kB
Progress (3): 1.7/2.7 MB | 205 kB | 111/262 kB
Progress (3): 1.7/2.7 MB | 205 kB | 115/262 kB
Progress (3): 1.7/2.7 MB | 205 kB | 119/262 kB
Progress (3): 1.7/2.7 MB | 205 kB | 123/262 kB
Progress (3): 1.7/2.7 MB | 205 kB | 127/262 kB
Progress (3): 1.7/2.7 MB | 205 kB | 131/262 kB
Progress (4): 1.7/2.7 MB | 205 kB | 131/262 kB | 4.1/53 kB
Progress (4): 1.7/2.7 MB | 205 kB | 131/262 kB | 8.2/53 kB
Progress (4): 1.7/2.7 MB | 205 kB | 131/262 kB | 12/53 kB
Progress (4): 1.7/2.7 MB | 205 kB | 131/262 kB | 16/53 kB
Progress (4): 1.7/2.7 MB | 205 kB | 131/262 kB | 20/53 kB
Progress (4): 1.7/2.7 MB | 205 kB | 131/262 kB | 25/53 kB
Progress (4): 1.7/2.7 MB | 205 kB | 131/262 kB | 29/53 kB
Progress (4): 1.7/2.7 MB | 205 kB | 131/262 kB | 33/53 kB
Progress (4): 1.7/2.7 MB | 205 kB | 131/262 kB | 37/53 kB
Progress (4): 1.7/2.7 MB | 205 kB | 131/262 kB | 41/53 kB
Progress (4): 1.7/2.7 MB | 205 kB | 131/262 kB | 45/53 kB
Progress (4): 1.7/2.7 MB | 205 kB | 131/262 kB | 49/53 kB
Progress (4): 1.7/2.7 MB | 205 kB | 131/262 kB | 53 kB

Downloaded from central: https://repo.maven.apache.org/maven2/org/eclipse/sisu/org.eclipse.sisu.plexus/0.3.4/org.eclipse.sisu.plexus-0.3.4.jar (205 kB at 881 kB/s)
Downloaded from central: https://repo.maven.apache.org/maven2/org/codehaus/plexus/plexus-classworlds/2.6.0/plexus-classworlds-2.6.0.jar (53 kB at 227 kB/s)
Progress (2): 1.7/2.7 MB | 135/262 kB
Progress (3): 1.7/2.7 MB | 135/262 kB | 4.1/379 kB
Progress (3): 1.7/2.7 MB | 135/262 kB | 8.2/379 kB
Progress (3): 1.7/2.7 MB | 135/262 kB | 12/379 kB
Progress (3): 1.7/2.7 MB | 135/262 kB | 16/379 kB
Progress (3): 1.7/2.7 MB | 135/262 kB | 20/379 kB
Progress (3): 1.7/2.7 MB | 135/262 kB | 24/379 kB
Progress (3): 1.7/2.7 MB | 135/262 kB | 28/379 kB
Progress (3): 1.7/2.7 MB | 135/262 kB | 32/379 kB
Progress (3): 1.7/2.7 MB | 135/262 kB | 36/379 kB
Progress (3): 1.7/2.7 MB | 135/262 kB | 40/379 kB
Progress (3): 1.7/2.7 MB | 135/262 kB | 45/379 kB
Progress (3): 1.7/2.7 MB | 135/262 kB | 49/379 kB
Progress (3): 1.7/2.7 MB | 135/262 kB | 53/379 kB
Progress (3): 1.7/2.7 MB | 135/262 kB | 57/379 kB
Progress (3): 1.7/2.7 MB | 135/262 kB | 61/379 kB
Progress (3): 1.7/2.7 MB | 135/262 kB | 65/379 kB
Progress (3): 1.7/2.7 MB | 135/262 kB | 69/379 kB
Progress (3): 1.7/2.7 MB | 135/262 kB | 73/379 kB
Progress (3): 1.7/2.7 MB | 135/262 kB | 77/379 kB
Progress (3): 1.7/2.7 MB | 135/262 kB | 81/379 kB
Progress (3): 1.7/2.7 MB | 135/262 kB | 86/379 kB
Progress (3): 1.7/2.7 MB | 135/262 kB | 90/379 kB
Progress (3): 1.7/2.7 MB | 135/262 kB | 94/379 kB
Progress (3): 1.7/2.7 MB | 135/262 kB | 98/379 kB
Progress (3): 1.7/2.7 MB | 135/262 kB | 102/379 kB
Progress (3): 1.7/2.7 MB | 135/262 kB | 106/379 kB
Progress (3): 1.7/2.7 MB | 135/262 kB | 110/379 kB
Progress (3): 1.7/2.7 MB | 135/262 kB | 114/379 kB
Progress (3): 1.7/2.7 MB | 135/262 kB | 118/379 kB
Progress (3): 1.7/2.7 MB | 135/262 kB | 122/379 kB
Progress (3): 1.7/2.7 MB | 135/262 kB | 126/379 kB
Progress (3): 1.7/2.7 MB | 135/262 kB | 131/379 kB
Progress (3): 1.7/2.7 MB | 135/262 kB | 135/379 kB
Progress (3): 1.7/2.7 MB | 135/262 kB | 139/379 kB
Progress (3): 1.7/2.7 MB | 139/262 kB | 139/379 kB
Progress (3): 1.7/2.7 MB | 143/262 kB | 139/379 kB
Progress (3): 1.7/2.7 MB | 147/262 kB | 139/379 kB
Progress (3): 1.7/2.7 MB | 152/262 kB | 139/379 kB
Progress (3): 1.7/2.7 MB | 156/262 kB | 139/379 kB
Progress (3): 1.7/2.7 MB | 160/262 kB | 139/379 kB
Progress (3): 1.7/2.7 MB | 164/262 kB | 139/379 kB
Progress (3): 1.7/2.7 MB | 168/262 kB | 139/379 kB
Progress (3): 1.7/2.7 MB | 172/262 kB | 139/379 kB
Progress (3): 1.7/2.7 MB | 176/262 kB | 139/379 kB
Progress (3): 1.7/2.7 MB | 180/262 kB | 139/379 kB
Progress (3): 1.7/2.7 MB | 184/262 kB | 139/379 kB
Progress (3): 1.7/2.7 MB | 188/262 kB | 139/379 kB
Progress (3): 1.7/2.7 MB | 193/262 kB | 139/379 kB
Progress (3): 1.7/2.7 MB | 197/262 kB | 139/379 kB
Progress (3): 1.7/2.7 MB | 201/262 kB | 139/379 kB
Progress (3): 1.7/2.7 MB | 205/262 kB | 139/379 kB
Progress (3): 1.7/2.7 MB | 209/262 kB | 139/379 kB
Progress (3): 1.7/2.7 MB | 213/262 kB | 139/379 kB
Progress (3): 1.7/2.7 MB | 217/262 kB | 139/379 kB
Progress (3): 1.7/2.7 MB | 221/262 kB | 139/379 kB
Progress (3): 1.7/2.7 MB | 225/262 kB | 139/379 kB
Progress (3): 1.7/2.7 MB | 229/262 kB | 139/379 kB
Progress (3): 1.7/2.7 MB | 233/262 kB | 139/379 kB
Progress (3): 1.7/2.7 MB | 233/262 kB | 143/379 kB
Progress (3): 1.7/2.7 MB | 233/262 kB | 147/379 kB
Progress (3): 1.7/2.7 MB | 233/262 kB | 151/379 kB
Progress (3): 1.7/2.7 MB | 233/262 kB | 155/379 kB
Progress (3): 1.7/2.7 MB | 233/262 kB | 155/379 kB
Progress (3): 1.7/2.7 MB | 238/262 kB | 155/379 kB
Progress (3): 1.7/2.7 MB | 242/262 kB | 155/379 kB
Progress (3): 1.7/2.7 MB | 246/262 kB | 155/379 kB
Progress (3): 1.7/2.7 MB | 246/262 kB | 155/379 kB
Progress (3): 1.7/2.7 MB | 250/262 kB | 155/379 kB
Progress (3): 1.7/2.7 MB | 254/262 kB | 155/379 kB
Progress (3): 1.7/2.7 MB | 258/262 kB | 155/379 kB
Progress (3): 1.7/2.7 MB | 262 kB | 155/379 kB
Progress (3): 1.7/2.7 MB | 262 kB | 155/379 kB
Progress (3): 1.7/2.7 MB | 262 kB | 155/379 kB
Progress (3): 1.8/2.7 MB | 262 kB | 155/379 kB
Progress (3): 1.8/2.7 MB | 262 kB | 155/379 kB
Progress (3): 1.8/2.7 MB | 262 kB | 155/379 kB
Progress (3): 1.8/2.7 MB | 262 kB | 155/379 kB
Progress (3): 1.8/2.7 MB | 262 kB | 155/379 kB

Downloaded from central: https://repo.maven.apache.org/maven2/org/codehaus/plexus/plexus-utils/3.2.1/plexus-utils-3.2.1.jar (262 kB at 1.1 MB/s)
Progress (2): 1.8/2.7 MB | 155/379 kB
Progress (2): 1.9/2.7 MB | 155/379 kB
Progress (2): 1.9/2.7 MB | 159/379 kB
Progress (2): 1.9/2.7 MB | 163/379 kB
Progress (2): 1.9/2.7 MB | 167/379 kB
Progress (2): 1.9/2.7 MB | 172/379 kB
Progress (2): 1.9/2.7 MB | 176/379 kB
Progress (2): 1.9/2.7 MB | 180/379 kB
Progress (2): 1.9/2.7 MB | 184/379 kB
Progress (2): 1.9/2.7 MB | 188/379 kB
Progress (2): 1.9/2.7 MB | 192/379 kB
Progress (2): 1.9/2.7 MB | 196/379 kB
Progress (2): 1.9/2.7 MB | 200/379 kB
Progress (2): 1.9/2.7 MB | 204/379 kB
Progress (2): 1.9/2.7 MB | 208/379 kB
Progress (2): 1.9/2.7 MB | 212/379 kB
Progress (2): 1.9/2.7 MB | 217/379 kB
Progress (2): 1.9/2.7 MB | 221/379 kB
Progress (2): 1.9/2.7 MB | 225/379 kB
Progress (2): 1.9/2.7 MB | 229/379 kB
Progress (2): 1.9/2.7 MB | 233/379 kB
Progress (2): 1.9/2.7 MB | 237/379 kB
Progress (2): 1.9/2.7 MB | 241/379 kB
Progress (2): 1.9/2.7 MB | 245/379 kB
Progress (2): 1.9/2.7 MB | 249/379 kB
Progress (2): 1.9/2.7 MB | 253/379 kB
Progress (2): 1.9/2.7 MB | 258/379 kB
Progress (2): 1.9/2.7 MB | 262/379 kB
Progress (2): 1.9/2.7 MB | 266/379 kB
Progress (2): 1.9/2.7 MB | 270/379 kB
Progress (2): 1.9/2.7 MB | 274/379 kB
Progress (2): 1.9/2.7 MB | 278/379 kB
Progress (2): 1.9/2.7 MB | 282/379 kB
Progress (2): 1.9/2.7 MB | 286/379 kB
Progress (2): 1.9/2.7 MB | 290/379 kB
Progress (2): 1.9/2.7 MB | 294/379 kB
Progress (2): 1.9/2.7 MB | 299/379 kB
Progress (2): 1.9/2.7 MB | 303/379 kB
Progress (2): 1.9/2.7 MB | 307/379 kB
Progress (2): 1.9/2.7 MB | 311/379 kB
Progress (2): 1.9/2.7 MB | 315/379 kB
Progress (2): 1.9/2.7 MB | 319/379 kB
Progress (2): 1.9/2.7 MB | 323/379 kB
Progress (2): 1.9/2.7 MB | 327/379 kB
Progress (2): 1.9/2.7 MB | 331/379 kB
Progress (2): 1.9/2.7 MB | 335/379 kB
Progress (2): 1.9/2.7 MB | 339/379 kB
Progress (2): 1.9/2.7 MB | 344/379 kB
Progress (2): 1.9/2.7 MB | 348/379 kB
Progress (2): 1.9/2.7 MB | 352/379 kB
Progress (2): 1.9/2.7 MB | 356/379 kB
Progress (2): 1.9/2.7 MB | 360/379 kB
Progress (2): 1.9/2.7 MB | 364/379 kB
Progress (2): 1.9/2.7 MB | 368/379 kB
Progress (2): 1.9/2.7 MB | 372/379 kB
Progress (2): 1.9/2.7 MB | 376/379 kB
Progress (2): 1.9/2.7 MB | 379 kB
Progress (2): 1.9/2.7 MB | 379 kB
Progress (2): 1.9/2.7 MB | 379 kB
Progress (2): 1.9/2.7 MB | 379 kB
Progress (2): 1.9/2.7 MB | 379 kB
Progress (2): 1.9/2.7 MB | 379 kB
Progress (2): 2.0/2.7 MB | 379 kB
Progress (2): 2.0/2.7 MB | 379 kB
Progress (2): 2.0/2.7 MB | 379 kB
Progress (2): 2.0/2.7 MB | 379 kB
Progress (2): 2.0/2.7 MB | 379 kB
Progress (2): 2.0/2.7 MB | 379 kB
Progress (2): 2.1/2.7 MB | 379 kB
Progress (2): 2.1/2.7 MB | 379 kB
Progress (2): 2.1/2.7 MB | 379 kB
Progress (2): 2.1/2.7 MB | 379 kB
Progress (2): 2.1/2.7 MB | 379 kB
Progress (2): 2.1/2.7 MB | 379 kB

Downloaded from central: https://repo.maven.apache.org/maven2/org/eclipse/sisu/org.eclipse.sisu.inject/0.3.4/org.eclipse.sisu.inject-0.3.4.jar (379 kB at 1.5 MB/s)
Progress (1): 2.1/2.7 MB
Progress (1): 2.2/2.7 MB
Progress (1): 2.2/2.7 MB
Progress (1): 2.2/2.7 MB
Progress (1): 2.2/2.7 MB
Progress (1): 2.2/2.7 MB
Progress (1): 2.2/2.7 MB
Progress (1): 2.3/2.7 MB
Progress (1): 2.3/2.7 MB
Progress (1): 2.3/2.7 MB
Progress (1): 2.3/2.7 MB
Progress (1): 2.3/2.7 MB
Progress (1): 2.3/2.7 MB
Progress (1): 2.4/2.7 MB
Progress (1): 2.4/2.7 MB
Progress (1): 2.4/2.7 MB
Progress (1): 2.4/2.7 MB
Progress (1): 2.4/2.7 MB
Progress (1): 2.4/2.7 MB
Progress (1): 2.5/2.7 MB
Progress (1): 2.5/2.7 MB
Progress (1): 2.5/2.7 MB
Progress (1): 2.5/2.7 MB
Progress (1): 2.5/2.7 MB
Progress (1): 2.5/2.7 MB
Progress (1): 2.6/2.7 MB
Progress (1): 2.6/2.7 MB
Progress (1): 2.6/2.7 MB
Progress (1): 2.6/2.7 MB
Progress (1): 2.6/2.7 MB
Progress (1): 2.6/2.7 MB
Progress (1): 2.7/2.7 MB
Progress (1): 2.7/2.7 MB
Progress (1): 2.7 MB

Downloaded from central: https://repo.maven.apache.org/maven2/net/java/dev/jna/jna-platform/5.5.0/jna-platform-5.5.0.jar (2.7 MB at 9.5 MB/s)
[INFO] Replacing main artifact with repackaged archive
[INFO] ------------------------------------------------------------------------
[INFO] BUILD SUCCESS
[INFO] ------------------------------------------------------------------------
[INFO] Total time:  34.560 s
[INFO] Finished at: 2023-12-13T15:30:47Z
[INFO] ------------------------------------------------------------------------
[DeployPublisher][INFO] Attempting to deploy 1 war file(s)
[DeployPublisher][INFO] Deploying /var/jenkins_home/workspace/myFirstJob/ecommerce/target/ecommerce-0.0.1-SNAPSHOT.war to container Tomcat 9.x Remote with context myApp
  [/var/jenkins_home/workspace/myFirstJob/ecommerce/target/ecommerce-0.0.1-SNAPSHOT.war] is not deployed. Doing a fresh deployment.
  Deploying [/var/jenkins_home/workspace/myFirstJob/ecommerce/target/ecommerce-0.0.1-SNAPSHOT.war]
Finished: SUCCESS